ERROR - 2021-07-26 02:02:32 --> Error connecting to the database: No connection could be made because the target machine actively refused it
CRITICAL - 2021-07-26 02:02:32 --> Unable to connect to the database.
Main connection [MySQLi]: No connection could be made because the target machine actively refused it
#0 C:\xampp\htdocs\Project_TA\TA-APP\system\Database\BaseConnection.php(625): CodeIgniter\Database\BaseConnection->initialize()
#1 C:\xampp\htdocs\Project_TA\TA-APP\system\Database\BaseBuilder.php(1881): CodeIgniter\Database\BaseConnection->query('SELECT *\nFROM `...', Array, false)
#2 C:\xampp\htdocs\Project_TA\TA-APP\app\Models\ModelAuth.php(16): CodeIgniter\Database\BaseBuilder->get()
#3 C:\xampp\htdocs\Project_TA\TA-APP\app\Controllers\Auth.php(49): App\Models\ModelAuth->login_user('admin@gmail.com', '1234')
#4 C:\xampp\htdocs\Project_TA\TA-APP\system\CodeIgniter.php(928): App\Controllers\Auth->cek_login_user()
#5 C:\xampp\htdocs\Project_TA\TA-APP\system\CodeIgniter.php(436): CodeIgniter\CodeIgniter->runController(Object(App\Controllers\Auth))
#6 C:\xampp\htdocs\Project_TA\TA-APP\system\CodeIgniter.php(336): CodeIgniter\CodeIgniter->handleRequest(NULL, Object(Config\Cache), false)
#7 C:\xampp\htdocs\Project_TA\TA-APP\public\index.php(37): CodeIgniter\CodeIgniter->run()
#8 C:\xampp\htdocs\Project_TA\TA-APP\system\Commands\Server\rewrite.php(45): require_once('C:\\xampp\\htdocs...')
#9 {main}
ERROR - 2021-07-26 02:03:43 --> Error connecting to the database: No connection could be made because the target machine actively refused it
CRITICAL - 2021-07-26 02:03:43 --> Unable to connect to the database.
Main connection [MySQLi]: No connection could be made because the target machine actively refused it
#0 C:\xampp\htdocs\Project_TA\TA-APP\system\Database\BaseConnection.php(625): CodeIgniter\Database\BaseConnection->initialize()
#1 C:\xampp\htdocs\Project_TA\TA-APP\system\Database\BaseBuilder.php(1881): CodeIgniter\Database\BaseConnection->query('SELECT *\nFROM `...', Array, false)
#2 C:\xampp\htdocs\Project_TA\TA-APP\app\Models\ModelAuth.php(16): CodeIgniter\Database\BaseBuilder->get()
#3 C:\xampp\htdocs\Project_TA\TA-APP\app\Controllers\Auth.php(49): App\Models\ModelAuth->login_user('admin@gmail.com', '1234')
#4 C:\xampp\htdocs\Project_TA\TA-APP\system\CodeIgniter.php(928): App\Controllers\Auth->cek_login_user()
#5 C:\xampp\htdocs\Project_TA\TA-APP\system\CodeIgniter.php(436): CodeIgniter\CodeIgniter->runController(Object(App\Controllers\Auth))
#6 C:\xampp\htdocs\Project_TA\TA-APP\system\CodeIgniter.php(336): CodeIgniter\CodeIgniter->handleRequest(NULL, Object(Config\Cache), false)
#7 C:\xampp\htdocs\Project_TA\TA-APP\public\index.php(37): CodeIgniter\CodeIgniter->run()
#8 C:\xampp\htdocs\Project_TA\TA-APP\system\Commands\Server\rewrite.php(45): require_once('C:\\xampp\\htdocs...')
#9 {main}
ERROR - 2021-07-26 02:04:15 --> Error connecting to the database: No connection could be made because the target machine actively refused it
CRITICAL - 2021-07-26 02:04:15 --> Unable to connect to the database.
Main connection [MySQLi]: No connection could be made because the target machine actively refused it
#0 C:\xampp\htdocs\Project_TA\TA-APP\system\Database\BaseConnection.php(625): CodeIgniter\Database\BaseConnection->initialize()
#1 C:\xampp\htdocs\Project_TA\TA-APP\system\Database\BaseBuilder.php(1881): CodeIgniter\Database\BaseConnection->query('SELECT *\nFROM `...', Array, false)
#2 C:\xampp\htdocs\Project_TA\TA-APP\app\Models\ModelAuth.php(16): CodeIgniter\Database\BaseBuilder->get()
#3 C:\xampp\htdocs\Project_TA\TA-APP\app\Controllers\Auth.php(49): App\Models\ModelAuth->login_user('admin@gmail.com', '1234')
#4 C:\xampp\htdocs\Project_TA\TA-APP\system\CodeIgniter.php(928): App\Controllers\Auth->cek_login_user()
#5 C:\xampp\htdocs\Project_TA\TA-APP\system\CodeIgniter.php(436): CodeIgniter\CodeIgniter->runController(Object(App\Controllers\Auth))
#6 C:\xampp\htdocs\Project_TA\TA-APP\system\CodeIgniter.php(336): CodeIgniter\CodeIgniter->handleRequest(NULL, Object(Config\Cache), false)
#7 C:\xampp\htdocs\Project_TA\TA-APP\public\index.php(37): CodeIgniter\CodeIgniter->run()
#8 C:\xampp\htdocs\Project_TA\TA-APP\system\Commands\Server\rewrite.php(45): require_once('C:\\xampp\\htdocs...')
#9 {main}
ERROR - 2021-07-26 02:05:18 --> Error connecting to the database: No connection could be made because the target machine actively refused it
CRITICAL - 2021-07-26 02:05:18 --> Unable to connect to the database.
Main connection [MySQLi]: No connection could be made because the target machine actively refused it
#0 C:\xampp\htdocs\Project_TA\TA-APP\system\Database\BaseConnection.php(625): CodeIgniter\Database\BaseConnection->initialize()
#1 C:\xampp\htdocs\Project_TA\TA-APP\system\Database\BaseBuilder.php(1881): CodeIgniter\Database\BaseConnection->query('SELECT *\nFROM `...', Array, false)
#2 C:\xampp\htdocs\Project_TA\TA-APP\app\Models\ModelAuth.php(16): CodeIgniter\Database\BaseBuilder->get()
#3 C:\xampp\htdocs\Project_TA\TA-APP\app\Controllers\Auth.php(49): App\Models\ModelAuth->login_user('admin@gmail.com', '1234')
#4 C:\xampp\htdocs\Project_TA\TA-APP\system\CodeIgniter.php(928): App\Controllers\Auth->cek_login_user()
#5 C:\xampp\htdocs\Project_TA\TA-APP\system\CodeIgniter.php(436): CodeIgniter\CodeIgniter->runController(Object(App\Controllers\Auth))
#6 C:\xampp\htdocs\Project_TA\TA-APP\system\CodeIgniter.php(336): CodeIgniter\CodeIgniter->handleRequest(NULL, Object(Config\Cache), false)
#7 C:\xampp\htdocs\Project_TA\TA-APP\public\index.php(37): CodeIgniter\CodeIgniter->run()
#8 C:\xampp\htdocs\Project_TA\TA-APP\system\Commands\Server\rewrite.php(45): require_once('C:\\xampp\\htdocs...')
#9 {main}
CRITICAL - 2021-07-26 02:06:32 --> Undefined variable $title
#0 C:\xampp\htdocs\Project_TA\TA-APP\app\Views\templat\template_backend.php(11): CodeIgniter\Debug\Exceptions->errorHandler(2, 'Undefined varia...', 'C:\\xampp\\htdocs...', 11)
#1 C:\xampp\htdocs\Project_TA\TA-APP\system\View\View.php(230): include('C:\\xampp\\htdocs...')
#2 C:\xampp\htdocs\Project_TA\TA-APP\system\View\View.php(232): CodeIgniter\View\View->CodeIgniter\View\{closure}()
#3 C:\xampp\htdocs\Project_TA\TA-APP\system\View\View.php(246): CodeIgniter\View\View->render('templat/templat...', Array, true)
#4 C:\xampp\htdocs\Project_TA\TA-APP\system\Common.php(1271): CodeIgniter\View\View->render('admin/v_dashboa...', Array, true)
#5 C:\xampp\htdocs\Project_TA\TA-APP\app\Controllers\Admin.php(11): view('admin/v_dashboa...')
#6 C:\xampp\htdocs\Project_TA\TA-APP\system\CodeIgniter.php(928): App\Controllers\Admin->index()
#7 C:\xampp\htdocs\Project_TA\TA-APP\system\CodeIgniter.php(436): CodeIgniter\CodeIgniter->runController(Object(App\Controllers\Admin))
#8 C:\xampp\htdocs\Project_TA\TA-APP\system\CodeIgniter.php(336): CodeIgniter\CodeIgniter->handleRequest(NULL, Object(Config\Cache), false)
#9 C:\xampp\htdocs\Project_TA\TA-APP\public\index.php(37): CodeIgniter\CodeIgniter->run()
#10 C:\xampp\htdocs\Project_TA\TA-APP\system\Commands\Server\rewrite.php(45): require_once('C:\\xampp\\htdocs...')
#11 {main}
CRITICAL - 2021-07-26 02:08:03 --> Undefined variable $title
#0 C:\xampp\htdocs\Project_TA\TA-APP\app\Views\templat\template_backend.php(11): CodeIgniter\Debug\Exceptions->errorHandler(2, 'Undefined varia...', 'C:\\xampp\\htdocs...', 11)
#1 C:\xampp\htdocs\Project_TA\TA-APP\system\View\View.php(230): include('C:\\xampp\\htdocs...')
#2 C:\xampp\htdocs\Project_TA\TA-APP\system\View\View.php(232): CodeIgniter\View\View->CodeIgniter\View\{closure}()
#3 C:\xampp\htdocs\Project_TA\TA-APP\system\View\View.php(246): CodeIgniter\View\View->render('templat/templat...', Array, true)
#4 C:\xampp\htdocs\Project_TA\TA-APP\system\Common.php(1271): CodeIgniter\View\View->render('admin/v_dashboa...', Array, true)
#5 C:\xampp\htdocs\Project_TA\TA-APP\app\Controllers\Admin.php(11): view('admin/v_dashboa...')
#6 C:\xampp\htdocs\Project_TA\TA-APP\system\CodeIgniter.php(928): App\Controllers\Admin->index()
#7 C:\xampp\htdocs\Project_TA\TA-APP\system\CodeIgniter.php(436): CodeIgniter\CodeIgniter->runController(Object(App\Controllers\Admin))
#8 C:\xampp\htdocs\Project_TA\TA-APP\system\CodeIgniter.php(336): CodeIgniter\CodeIgniter->handleRequest(NULL, Object(Config\Cache), false)
#9 C:\xampp\htdocs\Project_TA\TA-APP\public\index.php(37): CodeIgniter\CodeIgniter->run()
#10 C:\xampp\htdocs\Project_TA\TA-APP\system\Commands\Server\rewrite.php(45): require_once('C:\\xampp\\htdocs...')
#11 {main}
CRITICAL - 2021-07-26 02:09:22 --> Undefined variable $subtitle
#0 C:\xampp\htdocs\Project_TA\TA-APP\app\Views\templat\template_backend.php(109): CodeIgniter\Debug\Exceptions->errorHandler(2, 'Undefined varia...', 'C:\\xampp\\htdocs...', 109)
#1 C:\xampp\htdocs\Project_TA\TA-APP\system\View\View.php(230): include('C:\\xampp\\htdocs...')
#2 C:\xampp\htdocs\Project_TA\TA-APP\system\View\View.php(232): CodeIgniter\View\View->CodeIgniter\View\{closure}()
#3 C:\xampp\htdocs\Project_TA\TA-APP\system\View\View.php(246): CodeIgniter\View\View->render('templat/templat...', Array, true)
#4 C:\xampp\htdocs\Project_TA\TA-APP\system\Common.php(1271): CodeIgniter\View\View->render('admin/v_dashboa...', Array, true)
#5 C:\xampp\htdocs\Project_TA\TA-APP\app\Controllers\Admin.php(11): view('admin/v_dashboa...')
#6 C:\xampp\htdocs\Project_TA\TA-APP\system\CodeIgniter.php(928): App\Controllers\Admin->index()
#7 C:\xampp\htdocs\Project_TA\TA-APP\system\CodeIgniter.php(436): CodeIgniter\CodeIgniter->runController(Object(App\Controllers\Admin))
#8 C:\xampp\htdocs\Project_TA\TA-APP\system\CodeIgniter.php(336): CodeIgniter\CodeIgniter->handleRequest(NULL, Object(Config\Cache), false)
#9 C:\xampp\htdocs\Project_TA\TA-APP\public\index.php(37): CodeIgniter\CodeIgniter->run()
#10 C:\xampp\htdocs\Project_TA\TA-APP\system\Commands\Server\rewrite.php(45): require_once('C:\\xampp\\htdocs...')
#11 {main}
CRITICAL - 2021-07-26 02:23:35 --> Undefined variable $title
#0 C:\xampp\htdocs\Project_TA\TA-APP\app\Views\templat\template_backend.php(11): CodeIgniter\Debug\Exceptions->errorHandler(2, 'Undefined varia...', 'C:\\xampp\\htdocs...', 11)
#1 C:\xampp\htdocs\Project_TA\TA-APP\system\View\View.php(230): include('C:\\xampp\\htdocs...')
#2 C:\xampp\htdocs\Project_TA\TA-APP\system\View\View.php(232): CodeIgniter\View\View->CodeIgniter\View\{closure}()
#3 C:\xampp\htdocs\Project_TA\TA-APP\system\View\View.php(246): CodeIgniter\View\View->render('templat/templat...', Array, true)
#4 C:\xampp\htdocs\Project_TA\TA-APP\system\Common.php(1271): CodeIgniter\View\View->render('admin/v_dashboa...', Array, true)
#5 C:\xampp\htdocs\Project_TA\TA-APP\app\Controllers\Admin.php(11): view('admin/v_dashboa...')
#6 C:\xampp\htdocs\Project_TA\TA-APP\system\CodeIgniter.php(928): App\Controllers\Admin->index()
#7 C:\xampp\htdocs\Project_TA\TA-APP\system\CodeIgniter.php(436): CodeIgniter\CodeIgniter->runController(Object(App\Controllers\Admin))
#8 C:\xampp\htdocs\Project_TA\TA-APP\system\CodeIgniter.php(336): CodeIgniter\CodeIgniter->handleRequest(NULL, Object(Config\Cache), false)
#9 C:\xampp\htdocs\Project_TA\TA-APP\public\index.php(37): CodeIgniter\CodeIgniter->run()
#10 C:\xampp\htdocs\Project_TA\TA-APP\system\Commands\Server\rewrite.php(45): require_once('C:\\xampp\\htdocs...')
#11 {main}
CRITICAL - 2021-07-26 02:23:54 --> Undefined variable $title
#0 C:\xampp\htdocs\Project_TA\TA-APP\app\Views\templat\template_backend.php(11): CodeIgniter\Debug\Exceptions->errorHandler(2, 'Undefined varia...', 'C:\\xampp\\htdocs...', 11)
#1 C:\xampp\htdocs\Project_TA\TA-APP\system\View\View.php(230): include('C:\\xampp\\htdocs...')
#2 C:\xampp\htdocs\Project_TA\TA-APP\system\View\View.php(232): CodeIgniter\View\View->CodeIgniter\View\{closure}()
#3 C:\xampp\htdocs\Project_TA\TA-APP\system\View\View.php(246): CodeIgniter\View\View->render('templat/templat...', Array, true)
#4 C:\xampp\htdocs\Project_TA\TA-APP\system\Common.php(1271): CodeIgniter\View\View->render('admin/v_dashboa...', Array, true)
#5 C:\xampp\htdocs\Project_TA\TA-APP\app\Controllers\Admin.php(11): view('admin/v_dashboa...')
#6 C:\xampp\htdocs\Project_TA\TA-APP\system\CodeIgniter.php(928): App\Controllers\Admin->index()
#7 C:\xampp\htdocs\Project_TA\TA-APP\system\CodeIgniter.php(436): CodeIgniter\CodeIgniter->runController(Object(App\Controllers\Admin))
#8 C:\xampp\htdocs\Project_TA\TA-APP\system\CodeIgniter.php(336): CodeIgniter\CodeIgniter->handleRequest(NULL, Object(Config\Cache), false)
#9 C:\xampp\htdocs\Project_TA\TA-APP\public\index.php(37): CodeIgniter\CodeIgniter->run()
#10 C:\xampp\htdocs\Project_TA\TA-APP\system\Commands\Server\rewrite.php(45): require_once('C:\\xampp\\htdocs...')
#11 {main}
CRITICAL - 2021-07-26 02:24:09 --> Undefined variable $title
#0 C:\xampp\htdocs\Project_TA\TA-APP\app\Views\templat\template_backend.php(11): CodeIgniter\Debug\Exceptions->errorHandler(2, 'Undefined varia...', 'C:\\xampp\\htdocs...', 11)
#1 C:\xampp\htdocs\Project_TA\TA-APP\system\View\View.php(230): include('C:\\xampp\\htdocs...')
#2 C:\xampp\htdocs\Project_TA\TA-APP\system\View\View.php(232): CodeIgniter\View\View->CodeIgniter\View\{closure}()
#3 C:\xampp\htdocs\Project_TA\TA-APP\system\View\View.php(246): CodeIgniter\View\View->render('templat/templat...', Array, true)
#4 C:\xampp\htdocs\Project_TA\TA-APP\system\Common.php(1271): CodeIgniter\View\View->render('admin/v_dashboa...', Array, true)
#5 C:\xampp\htdocs\Project_TA\TA-APP\app\Controllers\Admin.php(11): view('admin/v_dashboa...')
#6 C:\xampp\htdocs\Project_TA\TA-APP\system\CodeIgniter.php(928): App\Controllers\Admin->index()
#7 C:\xampp\htdocs\Project_TA\TA-APP\system\CodeIgniter.php(436): CodeIgniter\CodeIgniter->runController(Object(App\Controllers\Admin))
#8 C:\xampp\htdocs\Project_TA\TA-APP\system\CodeIgniter.php(336): CodeIgniter\CodeIgniter->handleRequest(NULL, Object(Config\Cache), false)
#9 C:\xampp\htdocs\Project_TA\TA-APP\public\index.php(37): CodeIgniter\CodeIgniter->run()
#10 C:\xampp\htdocs\Project_TA\TA-APP\system\Commands\Server\rewrite.php(45): require_once('C:\\xampp\\htdocs...')
#11 {main}
CRITICAL - 2021-07-26 02:24:23 --> Undefined variable $title
#0 C:\xampp\htdocs\Project_TA\TA-APP\app\Views\templat\template_backend.php(11): CodeIgniter\Debug\Exceptions->errorHandler(2, 'Undefined varia...', 'C:\\xampp\\htdocs...', 11)
#1 C:\xampp\htdocs\Project_TA\TA-APP\system\View\View.php(230): include('C:\\xampp\\htdocs...')
#2 C:\xampp\htdocs\Project_TA\TA-APP\system\View\View.php(232): CodeIgniter\View\View->CodeIgniter\View\{closure}()
#3 C:\xampp\htdocs\Project_TA\TA-APP\system\View\View.php(246): CodeIgniter\View\View->render('templat/templat...', Array, true)
#4 C:\xampp\htdocs\Project_TA\TA-APP\system\Common.php(1271): CodeIgniter\View\View->render('admin/v_dashboa...', Array, true)
#5 C:\xampp\htdocs\Project_TA\TA-APP\app\Controllers\Admin.php(11): view('admin/v_dashboa...')
#6 C:\xampp\htdocs\Project_TA\TA-APP\system\CodeIgniter.php(928): App\Controllers\Admin->index()
#7 C:\xampp\htdocs\Project_TA\TA-APP\system\CodeIgniter.php(436): CodeIgniter\CodeIgniter->runController(Object(App\Controllers\Admin))
#8 C:\xampp\htdocs\Project_TA\TA-APP\system\CodeIgniter.php(336): CodeIgniter\CodeIgniter->handleRequest(NULL, Object(Config\Cache), false)
#9 C:\xampp\htdocs\Project_TA\TA-APP\public\index.php(37): CodeIgniter\CodeIgniter->run()
#10 C:\xampp\htdocs\Project_TA\TA-APP\system\Commands\Server\rewrite.php(45): require_once('C:\\xampp\\htdocs...')
#11 {main}
CRITICAL - 2021-07-26 02:24:25 --> Undefined variable $title
#0 C:\xampp\htdocs\Project_TA\TA-APP\app\Views\templat\template_backend.php(11): CodeIgniter\Debug\Exceptions->errorHandler(2, 'Undefined varia...', 'C:\\xampp\\htdocs...', 11)
#1 C:\xampp\htdocs\Project_TA\TA-APP\system\View\View.php(230): include('C:\\xampp\\htdocs...')
#2 C:\xampp\htdocs\Project_TA\TA-APP\system\View\View.php(232): CodeIgniter\View\View->CodeIgniter\View\{closure}()
#3 C:\xampp\htdocs\Project_TA\TA-APP\system\View\View.php(246): CodeIgniter\View\View->render('templat/templat...', Array, true)
#4 C:\xampp\htdocs\Project_TA\TA-APP\system\Common.php(1271): CodeIgniter\View\View->render('admin/v_dashboa...', Array, true)
#5 C:\xampp\htdocs\Project_TA\TA-APP\app\Controllers\Admin.php(11): view('admin/v_dashboa...')
#6 C:\xampp\htdocs\Project_TA\TA-APP\system\CodeIgniter.php(928): App\Controllers\Admin->index()
#7 C:\xampp\htdocs\Project_TA\TA-APP\system\CodeIgniter.php(436): CodeIgniter\CodeIgniter->runController(Object(App\Controllers\Admin))
#8 C:\xampp\htdocs\Project_TA\TA-APP\system\CodeIgniter.php(336): CodeIgniter\CodeIgniter->handleRequest(NULL, Object(Config\Cache), false)
#9 C:\xampp\htdocs\Project_TA\TA-APP\public\index.php(37): CodeIgniter\CodeIgniter->run()
#10 C:\xampp\htdocs\Project_TA\TA-APP\system\Commands\Server\rewrite.php(45): require_once('C:\\xampp\\htdocs...')
#11 {main}
CRITICAL - 2021-07-26 02:24:32 --> Undefined variable $title
#0 C:\xampp\htdocs\Project_TA\TA-APP\app\Views\templat\template_backend.php(11): CodeIgniter\Debug\Exceptions->errorHandler(2, 'Undefined varia...', 'C:\\xampp\\htdocs...', 11)
#1 C:\xampp\htdocs\Project_TA\TA-APP\system\View\View.php(230): include('C:\\xampp\\htdocs...')
#2 C:\xampp\htdocs\Project_TA\TA-APP\system\View\View.php(232): CodeIgniter\View\View->CodeIgniter\View\{closure}()
#3 C:\xampp\htdocs\Project_TA\TA-APP\system\View\View.php(246): CodeIgniter\View\View->render('templat/templat...', Array, true)
#4 C:\xampp\htdocs\Project_TA\TA-APP\system\Common.php(1271): CodeIgniter\View\View->render('admin/v_dashboa...', Array, true)
#5 C:\xampp\htdocs\Project_TA\TA-APP\app\Controllers\Admin.php(11): view('admin/v_dashboa...')
#6 C:\xampp\htdocs\Project_TA\TA-APP\system\CodeIgniter.php(928): App\Controllers\Admin->index()
#7 C:\xampp\htdocs\Project_TA\TA-APP\system\CodeIgniter.php(436): CodeIgniter\CodeIgniter->runController(Object(App\Controllers\Admin))
#8 C:\xampp\htdocs\Project_TA\TA-APP\system\CodeIgniter.php(336): CodeIgniter\CodeIgniter->handleRequest(NULL, Object(Config\Cache), false)
#9 C:\xampp\htdocs\Project_TA\TA-APP\public\index.php(37): CodeIgniter\CodeIgniter->run()
#10 C:\xampp\htdocs\Project_TA\TA-APP\system\Commands\Server\rewrite.php(45): require_once('C:\\xampp\\htdocs...')
#11 {main}
CRITICAL - 2021-07-26 02:24:36 --> Undefined variable $title
#0 C:\xampp\htdocs\Project_TA\TA-APP\app\Views\templat\template_backend.php(11): CodeIgniter\Debug\Exceptions->errorHandler(2, 'Undefined varia...', 'C:\\xampp\\htdocs...', 11)
#1 C:\xampp\htdocs\Project_TA\TA-APP\system\View\View.php(230): include('C:\\xampp\\htdocs...')
#2 C:\xampp\htdocs\Project_TA\TA-APP\system\View\View.php(232): CodeIgniter\View\View->CodeIgniter\View\{closure}()
#3 C:\xampp\htdocs\Project_TA\TA-APP\system\View\View.php(246): CodeIgniter\View\View->render('templat/templat...', Array, true)
#4 C:\xampp\htdocs\Project_TA\TA-APP\system\Common.php(1271): CodeIgniter\View\View->render('admin/v_dashboa...', Array, true)
#5 C:\xampp\htdocs\Project_TA\TA-APP\app\Controllers\Admin.php(11): view('admin/v_dashboa...')
#6 C:\xampp\htdocs\Project_TA\TA-APP\system\CodeIgniter.php(928): App\Controllers\Admin->index()
#7 C:\xampp\htdocs\Project_TA\TA-APP\system\CodeIgniter.php(436): CodeIgniter\CodeIgniter->runController(Object(App\Controllers\Admin))
#8 C:\xampp\htdocs\Project_TA\TA-APP\system\CodeIgniter.php(336): CodeIgniter\CodeIgniter->handleRequest(NULL, Object(Config\Cache), false)
#9 C:\xampp\htdocs\Project_TA\TA-APP\public\index.php(37): CodeIgniter\CodeIgniter->run()
#10 C:\xampp\htdocs\Project_TA\TA-APP\system\Commands\Server\rewrite.php(45): require_once('C:\\xampp\\htdocs...')
#11 {main}
CRITICAL - 2021-07-26 02:25:22 --> Undefined variable $title
#0 C:\xampp\htdocs\Project_TA\TA-APP\app\Views\templat\template_backend.php(11): CodeIgniter\Debug\Exceptions->errorHandler(2, 'Undefined varia...', 'C:\\xampp\\htdocs...', 11)
#1 C:\xampp\htdocs\Project_TA\TA-APP\system\View\View.php(230): include('C:\\xampp\\htdocs...')
#2 C:\xampp\htdocs\Project_TA\TA-APP\system\View\View.php(232): CodeIgniter\View\View->CodeIgniter\View\{closure}()
#3 C:\xampp\htdocs\Project_TA\TA-APP\system\View\View.php(246): CodeIgniter\View\View->render('templat/templat...', Array, true)
#4 C:\xampp\htdocs\Project_TA\TA-APP\system\Common.php(1271): CodeIgniter\View\View->render('admin/v_dashboa...', Array, true)
#5 C:\xampp\htdocs\Project_TA\TA-APP\app\Controllers\Admin.php(11): view('admin/v_dashboa...')
#6 C:\xampp\htdocs\Project_TA\TA-APP\system\CodeIgniter.php(928): App\Controllers\Admin->index()
#7 C:\xampp\htdocs\Project_TA\TA-APP\system\CodeIgniter.php(436): CodeIgniter\CodeIgniter->runController(Object(App\Controllers\Admin))
#8 C:\xampp\htdocs\Project_TA\TA-APP\system\CodeIgniter.php(336): CodeIgniter\CodeIgniter->handleRequest(NULL, Object(Config\Cache), false)
#9 C:\xampp\htdocs\Project_TA\TA-APP\public\index.php(37): CodeIgniter\CodeIgniter->run()
#10 C:\xampp\htdocs\Project_TA\TA-APP\system\Commands\Server\rewrite.php(45): require_once('C:\\xampp\\htdocs...')
#11 {main}
CRITICAL - 2021-07-26 02:26:29 --> Call to undefined function form_open()
#0 C:\xampp\htdocs\Project_TA\TA-APP\system\View\View.php(230): include()
#1 C:\xampp\htdocs\Project_TA\TA-APP\system\View\View.php(232): CodeIgniter\View\View->CodeIgniter\View\{closure}()
#2 C:\xampp\htdocs\Project_TA\TA-APP\system\Common.php(1271): CodeIgniter\View\View->render('admin/v_pekerja...', Array, true)
#3 C:\xampp\htdocs\Project_TA\TA-APP\app\Controllers\Pekerjaan.php(23): view('admin/v_pekerja...', Array)
#4 C:\xampp\htdocs\Project_TA\TA-APP\system\CodeIgniter.php(928): App\Controllers\Pekerjaan->index()
#5 C:\xampp\htdocs\Project_TA\TA-APP\system\CodeIgniter.php(436): CodeIgniter\CodeIgniter->runController(Object(App\Controllers\Pekerjaan))
#6 C:\xampp\htdocs\Project_TA\TA-APP\system\CodeIgniter.php(336): CodeIgniter\CodeIgniter->handleRequest(NULL, Object(Config\Cache), false)
#7 C:\xampp\htdocs\Project_TA\TA-APP\public\index.php(37): CodeIgniter\CodeIgniter->run()
#8 C:\xampp\htdocs\Project_TA\TA-APP\system\Commands\Server\rewrite.php(45): require_once('C:\\xampp\\htdocs...')
#9 {main}
CRITICAL - 2021-07-26 04:36:36 --> Undefined variable $title
#0 C:\xampp\htdocs\Project_TA\TA-APP\app\Views\templat\template_backend.php(11): CodeIgniter\Debug\Exceptions->errorHandler(2, 'Undefined varia...', 'C:\\xampp\\htdocs...', 11)
#1 C:\xampp\htdocs\Project_TA\TA-APP\system\View\View.php(230): include('C:\\xampp\\htdocs...')
#2 C:\xampp\htdocs\Project_TA\TA-APP\system\View\View.php(232): CodeIgniter\View\View->CodeIgniter\View\{closure}()
#3 C:\xampp\htdocs\Project_TA\TA-APP\system\View\View.php(246): CodeIgniter\View\View->render('templat/templat...', Array, true)
#4 C:\xampp\htdocs\Project_TA\TA-APP\system\Common.php(1271): CodeIgniter\View\View->render('admin/v_dashboa...', Array, true)
#5 C:\xampp\htdocs\Project_TA\TA-APP\app\Controllers\Admin.php(11): view('admin/v_dashboa...')
#6 C:\xampp\htdocs\Project_TA\TA-APP\system\CodeIgniter.php(928): App\Controllers\Admin->index()
#7 C:\xampp\htdocs\Project_TA\TA-APP\system\CodeIgniter.php(436): CodeIgniter\CodeIgniter->runController(Object(App\Controllers\Admin))
#8 C:\xampp\htdocs\Project_TA\TA-APP\system\CodeIgniter.php(336): CodeIgniter\CodeIgniter->handleRequest(NULL, Object(Config\Cache), false)
#9 C:\xampp\htdocs\Project_TA\TA-APP\public\index.php(37): CodeIgniter\CodeIgniter->run()
#10 C:\xampp\htdocs\Project_TA\TA-APP\system\Commands\Server\rewrite.php(45): require_once('C:\\xampp\\htdocs...')
#11 {main}
CRITICAL - 2021-07-26 04:38:16 --> Undefined variable $title
#0 C:\xampp\htdocs\Project_TA\TA-APP\app\Views\templat\template_backend.php(11): CodeIgniter\Debug\Exceptions->errorHandler(2, 'Undefined varia...', 'C:\\xampp\\htdocs...', 11)
#1 C:\xampp\htdocs\Project_TA\TA-APP\system\View\View.php(230): include('C:\\xampp\\htdocs...')
#2 C:\xampp\htdocs\Project_TA\TA-APP\system\View\View.php(232): CodeIgniter\View\View->CodeIgniter\View\{closure}()
#3 C:\xampp\htdocs\Project_TA\TA-APP\system\View\View.php(246): CodeIgniter\View\View->render('templat/templat...', Array, true)
#4 C:\xampp\htdocs\Project_TA\TA-APP\system\Common.php(1271): CodeIgniter\View\View->render('admin/v_dashboa...', Array, true)
#5 C:\xampp\htdocs\Project_TA\TA-APP\app\Controllers\Admin.php(11): view('admin/v_dashboa...')
#6 C:\xampp\htdocs\Project_TA\TA-APP\system\CodeIgniter.php(928): App\Controllers\Admin->index()
#7 C:\xampp\htdocs\Project_TA\TA-APP\system\CodeIgniter.php(436): CodeIgniter\CodeIgniter->runController(Object(App\Controllers\Admin))
#8 C:\xampp\htdocs\Project_TA\TA-APP\system\CodeIgniter.php(336): CodeIgniter\CodeIgniter->handleRequest(NULL, Object(Config\Cache), false)
#9 C:\xampp\htdocs\Project_TA\TA-APP\public\index.php(37): CodeIgniter\CodeIgniter->run()
#10 C:\xampp\htdocs\Project_TA\TA-APP\system\Commands\Server\rewrite.php(45): require_once('C:\\xampp\\htdocs...')
#11 {main}
CRITICAL - 2021-07-26 04:39:07 --> Undefined variable $subtitle
#0 C:\xampp\htdocs\Project_TA\TA-APP\app\Views\templat\template_backend.php(109): CodeIgniter\Debug\Exceptions->errorHandler(2, 'Undefined varia...', 'C:\\xampp\\htdocs...', 109)
#1 C:\xampp\htdocs\Project_TA\TA-APP\system\View\View.php(230): include('C:\\xampp\\htdocs...')
#2 C:\xampp\htdocs\Project_TA\TA-APP\system\View\View.php(232): CodeIgniter\View\View->CodeIgniter\View\{closure}()
#3 C:\xampp\htdocs\Project_TA\TA-APP\system\View\View.php(246): CodeIgniter\View\View->render('templat/templat...', Array, true)
#4 C:\xampp\htdocs\Project_TA\TA-APP\system\Common.php(1271): CodeIgniter\View\View->render('admin/v_dashboa...', Array, true)
#5 C:\xampp\htdocs\Project_TA\TA-APP\app\Controllers\Admin.php(11): view('admin/v_dashboa...')
#6 C:\xampp\htdocs\Project_TA\TA-APP\system\CodeIgniter.php(928): App\Controllers\Admin->index()
#7 C:\xampp\htdocs\Project_TA\TA-APP\system\CodeIgniter.php(436): CodeIgniter\CodeIgniter->runController(Object(App\Controllers\Admin))
#8 C:\xampp\htdocs\Project_TA\TA-APP\system\CodeIgniter.php(336): CodeIgniter\CodeIgniter->handleRequest(NULL, Object(Config\Cache), false)
#9 C:\xampp\htdocs\Project_TA\TA-APP\public\index.php(37): CodeIgniter\CodeIgniter->run()
#10 C:\xampp\htdocs\Project_TA\TA-APP\system\Commands\Server\rewrite.php(45): require_once('C:\\xampp\\htdocs...')
#11 {main}
CRITICAL - 2021-07-26 04:40:26 --> Undefined variable $title
#0 C:\xampp\htdocs\Project_TA\TA-APP\app\Views\templat\template_backend.php(11): CodeIgniter\Debug\Exceptions->errorHandler(2, 'Undefined varia...', 'C:\\xampp\\htdocs...', 11)
#1 C:\xampp\htdocs\Project_TA\TA-APP\system\View\View.php(230): include('C:\\xampp\\htdocs...')
#2 C:\xampp\htdocs\Project_TA\TA-APP\system\View\View.php(232): CodeIgniter\View\View->CodeIgniter\View\{closure}()
#3 C:\xampp\htdocs\Project_TA\TA-APP\system\View\View.php(246): CodeIgniter\View\View->render('templat/templat...', Array, true)
#4 C:\xampp\htdocs\Project_TA\TA-APP\system\Common.php(1271): CodeIgniter\View\View->render('admin/v_dashboa...', Array, true)
#5 C:\xampp\htdocs\Project_TA\TA-APP\app\Controllers\Admin.php(11): view('admin/v_dashboa...')
#6 C:\xampp\htdocs\Project_TA\TA-APP\system\CodeIgniter.php(928): App\Controllers\Admin->index()
#7 C:\xampp\htdocs\Project_TA\TA-APP\system\CodeIgniter.php(436): CodeIgniter\CodeIgniter->runController(Object(App\Controllers\Admin))
#8 C:\xampp\htdocs\Project_TA\TA-APP\system\CodeIgniter.php(336): CodeIgniter\CodeIgniter->handleRequest(NULL, Object(Config\Cache), false)
#9 C:\xampp\htdocs\Project_TA\TA-APP\public\index.php(37): CodeIgniter\CodeIgniter->run()
#10 C:\xampp\htdocs\Project_TA\TA-APP\system\Commands\Server\rewrite.php(45): require_once('C:\\xampp\\htdocs...')
#11 {main}
CRITICAL - 2021-07-26 04:52:55 --> Undefined variable $title
#0 C:\xampp\htdocs\Project_TA\TA-APP\app\Views\templat\template_backend.php(11): CodeIgniter\Debug\Exceptions->errorHandler(2, 'Undefined varia...', 'C:\\xampp\\htdocs...', 11)
#1 C:\xampp\htdocs\Project_TA\TA-APP\system\View\View.php(230): include('C:\\xampp\\htdocs...')
#2 C:\xampp\htdocs\Project_TA\TA-APP\system\View\View.php(232): CodeIgniter\View\View->CodeIgniter\View\{closure}()
#3 C:\xampp\htdocs\Project_TA\TA-APP\system\View\View.php(246): CodeIgniter\View\View->render('templat/templat...', Array, true)
#4 C:\xampp\htdocs\Project_TA\TA-APP\system\Common.php(1271): CodeIgniter\View\View->render('admin/v_dashboa...', Array, true)
#5 C:\xampp\htdocs\Project_TA\TA-APP\app\Controllers\Admin.php(11): view('admin/v_dashboa...')
#6 C:\xampp\htdocs\Project_TA\TA-APP\system\CodeIgniter.php(928): App\Controllers\Admin->index()
#7 C:\xampp\htdocs\Project_TA\TA-APP\system\CodeIgniter.php(436): CodeIgniter\CodeIgniter->runController(Object(App\Controllers\Admin))
#8 C:\xampp\htdocs\Project_TA\TA-APP\system\CodeIgniter.php(336): CodeIgniter\CodeIgniter->handleRequest(NULL, Object(Config\Cache), false)
#9 C:\xampp\htdocs\Project_TA\TA-APP\public\index.php(37): CodeIgniter\CodeIgniter->run()
#10 C:\xampp\htdocs\Project_TA\TA-APP\system\Commands\Server\rewrite.php(45): require_once('C:\\xampp\\htdocs...')
#11 {main}
CRITICAL - 2021-07-26 05:12:16 --> Invalid file: template/template_backend.php
#0 C:\xampp\htdocs\Project_TA\TA-APP\system\View\View.php(213): CodeIgniter\Exceptions\FrameworkException::forInvalidFile('template/templa...')
#1 C:\xampp\htdocs\Project_TA\TA-APP\system\View\View.php(246): CodeIgniter\View\View->render('template/templa...', Array, true)
#2 C:\xampp\htdocs\Project_TA\TA-APP\system\Common.php(1271): CodeIgniter\View\View->render('admin/v_pekerja...', Array, true)
#3 C:\xampp\htdocs\Project_TA\TA-APP\app\Controllers\Pekerjaan.php(23): view('admin/v_pekerja...', Array)
#4 C:\xampp\htdocs\Project_TA\TA-APP\system\CodeIgniter.php(928): App\Controllers\Pekerjaan->index()
#5 C:\xampp\htdocs\Project_TA\TA-APP\system\CodeIgniter.php(436): CodeIgniter\CodeIgniter->runController(Object(App\Controllers\Pekerjaan))
#6 C:\xampp\htdocs\Project_TA\TA-APP\system\CodeIgniter.php(336): CodeIgniter\CodeIgniter->handleRequest(NULL, Object(Config\Cache), false)
#7 C:\xampp\htdocs\Project_TA\TA-APP\public\index.php(37): CodeIgniter\CodeIgniter->run()
#8 C:\xampp\htdocs\Project_TA\TA-APP\system\Commands\Server\rewrite.php(45): require_once('C:\\xampp\\htdocs...')
#9 {main}
CRITICAL - 2021-07-26 05:18:14 --> Invalid file: templat/template_backend.php
#0 C:\xampp\htdocs\Project_TA\TA-APP\system\View\View.php(213): CodeIgniter\Exceptions\FrameworkException::forInvalidFile('templat/templat...')
#1 C:\xampp\htdocs\Project_TA\TA-APP\system\View\View.php(246): CodeIgniter\View\View->render('templat/templat...', Array, true)
#2 C:\xampp\htdocs\Project_TA\TA-APP\system\Common.php(1271): CodeIgniter\View\View->render('admin/v_dashboa...', Array, true)
#3 C:\xampp\htdocs\Project_TA\TA-APP\app\Controllers\Admin.php(11): view('admin/v_dashboa...')
#4 C:\xampp\htdocs\Project_TA\TA-APP\system\CodeIgniter.php(928): App\Controllers\Admin->index()
#5 C:\xampp\htdocs\Project_TA\TA-APP\system\CodeIgniter.php(436): CodeIgniter\CodeIgniter->runController(Object(App\Controllers\Admin))
#6 C:\xampp\htdocs\Project_TA\TA-APP\system\CodeIgniter.php(336): CodeIgniter\CodeIgniter->handleRequest(NULL, Object(Config\Cache), false)
#7 C:\xampp\htdocs\Project_TA\TA-APP\public\index.php(37): CodeIgniter\CodeIgniter->run()
#8 C:\xampp\htdocs\Project_TA\TA-APP\system\Commands\Server\rewrite.php(45): require_once('C:\\xampp\\htdocs...')
#9 {main}
CRITICAL - 2021-07-26 05:19:14 --> Undefined variable $title
#0 C:\xampp\htdocs\Project_TA\TA-APP\app\Views\templat\template_backend.php(11): CodeIgniter\Debug\Exceptions->errorHandler(2, 'Undefined varia...', 'C:\\xampp\\htdocs...', 11)
#1 C:\xampp\htdocs\Project_TA\TA-APP\system\View\View.php(230): include('C:\\xampp\\htdocs...')
#2 C:\xampp\htdocs\Project_TA\TA-APP\system\View\View.php(232): CodeIgniter\View\View->CodeIgniter\View\{closure}()
#3 C:\xampp\htdocs\Project_TA\TA-APP\system\View\View.php(246): CodeIgniter\View\View->render('templat/templat...', Array, true)
#4 C:\xampp\htdocs\Project_TA\TA-APP\system\Common.php(1271): CodeIgniter\View\View->render('admin/v_dashboa...', Array, true)
#5 C:\xampp\htdocs\Project_TA\TA-APP\app\Controllers\Admin.php(11): view('admin/v_dashboa...')
#6 C:\xampp\htdocs\Project_TA\TA-APP\system\CodeIgniter.php(928): App\Controllers\Admin->index()
#7 C:\xampp\htdocs\Project_TA\TA-APP\system\CodeIgniter.php(436): CodeIgniter\CodeIgniter->runController(Object(App\Controllers\Admin))
#8 C:\xampp\htdocs\Project_TA\TA-APP\system\CodeIgniter.php(336): CodeIgniter\CodeIgniter->handleRequest(NULL, Object(Config\Cache), false)
#9 C:\xampp\htdocs\Project_TA\TA-APP\public\index.php(37): CodeIgniter\CodeIgniter->run()
#10 C:\xampp\htdocs\Project_TA\TA-APP\system\Commands\Server\rewrite.php(45): require_once('C:\\xampp\\htdocs...')
#11 {main}
CRITICAL - 2021-07-26 05:19:19 --> Undefined variable $title
#0 C:\xampp\htdocs\Project_TA\TA-APP\app\Views\templat\template_backend.php(11): CodeIgniter\Debug\Exceptions->errorHandler(2, 'Undefined varia...', 'C:\\xampp\\htdocs...', 11)
#1 C:\xampp\htdocs\Project_TA\TA-APP\system\View\View.php(230): include('C:\\xampp\\htdocs...')
#2 C:\xampp\htdocs\Project_TA\TA-APP\system\View\View.php(232): CodeIgniter\View\View->CodeIgniter\View\{closure}()
#3 C:\xampp\htdocs\Project_TA\TA-APP\system\View\View.php(246): CodeIgniter\View\View->render('templat/templat...', Array, true)
#4 C:\xampp\htdocs\Project_TA\TA-APP\system\Common.php(1271): CodeIgniter\View\View->render('admin/v_dashboa...', Array, true)
#5 C:\xampp\htdocs\Project_TA\TA-APP\app\Controllers\Admin.php(11): view('admin/v_dashboa...')
#6 C:\xampp\htdocs\Project_TA\TA-APP\system\CodeIgniter.php(928): App\Controllers\Admin->index()
#7 C:\xampp\htdocs\Project_TA\TA-APP\system\CodeIgniter.php(436): CodeIgniter\CodeIgniter->runController(Object(App\Controllers\Admin))
#8 C:\xampp\htdocs\Project_TA\TA-APP\system\CodeIgniter.php(336): CodeIgniter\CodeIgniter->handleRequest(NULL, Object(Config\Cache), false)
#9 C:\xampp\htdocs\Project_TA\TA-APP\public\index.php(37): CodeIgniter\CodeIgniter->run()
#10 C:\xampp\htdocs\Project_TA\TA-APP\system\Commands\Server\rewrite.php(45): require_once('C:\\xampp\\htdocs...')
#11 {main}
CRITICAL - 2021-07-26 10:21:20 --> Undefined variable $title
#0 C:\xampp\htdocs\Project_TA\TA-APP\app\Views\templat\template_backend.php(11): CodeIgniter\Debug\Exceptions->errorHandler(2, 'Undefined varia...', 'C:\\xampp\\htdocs...', 11)
#1 C:\xampp\htdocs\Project_TA\TA-APP\system\View\View.php(230): include('C:\\xampp\\htdocs...')
#2 C:\xampp\htdocs\Project_TA\TA-APP\system\View\View.php(232): CodeIgniter\View\View->CodeIgniter\View\{closure}()
#3 C:\xampp\htdocs\Project_TA\TA-APP\system\View\View.php(246): CodeIgniter\View\View->render('templat/templat...', Array, true)
#4 C:\xampp\htdocs\Project_TA\TA-APP\system\Common.php(1271): CodeIgniter\View\View->render('admin/v_dashboa...', Array, true)
#5 C:\xampp\htdocs\Project_TA\TA-APP\app\Controllers\Admin.php(11): view('admin/v_dashboa...')
#6 C:\xampp\htdocs\Project_TA\TA-APP\system\CodeIgniter.php(928): App\Controllers\Admin->index()
#7 C:\xampp\htdocs\Project_TA\TA-APP\system\CodeIgniter.php(436): CodeIgniter\CodeIgniter->runController(Object(App\Controllers\Admin))
#8 C:\xampp\htdocs\Project_TA\TA-APP\system\CodeIgniter.php(336): CodeIgniter\CodeIgniter->handleRequest(NULL, Object(Config\Cache), false)
#9 C:\xampp\htdocs\Project_TA\TA-APP\public\index.php(37): CodeIgniter\CodeIgniter->run()
#10 C:\xampp\htdocs\Project_TA\TA-APP\system\Commands\Server\rewrite.php(45): require_once('C:\\xampp\\htdocs...')
#11 {main}
CRITICAL - 2021-07-26 10:32:16 --> Call to undefined function form_open()
#0 C:\xampp\htdocs\Project_TA\TA-APP\system\View\View.php(230): include()
#1 C:\xampp\htdocs\Project_TA\TA-APP\system\View\View.php(232): CodeIgniter\View\View->CodeIgniter\View\{closure}()
#2 C:\xampp\htdocs\Project_TA\TA-APP\system\Common.php(1271): CodeIgniter\View\View->render('admin/v_pekerja...', Array, true)
#3 C:\xampp\htdocs\Project_TA\TA-APP\app\Controllers\Pekerjaan.php(23): view('admin/v_pekerja...', Array)
#4 C:\xampp\htdocs\Project_TA\TA-APP\system\CodeIgniter.php(928): App\Controllers\Pekerjaan->index()
#5 C:\xampp\htdocs\Project_TA\TA-APP\system\CodeIgniter.php(436): CodeIgniter\CodeIgniter->runController(Object(App\Controllers\Pekerjaan))
#6 C:\xampp\htdocs\Project_TA\TA-APP\system\CodeIgniter.php(336): CodeIgniter\CodeIgniter->handleRequest(NULL, Object(Config\Cache), false)
#7 C:\xampp\htdocs\Project_TA\TA-APP\public\index.php(37): CodeIgniter\CodeIgniter->run()
#8 C:\xampp\htdocs\Project_TA\TA-APP\system\Commands\Server\rewrite.php(45): require_once('C:\\xampp\\htdocs...')
#9 {main}
ERROR - 2021-07-26 10:35:41 --> You have an error in your SQL syntax; check the manual that corresponds to your MariaDB server version for the right syntax to use near '))' at line 1
CRITICAL - 2021-07-26 10:35:41 --> You have an error in your SQL syntax; check the manual that corresponds to your MariaDB server version for the right syntax to use near '))' at line 1
#0 C:\xampp\htdocs\Project_TA\TA-APP\system\Database\MySQLi\Connection.php(329): mysqli->query('INSERT INTO `tb...')
#1 C:\xampp\htdocs\Project_TA\TA-APP\system\Database\BaseConnection.php(732): CodeIgniter\Database\MySQLi\Connection->execute('INSERT INTO `tb...')
#2 C:\xampp\htdocs\Project_TA\TA-APP\system\Database\BaseConnection.php(647): CodeIgniter\Database\BaseConnection->simpleQuery('INSERT INTO `tb...')
#3 C:\xampp\htdocs\Project_TA\TA-APP\system\Database\BaseBuilder.php(2277): CodeIgniter\Database\BaseConnection->query('INSERT INTO `tb...', Array, false)
#4 C:\xampp\htdocs\Project_TA\TA-APP\app\Models\ModelPekerjaan.php(19): CodeIgniter\Database\BaseBuilder->insert(Array)
#5 C:\xampp\htdocs\Project_TA\TA-APP\app\Controllers\Pekerjaan.php(32): App\Models\ModelPekerjaan->insertData(Array)
#6 C:\xampp\htdocs\Project_TA\TA-APP\system\CodeIgniter.php(928): App\Controllers\Pekerjaan->insertData()
#7 C:\xampp\htdocs\Project_TA\TA-APP\system\CodeIgniter.php(436): CodeIgniter\CodeIgniter->runController(Object(App\Controllers\Pekerjaan))
#8 C:\xampp\htdocs\Project_TA\TA-APP\system\CodeIgniter.php(336): CodeIgniter\CodeIgniter->handleRequest(NULL, Object(Config\Cache), false)
#9 C:\xampp\htdocs\Project_TA\TA-APP\public\index.php(37): CodeIgniter\CodeIgniter->run()
#10 C:\xampp\htdocs\Project_TA\TA-APP\system\Commands\Server\rewrite.php(45): require_once('C:\\xampp\\htdocs...')
#11 {main}
CRITICAL - 2021-07-26 10:57:45 --> Undefined variable $title
#0 C:\xampp\htdocs\Project_TA\TA-APP\app\Views\templat\template_backend.php(11): CodeIgniter\Debug\Exceptions->errorHandler(2, 'Undefined varia...', 'C:\\xampp\\htdocs...', 11)
#1 C:\xampp\htdocs\Project_TA\TA-APP\system\View\View.php(230): include('C:\\xampp\\htdocs...')
#2 C:\xampp\htdocs\Project_TA\TA-APP\system\View\View.php(232): CodeIgniter\View\View->CodeIgniter\View\{closure}()
#3 C:\xampp\htdocs\Project_TA\TA-APP\system\View\View.php(246): CodeIgniter\View\View->render('templat/templat...', Array, true)
#4 C:\xampp\htdocs\Project_TA\TA-APP\system\Common.php(1271): CodeIgniter\View\View->render('admin/v_dashboa...', Array, true)
#5 C:\xampp\htdocs\Project_TA\TA-APP\app\Controllers\Admin.php(11): view('admin/v_dashboa...')
#6 C:\xampp\htdocs\Project_TA\TA-APP\system\CodeIgniter.php(928): App\Controllers\Admin->index()
#7 C:\xampp\htdocs\Project_TA\TA-APP\system\CodeIgniter.php(436): CodeIgniter\CodeIgniter->runController(Object(App\Controllers\Admin))
#8 C:\xampp\htdocs\Project_TA\TA-APP\system\CodeIgniter.php(336): CodeIgniter\CodeIgniter->handleRequest(NULL, Object(Config\Cache), false)
#9 C:\xampp\htdocs\Project_TA\TA-APP\public\index.php(37): CodeIgniter\CodeIgniter->run()
#10 C:\xampp\htdocs\Project_TA\TA-APP\system\Commands\Server\rewrite.php(45): require_once('C:\\xampp\\htdocs...')
#11 {main}
CRITICAL - 2021-07-26 10:58:03 --> Undefined variable $title
#0 C:\xampp\htdocs\Project_TA\TA-APP\app\Views\templat\template_backend.php(11): CodeIgniter\Debug\Exceptions->errorHandler(2, 'Undefined varia...', 'C:\\xampp\\htdocs...', 11)
#1 C:\xampp\htdocs\Project_TA\TA-APP\system\View\View.php(230): include('C:\\xampp\\htdocs...')
#2 C:\xampp\htdocs\Project_TA\TA-APP\system\View\View.php(232): CodeIgniter\View\View->CodeIgniter\View\{closure}()
#3 C:\xampp\htdocs\Project_TA\TA-APP\system\View\View.php(246): CodeIgniter\View\View->render('templat/templat...', Array, true)
#4 C:\xampp\htdocs\Project_TA\TA-APP\system\Common.php(1271): CodeIgniter\View\View->render('admin/v_dashboa...', Array, true)
#5 C:\xampp\htdocs\Project_TA\TA-APP\app\Controllers\Admin.php(11): view('admin/v_dashboa...')
#6 C:\xampp\htdocs\Project_TA\TA-APP\system\CodeIgniter.php(928): App\Controllers\Admin->index()
#7 C:\xampp\htdocs\Project_TA\TA-APP\system\CodeIgniter.php(436): CodeIgniter\CodeIgniter->runController(Object(App\Controllers\Admin))
#8 C:\xampp\htdocs\Project_TA\TA-APP\system\CodeIgniter.php(336): CodeIgniter\CodeIgniter->handleRequest(NULL, Object(Config\Cache), false)
#9 C:\xampp\htdocs\Project_TA\TA-APP\public\index.php(37): CodeIgniter\CodeIgniter->run()
#10 C:\xampp\htdocs\Project_TA\TA-APP\system\Commands\Server\rewrite.php(45): require_once('C:\\xampp\\htdocs...')
#11 {main}
CRITICAL - 2021-07-26 17:51:33 --> Undefined variable $title
#0 C:\xampp\htdocs\Project_TA\TA-APP\app\Views\templat\template_backend.php(11): CodeIgniter\Debug\Exceptions->errorHandler(2, 'Undefined varia...', 'C:\\xampp\\htdocs...', 11)
#1 C:\xampp\htdocs\Project_TA\TA-APP\system\View\View.php(230): include('C:\\xampp\\htdocs...')
#2 C:\xampp\htdocs\Project_TA\TA-APP\system\View\View.php(232): CodeIgniter\View\View->CodeIgniter\View\{closure}()
#3 C:\xampp\htdocs\Project_TA\TA-APP\system\View\View.php(246): CodeIgniter\View\View->render('templat/templat...', Array, true)
#4 C:\xampp\htdocs\Project_TA\TA-APP\system\Common.php(1271): CodeIgniter\View\View->render('admin/v_dashboa...', Array, true)
#5 C:\xampp\htdocs\Project_TA\TA-APP\app\Controllers\Admin.php(11): view('admin/v_dashboa...')
#6 C:\xampp\htdocs\Project_TA\TA-APP\system\CodeIgniter.php(928): App\Controllers\Admin->index()
#7 C:\xampp\htdocs\Project_TA\TA-APP\system\CodeIgniter.php(436): CodeIgniter\CodeIgniter->runController(Object(App\Controllers\Admin))
#8 C:\xampp\htdocs\Project_TA\TA-APP\system\CodeIgniter.php(336): CodeIgniter\CodeIgniter->handleRequest(NULL, Object(Config\Cache), false)
#9 C:\xampp\htdocs\Project_TA\TA-APP\public\index.php(37): CodeIgniter\CodeIgniter->run()
#10 C:\xampp\htdocs\Project_TA\TA-APP\system\Commands\Server\rewrite.php(45): require_once('C:\\xampp\\htdocs...')
#11 {main}
CRITICAL - 2021-07-26 18:17:21 --> Class "App\Models\ModelPendaftar" not found
#0 C:\xampp\htdocs\Project_TA\TA-APP\system\CodeIgniter.php(900): App\Controllers\pendaftar->__construct()
#1 C:\xampp\htdocs\Project_TA\TA-APP\system\CodeIgniter.php(426): CodeIgniter\CodeIgniter->createController()
#2 C:\xampp\htdocs\Project_TA\TA-APP\system\CodeIgniter.php(336): CodeIgniter\CodeIgniter->handleRequest(NULL, Object(Config\Cache), false)
#3 C:\xampp\htdocs\Project_TA\TA-APP\public\index.php(37): CodeIgniter\CodeIgniter->run()
#4 C:\xampp\htdocs\Project_TA\TA-APP\system\Commands\Server\rewrite.php(45): require_once('C:\\xampp\\htdocs...')
#5 {main}
CRITICAL - 2021-07-26 18:28:59 --> Class "App\Models\ModelPendaftar" not found
#0 C:\xampp\htdocs\Project_TA\TA-APP\system\CodeIgniter.php(900): App\Controllers\pendaftar->__construct()
#1 C:\xampp\htdocs\Project_TA\TA-APP\system\CodeIgniter.php(426): CodeIgniter\CodeIgniter->createController()
#2 C:\xampp\htdocs\Project_TA\TA-APP\system\CodeIgniter.php(336): CodeIgniter\CodeIgniter->handleRequest(NULL, Object(Config\Cache), false)
#3 C:\xampp\htdocs\Project_TA\TA-APP\public\index.php(37): CodeIgniter\CodeIgniter->run()
#4 C:\xampp\htdocs\Project_TA\TA-APP\system\Commands\Server\rewrite.php(45): require_once('C:\\xampp\\htdocs...')
#5 {main}
CRITICAL - 2021-07-26 18:29:06 --> Class "App\Models\ModelPendaftar" not found
#0 C:\xampp\htdocs\Project_TA\TA-APP\system\CodeIgniter.php(900): App\Controllers\pendaftar->__construct()
#1 C:\xampp\htdocs\Project_TA\TA-APP\system\CodeIgniter.php(426): CodeIgniter\CodeIgniter->createController()
#2 C:\xampp\htdocs\Project_TA\TA-APP\system\CodeIgniter.php(336): CodeIgniter\CodeIgniter->handleRequest(NULL, Object(Config\Cache), false)
#3 C:\xampp\htdocs\Project_TA\TA-APP\public\index.php(37): CodeIgniter\CodeIgniter->run()
#4 C:\xampp\htdocs\Project_TA\TA-APP\system\Commands\Server\rewrite.php(45): require_once('C:\\xampp\\htdocs...')
#5 {main}
CRITICAL - 2021-07-26 18:29:14 --> Class "App\Models\ModelPendaftar" not found
#0 C:\xampp\htdocs\Project_TA\TA-APP\system\CodeIgniter.php(900): App\Controllers\pendaftar->__construct()
#1 C:\xampp\htdocs\Project_TA\TA-APP\system\CodeIgniter.php(426): CodeIgniter\CodeIgniter->createController()
#2 C:\xampp\htdocs\Project_TA\TA-APP\system\CodeIgniter.php(336): CodeIgniter\CodeIgniter->handleRequest(NULL, Object(Config\Cache), false)
#3 C:\xampp\htdocs\Project_TA\TA-APP\public\index.php(37): CodeIgniter\CodeIgniter->run()
#4 C:\xampp\htdocs\Project_TA\TA-APP\system\Commands\Server\rewrite.php(45): require_once('C:\\xampp\\htdocs...')
#5 {main}
CRITICAL - 2021-07-26 18:29:34 --> Undefined property: App\Controllers\pendaftar::$ModelPendaftar
#0 C:\xampp\htdocs\Project_TA\TA-APP\app\Controllers\pendaftar.php(21): CodeIgniter\Debug\Exceptions->errorHandler(2, 'Undefined prope...', 'C:\\xampp\\htdocs...', 21)
#1 C:\xampp\htdocs\Project_TA\TA-APP\system\CodeIgniter.php(928): App\Controllers\pendaftar->index()
#2 C:\xampp\htdocs\Project_TA\TA-APP\system\CodeIgniter.php(436): CodeIgniter\CodeIgniter->runController(Object(App\Controllers\pendaftar))
#3 C:\xampp\htdocs\Project_TA\TA-APP\system\CodeIgniter.php(336): CodeIgniter\CodeIgniter->handleRequest(NULL, Object(Config\Cache), false)
#4 C:\xampp\htdocs\Project_TA\TA-APP\public\index.php(37): CodeIgniter\CodeIgniter->run()
#5 C:\xampp\htdocs\Project_TA\TA-APP\system\Commands\Server\rewrite.php(45): require_once('C:\\xampp\\htdocs...')
#6 {main}
CRITICAL - 2021-07-26 18:31:55 --> Undefined variable $title
#0 C:\xampp\htdocs\Project_TA\TA-APP\app\Views\templat\template_backend.php(11): CodeIgniter\Debug\Exceptions->errorHandler(2, 'Undefined varia...', 'C:\\xampp\\htdocs...', 11)
#1 C:\xampp\htdocs\Project_TA\TA-APP\system\View\View.php(230): include('C:\\xampp\\htdocs...')
#2 C:\xampp\htdocs\Project_TA\TA-APP\system\View\View.php(232): CodeIgniter\View\View->CodeIgniter\View\{closure}()
#3 C:\xampp\htdocs\Project_TA\TA-APP\system\View\View.php(246): CodeIgniter\View\View->render('templat/templat...', Array, true)
#4 C:\xampp\htdocs\Project_TA\TA-APP\system\Common.php(1271): CodeIgniter\View\View->render('admin/v_dashboa...', Array, true)
#5 C:\xampp\htdocs\Project_TA\TA-APP\app\Controllers\Admin.php(11): view('admin/v_dashboa...')
#6 C:\xampp\htdocs\Project_TA\TA-APP\system\CodeIgniter.php(928): App\Controllers\Admin->index()
#7 C:\xampp\htdocs\Project_TA\TA-APP\system\CodeIgniter.php(436): CodeIgniter\CodeIgniter->runController(Object(App\Controllers\Admin))
#8 C:\xampp\htdocs\Project_TA\TA-APP\system\CodeIgniter.php(336): CodeIgniter\CodeIgniter->handleRequest(NULL, Object(Config\Cache), false)
#9 C:\xampp\htdocs\Project_TA\TA-APP\public\index.php(37): CodeIgniter\CodeIgniter->run()
#10 C:\xampp\htdocs\Project_TA\TA-APP\system\Commands\Server\rewrite.php(45): require_once('C:\\xampp\\htdocs...')
#11 {main}
CRITICAL - 2021-07-26 18:32:56 --> Undefined variable $title
#0 C:\xampp\htdocs\Project_TA\TA-APP\app\Views\templat\template_backend.php(11): CodeIgniter\Debug\Exceptions->errorHandler(2, 'Undefined varia...', 'C:\\xampp\\htdocs...', 11)
#1 C:\xampp\htdocs\Project_TA\TA-APP\system\View\View.php(230): include('C:\\xampp\\htdocs...')
#2 C:\xampp\htdocs\Project_TA\TA-APP\system\View\View.php(232): CodeIgniter\View\View->CodeIgniter\View\{closure}()
#3 C:\xampp\htdocs\Project_TA\TA-APP\system\View\View.php(246): CodeIgniter\View\View->render('templat/templat...', Array, true)
#4 C:\xampp\htdocs\Project_TA\TA-APP\system\Common.php(1271): CodeIgniter\View\View->render('admin/v_dashboa...', Array, true)
#5 C:\xampp\htdocs\Project_TA\TA-APP\app\Controllers\Admin.php(11): view('admin/v_dashboa...')
#6 C:\xampp\htdocs\Project_TA\TA-APP\system\CodeIgniter.php(928): App\Controllers\Admin->index()
#7 C:\xampp\htdocs\Project_TA\TA-APP\system\CodeIgniter.php(436): CodeIgniter\CodeIgniter->runController(Object(App\Controllers\Admin))
#8 C:\xampp\htdocs\Project_TA\TA-APP\system\CodeIgniter.php(336): CodeIgniter\CodeIgniter->handleRequest(NULL, Object(Config\Cache), false)
#9 C:\xampp\htdocs\Project_TA\TA-APP\public\index.php(37): CodeIgniter\CodeIgniter->run()
#10 C:\xampp\htdocs\Project_TA\TA-APP\system\Commands\Server\rewrite.php(45): require_once('C:\\xampp\\htdocs...')
#11 {main}
CRITICAL - 2021-07-26 18:33:11 --> Undefined variable $title
#0 C:\xampp\htdocs\Project_TA\TA-APP\app\Views\templat\template_backend.php(11): CodeIgniter\Debug\Exceptions->errorHandler(2, 'Undefined varia...', 'C:\\xampp\\htdocs...', 11)
#1 C:\xampp\htdocs\Project_TA\TA-APP\system\View\View.php(230): include('C:\\xampp\\htdocs...')
#2 C:\xampp\htdocs\Project_TA\TA-APP\system\View\View.php(232): CodeIgniter\View\View->CodeIgniter\View\{closure}()
#3 C:\xampp\htdocs\Project_TA\TA-APP\system\View\View.php(246): CodeIgniter\View\View->render('templat/templat...', Array, true)
#4 C:\xampp\htdocs\Project_TA\TA-APP\system\Common.php(1271): CodeIgniter\View\View->render('admin/v_dashboa...', Array, true)
#5 C:\xampp\htdocs\Project_TA\TA-APP\app\Controllers\Admin.php(11): view('admin/v_dashboa...')
#6 C:\xampp\htdocs\Project_TA\TA-APP\system\CodeIgniter.php(928): App\Controllers\Admin->index()
#7 C:\xampp\htdocs\Project_TA\TA-APP\system\CodeIgniter.php(436): CodeIgniter\CodeIgniter->runController(Object(App\Controllers\Admin))
#8 C:\xampp\htdocs\Project_TA\TA-APP\system\CodeIgniter.php(336): CodeIgniter\CodeIgniter->handleRequest(NULL, Object(Config\Cache), false)
#9 C:\xampp\htdocs\Project_TA\TA-APP\public\index.php(37): CodeIgniter\CodeIgniter->run()
#10 C:\xampp\htdocs\Project_TA\TA-APP\system\Commands\Server\rewrite.php(45): require_once('C:\\xampp\\htdocs...')
#11 {main}
CRITICAL - 2021-07-26 18:33:52 --> Undefined variable $title
#0 C:\xampp\htdocs\Project_TA\TA-APP\app\Views\templat\template_backend.php(11): CodeIgniter\Debug\Exceptions->errorHandler(2, 'Undefined varia...', 'C:\\xampp\\htdocs...', 11)
#1 C:\xampp\htdocs\Project_TA\TA-APP\system\View\View.php(230): include('C:\\xampp\\htdocs...')
#2 C:\xampp\htdocs\Project_TA\TA-APP\system\View\View.php(232): CodeIgniter\View\View->CodeIgniter\View\{closure}()
#3 C:\xampp\htdocs\Project_TA\TA-APP\system\View\View.php(246): CodeIgniter\View\View->render('templat/templat...', Array, true)
#4 C:\xampp\htdocs\Project_TA\TA-APP\system\Common.php(1271): CodeIgniter\View\View->render('admin/v_dashboa...', Array, true)
#5 C:\xampp\htdocs\Project_TA\TA-APP\app\Controllers\Admin.php(11): view('admin/v_dashboa...')
#6 C:\xampp\htdocs\Project_TA\TA-APP\system\CodeIgniter.php(928): App\Controllers\Admin->index()
#7 C:\xampp\htdocs\Project_TA\TA-APP\system\CodeIgniter.php(436): CodeIgniter\CodeIgniter->runController(Object(App\Controllers\Admin))
#8 C:\xampp\htdocs\Project_TA\TA-APP\system\CodeIgniter.php(336): CodeIgniter\CodeIgniter->handleRequest(NULL, Object(Config\Cache), false)
#9 C:\xampp\htdocs\Project_TA\TA-APP\public\index.php(37): CodeIgniter\CodeIgniter->run()
#10 C:\xampp\htdocs\Project_TA\TA-APP\system\Commands\Server\rewrite.php(45): require_once('C:\\xampp\\htdocs...')
#11 {main}
CRITICAL - 2021-07-26 18:33:56 --> Undefined variable $title
#0 C:\xampp\htdocs\Project_TA\TA-APP\app\Views\templat\template_backend.php(11): CodeIgniter\Debug\Exceptions->errorHandler(2, 'Undefined varia...', 'C:\\xampp\\htdocs...', 11)
#1 C:\xampp\htdocs\Project_TA\TA-APP\system\View\View.php(230): include('C:\\xampp\\htdocs...')
#2 C:\xampp\htdocs\Project_TA\TA-APP\system\View\View.php(232): CodeIgniter\View\View->CodeIgniter\View\{closure}()
#3 C:\xampp\htdocs\Project_TA\TA-APP\system\View\View.php(246): CodeIgniter\View\View->render('templat/templat...', Array, true)
#4 C:\xampp\htdocs\Project_TA\TA-APP\system\Common.php(1271): CodeIgniter\View\View->render('admin/v_dashboa...', Array, true)
#5 C:\xampp\htdocs\Project_TA\TA-APP\app\Controllers\Admin.php(11): view('admin/v_dashboa...')
#6 C:\xampp\htdocs\Project_TA\TA-APP\system\CodeIgniter.php(928): App\Controllers\Admin->index()
#7 C:\xampp\htdocs\Project_TA\TA-APP\system\CodeIgniter.php(436): CodeIgniter\CodeIgniter->runController(Object(App\Controllers\Admin))
#8 C:\xampp\htdocs\Project_TA\TA-APP\system\CodeIgniter.php(336): CodeIgniter\CodeIgniter->handleRequest(NULL, Object(Config\Cache), false)
#9 C:\xampp\htdocs\Project_TA\TA-APP\public\index.php(37): CodeIgniter\CodeIgniter->run()
#10 C:\xampp\htdocs\Project_TA\TA-APP\system\Commands\Server\rewrite.php(45): require_once('C:\\xampp\\htdocs...')
#11 {main}
CRITICAL - 2021-07-26 18:36:17 --> Undefined variable $title
#0 C:\xampp\htdocs\Project_TA\TA-APP\app\Views\templat\template_backend.php(11): CodeIgniter\Debug\Exceptions->errorHandler(2, 'Undefined varia...', 'C:\\xampp\\htdocs...', 11)
#1 C:\xampp\htdocs\Project_TA\TA-APP\system\View\View.php(230): include('C:\\xampp\\htdocs...')
#2 C:\xampp\htdocs\Project_TA\TA-APP\system\View\View.php(232): CodeIgniter\View\View->CodeIgniter\View\{closure}()
#3 C:\xampp\htdocs\Project_TA\TA-APP\system\View\View.php(246): CodeIgniter\View\View->render('templat/templat...', Array, true)
#4 C:\xampp\htdocs\Project_TA\TA-APP\system\Common.php(1271): CodeIgniter\View\View->render('admin/v_dashboa...', Array, true)
#5 C:\xampp\htdocs\Project_TA\TA-APP\app\Controllers\Admin.php(11): view('admin/v_dashboa...')
#6 C:\xampp\htdocs\Project_TA\TA-APP\system\CodeIgniter.php(928): App\Controllers\Admin->index()
#7 C:\xampp\htdocs\Project_TA\TA-APP\system\CodeIgniter.php(436): CodeIgniter\CodeIgniter->runController(Object(App\Controllers\Admin))
#8 C:\xampp\htdocs\Project_TA\TA-APP\system\CodeIgniter.php(336): CodeIgniter\CodeIgniter->handleRequest(NULL, Object(Config\Cache), false)
#9 C:\xampp\htdocs\Project_TA\TA-APP\public\index.php(37): CodeIgniter\CodeIgniter->run()
#10 C:\xampp\htdocs\Project_TA\TA-APP\system\Commands\Server\rewrite.php(45): require_once('C:\\xampp\\htdocs...')
#11 {main}
CRITICAL - 2021-07-26 18:36:49 --> Undefined variable $subtitle
#0 C:\xampp\htdocs\Project_TA\TA-APP\app\Views\templat\template_backend.php(110): CodeIgniter\Debug\Exceptions->errorHandler(2, 'Undefined varia...', 'C:\\xampp\\htdocs...', 110)
#1 C:\xampp\htdocs\Project_TA\TA-APP\system\View\View.php(230): include('C:\\xampp\\htdocs...')
#2 C:\xampp\htdocs\Project_TA\TA-APP\system\View\View.php(232): CodeIgniter\View\View->CodeIgniter\View\{closure}()
#3 C:\xampp\htdocs\Project_TA\TA-APP\system\View\View.php(246): CodeIgniter\View\View->render('templat/templat...', Array, true)
#4 C:\xampp\htdocs\Project_TA\TA-APP\system\Common.php(1271): CodeIgniter\View\View->render('admin/v_dashboa...', Array, true)
#5 C:\xampp\htdocs\Project_TA\TA-APP\app\Controllers\Admin.php(11): view('admin/v_dashboa...')
#6 C:\xampp\htdocs\Project_TA\TA-APP\system\CodeIgniter.php(928): App\Controllers\Admin->index()
#7 C:\xampp\htdocs\Project_TA\TA-APP\system\CodeIgniter.php(436): CodeIgniter\CodeIgniter->runController(Object(App\Controllers\Admin))
#8 C:\xampp\htdocs\Project_TA\TA-APP\system\CodeIgniter.php(336): CodeIgniter\CodeIgniter->handleRequest(NULL, Object(Config\Cache), false)
#9 C:\xampp\htdocs\Project_TA\TA-APP\public\index.php(37): CodeIgniter\CodeIgniter->run()
#10 C:\xampp\htdocs\Project_TA\TA-APP\system\Commands\Server\rewrite.php(45): require_once('C:\\xampp\\htdocs...')
#11 {main}
CRITICAL - 2021-07-26 22:05:06 --> Undefined property: App\Controllers\DataPendaftar::$ModelDataPendaftar
#0 C:\xampp\htdocs\Project_TA\TA-APP\app\Controllers\DataPendaftar.php(14): CodeIgniter\Debug\Exceptions->errorHandler(2, 'Undefined prope...', 'C:\\xampp\\htdocs...', 14)
#1 C:\xampp\htdocs\Project_TA\TA-APP\system\CodeIgniter.php(928): App\Controllers\DataPendaftar->index()
#2 C:\xampp\htdocs\Project_TA\TA-APP\system\CodeIgniter.php(436): CodeIgniter\CodeIgniter->runController(Object(App\Controllers\DataPendaftar))
#3 C:\xampp\htdocs\Project_TA\TA-APP\system\CodeIgniter.php(336): CodeIgniter\CodeIgniter->handleRequest(NULL, Object(Config\Cache), false)
#4 C:\xampp\htdocs\Project_TA\TA-APP\public\index.php(37): CodeIgniter\CodeIgniter->run()
#5 C:\xampp\htdocs\Project_TA\TA-APP\system\Commands\Server\rewrite.php(45): require_once('C:\\xampp\\htdocs...')
#6 {main}
CRITICAL - 2021-07-26 22:06:25 --> Undefined property: App\Controllers\DataPendaftar::$ModelDataPendaftar
#0 C:\xampp\htdocs\Project_TA\TA-APP\app\Controllers\DataPendaftar.php(14): CodeIgniter\Debug\Exceptions->errorHandler(2, 'Undefined prope...', 'C:\\xampp\\htdocs...', 14)
#1 C:\xampp\htdocs\Project_TA\TA-APP\system\CodeIgniter.php(928): App\Controllers\DataPendaftar->index()
#2 C:\xampp\htdocs\Project_TA\TA-APP\system\CodeIgniter.php(436): CodeIgniter\CodeIgniter->runController(Object(App\Controllers\DataPendaftar))
#3 C:\xampp\htdocs\Project_TA\TA-APP\system\CodeIgniter.php(336): CodeIgniter\CodeIgniter->handleRequest(NULL, Object(Config\Cache), false)
#4 C:\xampp\htdocs\Project_TA\TA-APP\public\index.php(37): CodeIgniter\CodeIgniter->run()
#5 C:\xampp\htdocs\Project_TA\TA-APP\system\Commands\Server\rewrite.php(45): require_once('C:\\xampp\\htdocs...')
#6 {main}
CRITICAL - 2021-07-26 22:06:42 --> Undefined property: App\Controllers\DataPendaftar::$ModelDataPendaftar
#0 C:\xampp\htdocs\Project_TA\TA-APP\app\Controllers\DataPendaftar.php(14): CodeIgniter\Debug\Exceptions->errorHandler(2, 'Undefined prope...', 'C:\\xampp\\htdocs...', 14)
#1 C:\xampp\htdocs\Project_TA\TA-APP\system\CodeIgniter.php(928): App\Controllers\DataPendaftar->index()
#2 C:\xampp\htdocs\Project_TA\TA-APP\system\CodeIgniter.php(436): CodeIgniter\CodeIgniter->runController(Object(App\Controllers\DataPendaftar))
#3 C:\xampp\htdocs\Project_TA\TA-APP\system\CodeIgniter.php(336): CodeIgniter\CodeIgniter->handleRequest(NULL, Object(Config\Cache), false)
#4 C:\xampp\htdocs\Project_TA\TA-APP\public\index.php(37): CodeIgniter\CodeIgniter->run()
#5 C:\xampp\htdocs\Project_TA\TA-APP\system\Commands\Server\rewrite.php(45): require_once('C:\\xampp\\htdocs...')
#6 {main}
CRITICAL - 2021-07-26 22:07:22 --> Undefined property: App\Controllers\DataPendaftar::$ModelDataPendaftar
#0 C:\xampp\htdocs\Project_TA\TA-APP\app\Controllers\DataPendaftar.php(14): CodeIgniter\Debug\Exceptions->errorHandler(2, 'Undefined prope...', 'C:\\xampp\\htdocs...', 14)
#1 C:\xampp\htdocs\Project_TA\TA-APP\system\CodeIgniter.php(928): App\Controllers\DataPendaftar->index()
#2 C:\xampp\htdocs\Project_TA\TA-APP\system\CodeIgniter.php(436): CodeIgniter\CodeIgniter->runController(Object(App\Controllers\DataPendaftar))
#3 C:\xampp\htdocs\Project_TA\TA-APP\system\CodeIgniter.php(336): CodeIgniter\CodeIgniter->handleRequest(NULL, Object(Config\Cache), false)
#4 C:\xampp\htdocs\Project_TA\TA-APP\public\index.php(37): CodeIgniter\CodeIgniter->run()
#5 C:\xampp\htdocs\Project_TA\TA-APP\system\Commands\Server\rewrite.php(45): require_once('C:\\xampp\\htdocs...')
#6 {main}
CRITICAL - 2021-07-26 22:07:27 --> Undefined property: App\Controllers\DataPendaftar::$ModelDataPendaftar
#0 C:\xampp\htdocs\Project_TA\TA-APP\app\Controllers\DataPendaftar.php(14): CodeIgniter\Debug\Exceptions->errorHandler(2, 'Undefined prope...', 'C:\\xampp\\htdocs...', 14)
#1 C:\xampp\htdocs\Project_TA\TA-APP\system\CodeIgniter.php(928): App\Controllers\DataPendaftar->index()
#2 C:\xampp\htdocs\Project_TA\TA-APP\system\CodeIgniter.php(436): CodeIgniter\CodeIgniter->runController(Object(App\Controllers\DataPendaftar))
#3 C:\xampp\htdocs\Project_TA\TA-APP\system\CodeIgniter.php(336): CodeIgniter\CodeIgniter->handleRequest(NULL, Object(Config\Cache), false)
#4 C:\xampp\htdocs\Project_TA\TA-APP\public\index.php(37): CodeIgniter\CodeIgniter->run()
#5 C:\xampp\htdocs\Project_TA\TA-APP\system\Commands\Server\rewrite.php(45): require_once('C:\\xampp\\htdocs...')
#6 {main}
CRITICAL - 2021-07-26 22:11:17 --> Undefined property: App\Controllers\DataPendaftar::$ModelPendidikan
#0 C:\xampp\htdocs\Project_TA\TA-APP\app\Controllers\DataPendaftar.php(14): CodeIgniter\Debug\Exceptions->errorHandler(2, 'Undefined prope...', 'C:\\xampp\\htdocs...', 14)
#1 C:\xampp\htdocs\Project_TA\TA-APP\system\CodeIgniter.php(928): App\Controllers\DataPendaftar->index()
#2 C:\xampp\htdocs\Project_TA\TA-APP\system\CodeIgniter.php(436): CodeIgniter\CodeIgniter->runController(Object(App\Controllers\DataPendaftar))
#3 C:\xampp\htdocs\Project_TA\TA-APP\system\CodeIgniter.php(336): CodeIgniter\CodeIgniter->handleRequest(NULL, Object(Config\Cache), false)
#4 C:\xampp\htdocs\Project_TA\TA-APP\public\index.php(37): CodeIgniter\CodeIgniter->run()
#5 C:\xampp\htdocs\Project_TA\TA-APP\system\Commands\Server\rewrite.php(45): require_once('C:\\xampp\\htdocs...')
#6 {main}
CRITICAL - 2021-07-26 22:11:48 --> Undefined property: App\Controllers\DataPendaftar::$ModelDataPendaftar
#0 C:\xampp\htdocs\Project_TA\TA-APP\app\Controllers\DataPendaftar.php(14): CodeIgniter\Debug\Exceptions->errorHandler(2, 'Undefined prope...', 'C:\\xampp\\htdocs...', 14)
#1 C:\xampp\htdocs\Project_TA\TA-APP\system\CodeIgniter.php(928): App\Controllers\DataPendaftar->index()
#2 C:\xampp\htdocs\Project_TA\TA-APP\system\CodeIgniter.php(436): CodeIgniter\CodeIgniter->runController(Object(App\Controllers\DataPendaftar))
#3 C:\xampp\htdocs\Project_TA\TA-APP\system\CodeIgniter.php(336): CodeIgniter\CodeIgniter->handleRequest(NULL, Object(Config\Cache), false)
#4 C:\xampp\htdocs\Project_TA\TA-APP\public\index.php(37): CodeIgniter\CodeIgniter->run()
#5 C:\xampp\htdocs\Project_TA\TA-APP\system\Commands\Server\rewrite.php(45): require_once('C:\\xampp\\htdocs...')
#6 {main}
CRITICAL - 2021-07-26 22:11:51 --> Undefined property: App\Controllers\DataPendaftar::$ModelDataPendaftar
#0 C:\xampp\htdocs\Project_TA\TA-APP\app\Controllers\DataPendaftar.php(14): CodeIgniter\Debug\Exceptions->errorHandler(2, 'Undefined prope...', 'C:\\xampp\\htdocs...', 14)
#1 C:\xampp\htdocs\Project_TA\TA-APP\system\CodeIgniter.php(928): App\Controllers\DataPendaftar->index()
#2 C:\xampp\htdocs\Project_TA\TA-APP\system\CodeIgniter.php(436): CodeIgniter\CodeIgniter->runController(Object(App\Controllers\DataPendaftar))
#3 C:\xampp\htdocs\Project_TA\TA-APP\system\CodeIgniter.php(336): CodeIgniter\CodeIgniter->handleRequest(NULL, Object(Config\Cache), false)
#4 C:\xampp\htdocs\Project_TA\TA-APP\public\index.php(37): CodeIgniter\CodeIgniter->run()
#5 C:\xampp\htdocs\Project_TA\TA-APP\system\Commands\Server\rewrite.php(45): require_once('C:\\xampp\\htdocs...')
#6 {main}
CRITICAL - 2021-07-26 22:12:15 --> Undefined property: App\Controllers\DataPendaftar::$ModeldataPendaftar
#0 C:\xampp\htdocs\Project_TA\TA-APP\app\Controllers\DataPendaftar.php(14): CodeIgniter\Debug\Exceptions->errorHandler(2, 'Undefined prope...', 'C:\\xampp\\htdocs...', 14)
#1 C:\xampp\htdocs\Project_TA\TA-APP\system\CodeIgniter.php(928): App\Controllers\DataPendaftar->index()
#2 C:\xampp\htdocs\Project_TA\TA-APP\system\CodeIgniter.php(436): CodeIgniter\CodeIgniter->runController(Object(App\Controllers\DataPendaftar))
#3 C:\xampp\htdocs\Project_TA\TA-APP\system\CodeIgniter.php(336): CodeIgniter\CodeIgniter->handleRequest(NULL, Object(Config\Cache), false)
#4 C:\xampp\htdocs\Project_TA\TA-APP\public\index.php(37): CodeIgniter\CodeIgniter->run()
#5 C:\xampp\htdocs\Project_TA\TA-APP\system\Commands\Server\rewrite.php(45): require_once('C:\\xampp\\htdocs...')
#6 {main}
