CRITICAL - 2021-10-24 04:58:58 --> Undefined variable $ModelDaftarmasuk
#0 C:\xampp\htdocs\Project_TA\TA-APP\app\Controllers\Daftarmasuk.php(33): CodeIgniter\Debug\Exceptions->errorHandler(2, 'Undefined varia...', 'C:\\xampp\\htdocs...', 33)
#1 C:\xampp\htdocs\Project_TA\TA-APP\system\CodeIgniter.php(928): App\Controllers\Daftarmasuk->detailData('1')
#2 C:\xampp\htdocs\Project_TA\TA-APP\system\CodeIgniter.php(436): CodeIgniter\CodeIgniter->runController(Object(App\Controllers\Daftarmasuk))
#3 C:\xampp\htdocs\Project_TA\TA-APP\system\CodeIgniter.php(336): CodeIgniter\CodeIgniter->handleRequest(NULL, Object(Config\Cache), false)
#4 C:\xampp\htdocs\Project_TA\TA-APP\public\index.php(37): CodeIgniter\CodeIgniter->run()
#5 C:\xampp\htdocs\Project_TA\TA-APP\system\Commands\Server\rewrite.php(45): require_once('C:\\xampp\\htdocs...')
#6 {main}
CRITICAL - 2021-10-24 04:59:07 --> Undefined variable $ModelDaftarmasuk
#0 C:\xampp\htdocs\Project_TA\TA-APP\app\Controllers\Daftarmasuk.php(33): CodeIgniter\Debug\Exceptions->errorHandler(2, 'Undefined varia...', 'C:\\xampp\\htdocs...', 33)
#1 C:\xampp\htdocs\Project_TA\TA-APP\system\CodeIgniter.php(928): App\Controllers\Daftarmasuk->detailData('1')
#2 C:\xampp\htdocs\Project_TA\TA-APP\system\CodeIgniter.php(436): CodeIgniter\CodeIgniter->runController(Object(App\Controllers\Daftarmasuk))
#3 C:\xampp\htdocs\Project_TA\TA-APP\system\CodeIgniter.php(336): CodeIgniter\CodeIgniter->handleRequest(NULL, Object(Config\Cache), false)
#4 C:\xampp\htdocs\Project_TA\TA-APP\public\index.php(37): CodeIgniter\CodeIgniter->run()
#5 C:\xampp\htdocs\Project_TA\TA-APP\system\Commands\Server\rewrite.php(45): require_once('C:\\xampp\\htdocs...')
#6 {main}
CRITICAL - 2021-10-24 04:59:20 --> Undefined variable $ModelDaftarmasuk
#0 C:\xampp\htdocs\Project_TA\TA-APP\app\Controllers\Daftarmasuk.php(33): CodeIgniter\Debug\Exceptions->errorHandler(2, 'Undefined varia...', 'C:\\xampp\\htdocs...', 33)
#1 C:\xampp\htdocs\Project_TA\TA-APP\system\CodeIgniter.php(928): App\Controllers\Daftarmasuk->detailData('1')
#2 C:\xampp\htdocs\Project_TA\TA-APP\system\CodeIgniter.php(436): CodeIgniter\CodeIgniter->runController(Object(App\Controllers\Daftarmasuk))
#3 C:\xampp\htdocs\Project_TA\TA-APP\system\CodeIgniter.php(336): CodeIgniter\CodeIgniter->handleRequest(NULL, Object(Config\Cache), false)
#4 C:\xampp\htdocs\Project_TA\TA-APP\public\index.php(37): CodeIgniter\CodeIgniter->run()
#5 C:\xampp\htdocs\Project_TA\TA-APP\system\Commands\Server\rewrite.php(45): require_once('C:\\xampp\\htdocs...')
#6 {main}
CRITICAL - 2021-10-24 05:02:10 --> Undefined variable $ModelDaftarmasuk
#0 C:\xampp\htdocs\Project_TA\TA-APP\app\Controllers\Daftarmasuk.php(33): CodeIgniter\Debug\Exceptions->errorHandler(2, 'Undefined varia...', 'C:\\xampp\\htdocs...', 33)
#1 C:\xampp\htdocs\Project_TA\TA-APP\system\CodeIgniter.php(928): App\Controllers\Daftarmasuk->detailData('1')
#2 C:\xampp\htdocs\Project_TA\TA-APP\system\CodeIgniter.php(436): CodeIgniter\CodeIgniter->runController(Object(App\Controllers\Daftarmasuk))
#3 C:\xampp\htdocs\Project_TA\TA-APP\system\CodeIgniter.php(336): CodeIgniter\CodeIgniter->handleRequest(NULL, Object(Config\Cache), false)
#4 C:\xampp\htdocs\Project_TA\TA-APP\public\index.php(37): CodeIgniter\CodeIgniter->run()
#5 C:\xampp\htdocs\Project_TA\TA-APP\system\Commands\Server\rewrite.php(45): require_once('C:\\xampp\\htdocs...')
#6 {main}
CRITICAL - 2021-10-24 05:15:52 --> Undefined variable $ModelDaftarmasuk
#0 C:\xampp\htdocs\Project_TA\TA-APP\app\Controllers\Daftarmasuk.php(33): CodeIgniter\Debug\Exceptions->errorHandler(2, 'Undefined varia...', 'C:\\xampp\\htdocs...', 33)
#1 C:\xampp\htdocs\Project_TA\TA-APP\system\CodeIgniter.php(928): App\Controllers\Daftarmasuk->detailData('1')
#2 C:\xampp\htdocs\Project_TA\TA-APP\system\CodeIgniter.php(436): CodeIgniter\CodeIgniter->runController(Object(App\Controllers\Daftarmasuk))
#3 C:\xampp\htdocs\Project_TA\TA-APP\system\CodeIgniter.php(336): CodeIgniter\CodeIgniter->handleRequest(NULL, Object(Config\Cache), false)
#4 C:\xampp\htdocs\Project_TA\TA-APP\public\index.php(37): CodeIgniter\CodeIgniter->run()
#5 C:\xampp\htdocs\Project_TA\TA-APP\system\Commands\Server\rewrite.php(45): require_once('C:\\xampp\\htdocs...')
#6 {main}
CRITICAL - 2021-10-24 05:16:48 --> Undefined variable $ModelDaftarmasuk
#0 C:\xampp\htdocs\Project_TA\TA-APP\app\Controllers\Daftarmasuk.php(33): CodeIgniter\Debug\Exceptions->errorHandler(2, 'Undefined varia...', 'C:\\xampp\\htdocs...', 33)
#1 C:\xampp\htdocs\Project_TA\TA-APP\system\CodeIgniter.php(928): App\Controllers\Daftarmasuk->detailData('1')
#2 C:\xampp\htdocs\Project_TA\TA-APP\system\CodeIgniter.php(436): CodeIgniter\CodeIgniter->runController(Object(App\Controllers\Daftarmasuk))
#3 C:\xampp\htdocs\Project_TA\TA-APP\system\CodeIgniter.php(336): CodeIgniter\CodeIgniter->handleRequest(NULL, Object(Config\Cache), false)
#4 C:\xampp\htdocs\Project_TA\TA-APP\public\index.php(37): CodeIgniter\CodeIgniter->run()
#5 C:\xampp\htdocs\Project_TA\TA-APP\system\Commands\Server\rewrite.php(45): require_once('C:\\xampp\\htdocs...')
#6 {main}
CRITICAL - 2021-10-24 05:17:51 --> Undefined variable $ModelDaftarmasuk
#0 C:\xampp\htdocs\Project_TA\TA-APP\app\Controllers\Daftarmasuk.php(33): CodeIgniter\Debug\Exceptions->errorHandler(2, 'Undefined varia...', 'C:\\xampp\\htdocs...', 33)
#1 C:\xampp\htdocs\Project_TA\TA-APP\system\CodeIgniter.php(928): App\Controllers\Daftarmasuk->detailData('1')
#2 C:\xampp\htdocs\Project_TA\TA-APP\system\CodeIgniter.php(436): CodeIgniter\CodeIgniter->runController(Object(App\Controllers\Daftarmasuk))
#3 C:\xampp\htdocs\Project_TA\TA-APP\system\CodeIgniter.php(336): CodeIgniter\CodeIgniter->handleRequest(NULL, Object(Config\Cache), false)
#4 C:\xampp\htdocs\Project_TA\TA-APP\public\index.php(37): CodeIgniter\CodeIgniter->run()
#5 C:\xampp\htdocs\Project_TA\TA-APP\system\Commands\Server\rewrite.php(45): require_once('C:\\xampp\\htdocs...')
#6 {main}
CRITICAL - 2021-10-24 05:18:15 --> Undefined variable $ModelDaftarmasuk
#0 C:\xampp\htdocs\Project_TA\TA-APP\app\Controllers\Daftarmasuk.php(33): CodeIgniter\Debug\Exceptions->errorHandler(2, 'Undefined varia...', 'C:\\xampp\\htdocs...', 33)
#1 C:\xampp\htdocs\Project_TA\TA-APP\system\CodeIgniter.php(928): App\Controllers\Daftarmasuk->detailData('1')
#2 C:\xampp\htdocs\Project_TA\TA-APP\system\CodeIgniter.php(436): CodeIgniter\CodeIgniter->runController(Object(App\Controllers\Daftarmasuk))
#3 C:\xampp\htdocs\Project_TA\TA-APP\system\CodeIgniter.php(336): CodeIgniter\CodeIgniter->handleRequest(NULL, Object(Config\Cache), false)
#4 C:\xampp\htdocs\Project_TA\TA-APP\public\index.php(37): CodeIgniter\CodeIgniter->run()
#5 C:\xampp\htdocs\Project_TA\TA-APP\system\Commands\Server\rewrite.php(45): require_once('C:\\xampp\\htdocs...')
#6 {main}
CRITICAL - 2021-10-24 05:18:25 --> Undefined variable $ModelDaftarmasuk
#0 C:\xampp\htdocs\Project_TA\TA-APP\app\Controllers\Daftarmasuk.php(33): CodeIgniter\Debug\Exceptions->errorHandler(2, 'Undefined varia...', 'C:\\xampp\\htdocs...', 33)
#1 C:\xampp\htdocs\Project_TA\TA-APP\system\CodeIgniter.php(928): App\Controllers\Daftarmasuk->detailData('1')
#2 C:\xampp\htdocs\Project_TA\TA-APP\system\CodeIgniter.php(436): CodeIgniter\CodeIgniter->runController(Object(App\Controllers\Daftarmasuk))
#3 C:\xampp\htdocs\Project_TA\TA-APP\system\CodeIgniter.php(336): CodeIgniter\CodeIgniter->handleRequest(NULL, Object(Config\Cache), false)
#4 C:\xampp\htdocs\Project_TA\TA-APP\public\index.php(37): CodeIgniter\CodeIgniter->run()
#5 C:\xampp\htdocs\Project_TA\TA-APP\system\Commands\Server\rewrite.php(45): require_once('C:\\xampp\\htdocs...')
#6 {main}
CRITICAL - 2021-10-24 05:18:34 --> Undefined variable $ModelDaftarmasuk
#0 C:\xampp\htdocs\Project_TA\TA-APP\app\Controllers\Daftarmasuk.php(33): CodeIgniter\Debug\Exceptions->errorHandler(2, 'Undefined varia...', 'C:\\xampp\\htdocs...', 33)
#1 C:\xampp\htdocs\Project_TA\TA-APP\system\CodeIgniter.php(928): App\Controllers\Daftarmasuk->detailData('1')
#2 C:\xampp\htdocs\Project_TA\TA-APP\system\CodeIgniter.php(436): CodeIgniter\CodeIgniter->runController(Object(App\Controllers\Daftarmasuk))
#3 C:\xampp\htdocs\Project_TA\TA-APP\system\CodeIgniter.php(336): CodeIgniter\CodeIgniter->handleRequest(NULL, Object(Config\Cache), false)
#4 C:\xampp\htdocs\Project_TA\TA-APP\public\index.php(37): CodeIgniter\CodeIgniter->run()
#5 C:\xampp\htdocs\Project_TA\TA-APP\system\Commands\Server\rewrite.php(45): require_once('C:\\xampp\\htdocs...')
#6 {main}
CRITICAL - 2021-10-24 05:18:44 --> Undefined variable $ModelDaftarmasuk
#0 C:\xampp\htdocs\Project_TA\TA-APP\app\Controllers\Daftarmasuk.php(33): CodeIgniter\Debug\Exceptions->errorHandler(2, 'Undefined varia...', 'C:\\xampp\\htdocs...', 33)
#1 C:\xampp\htdocs\Project_TA\TA-APP\system\CodeIgniter.php(928): App\Controllers\Daftarmasuk->detailData('1')
#2 C:\xampp\htdocs\Project_TA\TA-APP\system\CodeIgniter.php(436): CodeIgniter\CodeIgniter->runController(Object(App\Controllers\Daftarmasuk))
#3 C:\xampp\htdocs\Project_TA\TA-APP\system\CodeIgniter.php(336): CodeIgniter\CodeIgniter->handleRequest(NULL, Object(Config\Cache), false)
#4 C:\xampp\htdocs\Project_TA\TA-APP\public\index.php(37): CodeIgniter\CodeIgniter->run()
#5 C:\xampp\htdocs\Project_TA\TA-APP\system\Commands\Server\rewrite.php(45): require_once('C:\\xampp\\htdocs...')
#6 {main}
CRITICAL - 2021-10-24 05:18:53 --> Undefined variable $ModelDaftarmasuk
#0 C:\xampp\htdocs\Project_TA\TA-APP\app\Controllers\Daftarmasuk.php(33): CodeIgniter\Debug\Exceptions->errorHandler(2, 'Undefined varia...', 'C:\\xampp\\htdocs...', 33)
#1 C:\xampp\htdocs\Project_TA\TA-APP\system\CodeIgniter.php(928): App\Controllers\Daftarmasuk->detailData('1')
#2 C:\xampp\htdocs\Project_TA\TA-APP\system\CodeIgniter.php(436): CodeIgniter\CodeIgniter->runController(Object(App\Controllers\Daftarmasuk))
#3 C:\xampp\htdocs\Project_TA\TA-APP\system\CodeIgniter.php(336): CodeIgniter\CodeIgniter->handleRequest(NULL, Object(Config\Cache), false)
#4 C:\xampp\htdocs\Project_TA\TA-APP\public\index.php(37): CodeIgniter\CodeIgniter->run()
#5 C:\xampp\htdocs\Project_TA\TA-APP\system\Commands\Server\rewrite.php(45): require_once('C:\\xampp\\htdocs...')
#6 {main}
CRITICAL - 2021-10-24 05:19:05 --> Undefined variable $ModelDaftarmasuk
#0 C:\xampp\htdocs\Project_TA\TA-APP\app\Controllers\Daftarmasuk.php(33): CodeIgniter\Debug\Exceptions->errorHandler(2, 'Undefined varia...', 'C:\\xampp\\htdocs...', 33)
#1 C:\xampp\htdocs\Project_TA\TA-APP\system\CodeIgniter.php(928): App\Controllers\Daftarmasuk->detailData('1')
#2 C:\xampp\htdocs\Project_TA\TA-APP\system\CodeIgniter.php(436): CodeIgniter\CodeIgniter->runController(Object(App\Controllers\Daftarmasuk))
#3 C:\xampp\htdocs\Project_TA\TA-APP\system\CodeIgniter.php(336): CodeIgniter\CodeIgniter->handleRequest(NULL, Object(Config\Cache), false)
#4 C:\xampp\htdocs\Project_TA\TA-APP\public\index.php(37): CodeIgniter\CodeIgniter->run()
#5 C:\xampp\htdocs\Project_TA\TA-APP\system\Commands\Server\rewrite.php(45): require_once('C:\\xampp\\htdocs...')
#6 {main}
CRITICAL - 2021-10-24 05:21:57 --> Undefined array key "job_profile"
#0 C:\xampp\htdocs\Project_TA\TA-APP\app\Views\admin\Daftar\v_detail.php(34): CodeIgniter\Debug\Exceptions->errorHandler(2, 'Undefined array...', 'C:\\xampp\\htdocs...', 34)
#1 C:\xampp\htdocs\Project_TA\TA-APP\system\View\View.php(230): include('C:\\xampp\\htdocs...')
#2 C:\xampp\htdocs\Project_TA\TA-APP\system\View\View.php(232): CodeIgniter\View\View->CodeIgniter\View\{closure}()
#3 C:\xampp\htdocs\Project_TA\TA-APP\system\Common.php(1271): CodeIgniter\View\View->render('admin/Daftar/v_...', Array, true)
#4 C:\xampp\htdocs\Project_TA\TA-APP\app\Controllers\Daftarmasuk.php(35): view('admin/Daftar/v_...', Array)
#5 C:\xampp\htdocs\Project_TA\TA-APP\system\CodeIgniter.php(928): App\Controllers\Daftarmasuk->detailData('1')
#6 C:\xampp\htdocs\Project_TA\TA-APP\system\CodeIgniter.php(436): CodeIgniter\CodeIgniter->runController(Object(App\Controllers\Daftarmasuk))
#7 C:\xampp\htdocs\Project_TA\TA-APP\system\CodeIgniter.php(336): CodeIgniter\CodeIgniter->handleRequest(NULL, Object(Config\Cache), false)
#8 C:\xampp\htdocs\Project_TA\TA-APP\public\index.php(37): CodeIgniter\CodeIgniter->run()
#9 C:\xampp\htdocs\Project_TA\TA-APP\system\Commands\Server\rewrite.php(45): require_once('C:\\xampp\\htdocs...')
#10 {main}
CRITICAL - 2021-10-24 05:22:35 --> Undefined variable $ModelDaftarmasuk
#0 C:\xampp\htdocs\Project_TA\TA-APP\app\Controllers\Daftarmasuk.php(33): CodeIgniter\Debug\Exceptions->errorHandler(2, 'Undefined varia...', 'C:\\xampp\\htdocs...', 33)
#1 C:\xampp\htdocs\Project_TA\TA-APP\system\CodeIgniter.php(928): App\Controllers\Daftarmasuk->detailData('1')
#2 C:\xampp\htdocs\Project_TA\TA-APP\system\CodeIgniter.php(436): CodeIgniter\CodeIgniter->runController(Object(App\Controllers\Daftarmasuk))
#3 C:\xampp\htdocs\Project_TA\TA-APP\system\CodeIgniter.php(336): CodeIgniter\CodeIgniter->handleRequest(NULL, Object(Config\Cache), false)
#4 C:\xampp\htdocs\Project_TA\TA-APP\public\index.php(37): CodeIgniter\CodeIgniter->run()
#5 C:\xampp\htdocs\Project_TA\TA-APP\system\Commands\Server\rewrite.php(45): require_once('C:\\xampp\\htdocs...')
#6 {main}
CRITICAL - 2021-10-24 05:22:56 --> Undefined variable $ModelDaftarmasuk
#0 C:\xampp\htdocs\Project_TA\TA-APP\app\Controllers\Daftarmasuk.php(33): CodeIgniter\Debug\Exceptions->errorHandler(2, 'Undefined varia...', 'C:\\xampp\\htdocs...', 33)
#1 C:\xampp\htdocs\Project_TA\TA-APP\system\CodeIgniter.php(928): App\Controllers\Daftarmasuk->detailData('1')
#2 C:\xampp\htdocs\Project_TA\TA-APP\system\CodeIgniter.php(436): CodeIgniter\CodeIgniter->runController(Object(App\Controllers\Daftarmasuk))
#3 C:\xampp\htdocs\Project_TA\TA-APP\system\CodeIgniter.php(336): CodeIgniter\CodeIgniter->handleRequest(NULL, Object(Config\Cache), false)
#4 C:\xampp\htdocs\Project_TA\TA-APP\public\index.php(37): CodeIgniter\CodeIgniter->run()
#5 C:\xampp\htdocs\Project_TA\TA-APP\system\Commands\Server\rewrite.php(45): require_once('C:\\xampp\\htdocs...')
#6 {main}
CRITICAL - 2021-10-24 05:23:06 --> Undefined variable $ModelDaftarmasuk
#0 C:\xampp\htdocs\Project_TA\TA-APP\app\Controllers\Daftarmasuk.php(33): CodeIgniter\Debug\Exceptions->errorHandler(2, 'Undefined varia...', 'C:\\xampp\\htdocs...', 33)
#1 C:\xampp\htdocs\Project_TA\TA-APP\system\CodeIgniter.php(928): App\Controllers\Daftarmasuk->detailData('1')
#2 C:\xampp\htdocs\Project_TA\TA-APP\system\CodeIgniter.php(436): CodeIgniter\CodeIgniter->runController(Object(App\Controllers\Daftarmasuk))
#3 C:\xampp\htdocs\Project_TA\TA-APP\system\CodeIgniter.php(336): CodeIgniter\CodeIgniter->handleRequest(NULL, Object(Config\Cache), false)
#4 C:\xampp\htdocs\Project_TA\TA-APP\public\index.php(37): CodeIgniter\CodeIgniter->run()
#5 C:\xampp\htdocs\Project_TA\TA-APP\system\Commands\Server\rewrite.php(45): require_once('C:\\xampp\\htdocs...')
#6 {main}
CRITICAL - 2021-10-24 05:23:45 --> Undefined variable $ModelDaftarmasuk
#0 C:\xampp\htdocs\Project_TA\TA-APP\app\Controllers\Daftarmasuk.php(33): CodeIgniter\Debug\Exceptions->errorHandler(2, 'Undefined varia...', 'C:\\xampp\\htdocs...', 33)
#1 C:\xampp\htdocs\Project_TA\TA-APP\system\CodeIgniter.php(928): App\Controllers\Daftarmasuk->detailData('1')
#2 C:\xampp\htdocs\Project_TA\TA-APP\system\CodeIgniter.php(436): CodeIgniter\CodeIgniter->runController(Object(App\Controllers\Daftarmasuk))
#3 C:\xampp\htdocs\Project_TA\TA-APP\system\CodeIgniter.php(336): CodeIgniter\CodeIgniter->handleRequest(NULL, Object(Config\Cache), false)
#4 C:\xampp\htdocs\Project_TA\TA-APP\public\index.php(37): CodeIgniter\CodeIgniter->run()
#5 C:\xampp\htdocs\Project_TA\TA-APP\system\Commands\Server\rewrite.php(45): require_once('C:\\xampp\\htdocs...')
#6 {main}
CRITICAL - 2021-10-24 05:23:55 --> Undefined variable $ModelDaftarmasuk
#0 C:\xampp\htdocs\Project_TA\TA-APP\app\Controllers\Daftarmasuk.php(33): CodeIgniter\Debug\Exceptions->errorHandler(2, 'Undefined varia...', 'C:\\xampp\\htdocs...', 33)
#1 C:\xampp\htdocs\Project_TA\TA-APP\system\CodeIgniter.php(928): App\Controllers\Daftarmasuk->detailData('1')
#2 C:\xampp\htdocs\Project_TA\TA-APP\system\CodeIgniter.php(436): CodeIgniter\CodeIgniter->runController(Object(App\Controllers\Daftarmasuk))
#3 C:\xampp\htdocs\Project_TA\TA-APP\system\CodeIgniter.php(336): CodeIgniter\CodeIgniter->handleRequest(NULL, Object(Config\Cache), false)
#4 C:\xampp\htdocs\Project_TA\TA-APP\public\index.php(37): CodeIgniter\CodeIgniter->run()
#5 C:\xampp\htdocs\Project_TA\TA-APP\system\Commands\Server\rewrite.php(45): require_once('C:\\xampp\\htdocs...')
#6 {main}
CRITICAL - 2021-10-24 05:31:31 --> Undefined property: App\Controllers\Daftarmasuk::$ModelSiswa
#0 C:\xampp\htdocs\Project_TA\TA-APP\app\Controllers\Daftarmasuk.php(32): CodeIgniter\Debug\Exceptions->errorHandler(2, 'Undefined prope...', 'C:\\xampp\\htdocs...', 32)
#1 C:\xampp\htdocs\Project_TA\TA-APP\system\CodeIgniter.php(928): App\Controllers\Daftarmasuk->detailData('1')
#2 C:\xampp\htdocs\Project_TA\TA-APP\system\CodeIgniter.php(436): CodeIgniter\CodeIgniter->runController(Object(App\Controllers\Daftarmasuk))
#3 C:\xampp\htdocs\Project_TA\TA-APP\system\CodeIgniter.php(336): CodeIgniter\CodeIgniter->handleRequest(NULL, Object(Config\Cache), false)
#4 C:\xampp\htdocs\Project_TA\TA-APP\public\index.php(37): CodeIgniter\CodeIgniter->run()
#5 C:\xampp\htdocs\Project_TA\TA-APP\system\Commands\Server\rewrite.php(45): require_once('C:\\xampp\\htdocs...')
#6 {main}
CRITICAL - 2021-10-24 05:32:09 --> Undefined variable $ModelDaftarmasuk
#0 C:\xampp\htdocs\Project_TA\TA-APP\app\Controllers\Daftarmasuk.php(34): CodeIgniter\Debug\Exceptions->errorHandler(2, 'Undefined varia...', 'C:\\xampp\\htdocs...', 34)
#1 C:\xampp\htdocs\Project_TA\TA-APP\system\CodeIgniter.php(928): App\Controllers\Daftarmasuk->detailData('1')
#2 C:\xampp\htdocs\Project_TA\TA-APP\system\CodeIgniter.php(436): CodeIgniter\CodeIgniter->runController(Object(App\Controllers\Daftarmasuk))
#3 C:\xampp\htdocs\Project_TA\TA-APP\system\CodeIgniter.php(336): CodeIgniter\CodeIgniter->handleRequest(NULL, Object(Config\Cache), false)
#4 C:\xampp\htdocs\Project_TA\TA-APP\public\index.php(37): CodeIgniter\CodeIgniter->run()
#5 C:\xampp\htdocs\Project_TA\TA-APP\system\Commands\Server\rewrite.php(45): require_once('C:\\xampp\\htdocs...')
#6 {main}
CRITICAL - 2021-10-24 05:32:41 --> Undefined variable $ModelDaftarmasuk
#0 C:\xampp\htdocs\Project_TA\TA-APP\app\Controllers\Daftarmasuk.php(34): CodeIgniter\Debug\Exceptions->errorHandler(2, 'Undefined varia...', 'C:\\xampp\\htdocs...', 34)
#1 C:\xampp\htdocs\Project_TA\TA-APP\system\CodeIgniter.php(928): App\Controllers\Daftarmasuk->detailData('1')
#2 C:\xampp\htdocs\Project_TA\TA-APP\system\CodeIgniter.php(436): CodeIgniter\CodeIgniter->runController(Object(App\Controllers\Daftarmasuk))
#3 C:\xampp\htdocs\Project_TA\TA-APP\system\CodeIgniter.php(336): CodeIgniter\CodeIgniter->handleRequest(NULL, Object(Config\Cache), false)
#4 C:\xampp\htdocs\Project_TA\TA-APP\public\index.php(37): CodeIgniter\CodeIgniter->run()
#5 C:\xampp\htdocs\Project_TA\TA-APP\system\Commands\Server\rewrite.php(45): require_once('C:\\xampp\\htdocs...')
#6 {main}
CRITICAL - 2021-10-24 05:32:55 --> Undefined variable $ModelDaftarmasuk
#0 C:\xampp\htdocs\Project_TA\TA-APP\app\Controllers\Daftarmasuk.php(34): CodeIgniter\Debug\Exceptions->errorHandler(2, 'Undefined varia...', 'C:\\xampp\\htdocs...', 34)
#1 C:\xampp\htdocs\Project_TA\TA-APP\system\CodeIgniter.php(928): App\Controllers\Daftarmasuk->detailData('1')
#2 C:\xampp\htdocs\Project_TA\TA-APP\system\CodeIgniter.php(436): CodeIgniter\CodeIgniter->runController(Object(App\Controllers\Daftarmasuk))
#3 C:\xampp\htdocs\Project_TA\TA-APP\system\CodeIgniter.php(336): CodeIgniter\CodeIgniter->handleRequest(NULL, Object(Config\Cache), false)
#4 C:\xampp\htdocs\Project_TA\TA-APP\public\index.php(37): CodeIgniter\CodeIgniter->run()
#5 C:\xampp\htdocs\Project_TA\TA-APP\system\Commands\Server\rewrite.php(45): require_once('C:\\xampp\\htdocs...')
#6 {main}
CRITICAL - 2021-10-24 05:33:26 --> Undefined variable $ModelDaftarmasuk
#0 C:\xampp\htdocs\Project_TA\TA-APP\app\Controllers\Daftarmasuk.php(33): CodeIgniter\Debug\Exceptions->errorHandler(2, 'Undefined varia...', 'C:\\xampp\\htdocs...', 33)
#1 C:\xampp\htdocs\Project_TA\TA-APP\system\CodeIgniter.php(928): App\Controllers\Daftarmasuk->detailData('1')
#2 C:\xampp\htdocs\Project_TA\TA-APP\system\CodeIgniter.php(436): CodeIgniter\CodeIgniter->runController(Object(App\Controllers\Daftarmasuk))
#3 C:\xampp\htdocs\Project_TA\TA-APP\system\CodeIgniter.php(336): CodeIgniter\CodeIgniter->handleRequest(NULL, Object(Config\Cache), false)
#4 C:\xampp\htdocs\Project_TA\TA-APP\public\index.php(37): CodeIgniter\CodeIgniter->run()
#5 C:\xampp\htdocs\Project_TA\TA-APP\system\Commands\Server\rewrite.php(45): require_once('C:\\xampp\\htdocs...')
#6 {main}
CRITICAL - 2021-10-24 05:33:29 --> Undefined variable $ModelDaftarmasuk
#0 C:\xampp\htdocs\Project_TA\TA-APP\app\Controllers\Daftarmasuk.php(33): CodeIgniter\Debug\Exceptions->errorHandler(2, 'Undefined varia...', 'C:\\xampp\\htdocs...', 33)
#1 C:\xampp\htdocs\Project_TA\TA-APP\system\CodeIgniter.php(928): App\Controllers\Daftarmasuk->detailData('1')
#2 C:\xampp\htdocs\Project_TA\TA-APP\system\CodeIgniter.php(436): CodeIgniter\CodeIgniter->runController(Object(App\Controllers\Daftarmasuk))
#3 C:\xampp\htdocs\Project_TA\TA-APP\system\CodeIgniter.php(336): CodeIgniter\CodeIgniter->handleRequest(NULL, Object(Config\Cache), false)
#4 C:\xampp\htdocs\Project_TA\TA-APP\public\index.php(37): CodeIgniter\CodeIgniter->run()
#5 C:\xampp\htdocs\Project_TA\TA-APP\system\Commands\Server\rewrite.php(45): require_once('C:\\xampp\\htdocs...')
#6 {main}
CRITICAL - 2021-10-24 05:36:27 --> Undefined variable $ModelDaftarmasuk
#0 C:\xampp\htdocs\Project_TA\TA-APP\app\Controllers\Daftarmasuk.php(33): CodeIgniter\Debug\Exceptions->errorHandler(2, 'Undefined varia...', 'C:\\xampp\\htdocs...', 33)
#1 C:\xampp\htdocs\Project_TA\TA-APP\system\CodeIgniter.php(928): App\Controllers\Daftarmasuk->detailData('1')
#2 C:\xampp\htdocs\Project_TA\TA-APP\system\CodeIgniter.php(436): CodeIgniter\CodeIgniter->runController(Object(App\Controllers\Daftarmasuk))
#3 C:\xampp\htdocs\Project_TA\TA-APP\system\CodeIgniter.php(336): CodeIgniter\CodeIgniter->handleRequest(NULL, Object(Config\Cache), false)
#4 C:\xampp\htdocs\Project_TA\TA-APP\public\index.php(37): CodeIgniter\CodeIgniter->run()
#5 C:\xampp\htdocs\Project_TA\TA-APP\system\Commands\Server\rewrite.php(45): require_once('C:\\xampp\\htdocs...')
#6 {main}
CRITICAL - 2021-10-24 05:41:12 --> Undefined variable $ModelDaftarmasuk
#0 C:\xampp\htdocs\Project_TA\TA-APP\app\Controllers\Daftarmasuk.php(33): CodeIgniter\Debug\Exceptions->errorHandler(2, 'Undefined varia...', 'C:\\xampp\\htdocs...', 33)
#1 C:\xampp\htdocs\Project_TA\TA-APP\system\CodeIgniter.php(928): App\Controllers\Daftarmasuk->detailData('1')
#2 C:\xampp\htdocs\Project_TA\TA-APP\system\CodeIgniter.php(436): CodeIgniter\CodeIgniter->runController(Object(App\Controllers\Daftarmasuk))
#3 C:\xampp\htdocs\Project_TA\TA-APP\system\CodeIgniter.php(336): CodeIgniter\CodeIgniter->handleRequest(NULL, Object(Config\Cache), false)
#4 C:\xampp\htdocs\Project_TA\TA-APP\public\index.php(37): CodeIgniter\CodeIgniter->run()
#5 C:\xampp\htdocs\Project_TA\TA-APP\system\Commands\Server\rewrite.php(45): require_once('C:\\xampp\\htdocs...')
#6 {main}
CRITICAL - 2021-10-24 08:36:04 --> Undefined array key "id_user"
#0 C:\xampp\htdocs\Project_TA\TA-APP\app\Views\admin\Daftar\v_absensiswa.php(35): CodeIgniter\Debug\Exceptions->errorHandler(2, 'Undefined array...', 'C:\\xampp\\htdocs...', 35)
#1 C:\xampp\htdocs\Project_TA\TA-APP\system\View\View.php(230): include('C:\\xampp\\htdocs...')
#2 C:\xampp\htdocs\Project_TA\TA-APP\system\View\View.php(232): CodeIgniter\View\View->CodeIgniter\View\{closure}()
#3 C:\xampp\htdocs\Project_TA\TA-APP\system\Common.php(1271): CodeIgniter\View\View->render('admin/daftar/v_...', Array, true)
#4 C:\xampp\htdocs\Project_TA\TA-APP\app\Controllers\Absen.php(27): view('admin/daftar/v_...', Array)
#5 C:\xampp\htdocs\Project_TA\TA-APP\system\CodeIgniter.php(928): App\Controllers\Absen->index()
#6 C:\xampp\htdocs\Project_TA\TA-APP\system\CodeIgniter.php(436): CodeIgniter\CodeIgniter->runController(Object(App\Controllers\Absen))
#7 C:\xampp\htdocs\Project_TA\TA-APP\system\CodeIgniter.php(336): CodeIgniter\CodeIgniter->handleRequest(NULL, Object(Config\Cache), false)
#8 C:\xampp\htdocs\Project_TA\TA-APP\public\index.php(37): CodeIgniter\CodeIgniter->run()
#9 C:\xampp\htdocs\Project_TA\TA-APP\system\Commands\Server\rewrite.php(45): require_once('C:\\xampp\\htdocs...')
#10 {main}
CRITICAL - 2021-10-24 08:42:52 --> Undefined variable $user
#0 C:\xampp\htdocs\Project_TA\TA-APP\app\Views\admin\Daftar\v_absensiswa.php(47): CodeIgniter\Debug\Exceptions->errorHandler(2, 'Undefined varia...', 'C:\\xampp\\htdocs...', 47)
#1 C:\xampp\htdocs\Project_TA\TA-APP\system\View\View.php(230): include('C:\\xampp\\htdocs...')
#2 C:\xampp\htdocs\Project_TA\TA-APP\system\View\View.php(232): CodeIgniter\View\View->CodeIgniter\View\{closure}()
#3 C:\xampp\htdocs\Project_TA\TA-APP\system\Common.php(1271): CodeIgniter\View\View->render('admin/daftar/v_...', Array, true)
#4 C:\xampp\htdocs\Project_TA\TA-APP\app\Controllers\Absen.php(27): view('admin/daftar/v_...', Array)
#5 C:\xampp\htdocs\Project_TA\TA-APP\system\CodeIgniter.php(928): App\Controllers\Absen->index()
#6 C:\xampp\htdocs\Project_TA\TA-APP\system\CodeIgniter.php(436): CodeIgniter\CodeIgniter->runController(Object(App\Controllers\Absen))
#7 C:\xampp\htdocs\Project_TA\TA-APP\system\CodeIgniter.php(336): CodeIgniter\CodeIgniter->handleRequest(NULL, Object(Config\Cache), false)
#8 C:\xampp\htdocs\Project_TA\TA-APP\public\index.php(37): CodeIgniter\CodeIgniter->run()
#9 C:\xampp\htdocs\Project_TA\TA-APP\system\Commands\Server\rewrite.php(45): require_once('C:\\xampp\\htdocs...')
#10 {main}
CRITICAL - 2021-10-24 08:43:09 --> Undefined variable $user
#0 C:\xampp\htdocs\Project_TA\TA-APP\app\Views\admin\Daftar\v_absensiswa.php(104): CodeIgniter\Debug\Exceptions->errorHandler(2, 'Undefined varia...', 'C:\\xampp\\htdocs...', 104)
#1 C:\xampp\htdocs\Project_TA\TA-APP\system\View\View.php(230): include('C:\\xampp\\htdocs...')
#2 C:\xampp\htdocs\Project_TA\TA-APP\system\View\View.php(232): CodeIgniter\View\View->CodeIgniter\View\{closure}()
#3 C:\xampp\htdocs\Project_TA\TA-APP\system\Common.php(1271): CodeIgniter\View\View->render('admin/daftar/v_...', Array, true)
#4 C:\xampp\htdocs\Project_TA\TA-APP\app\Controllers\Absen.php(27): view('admin/daftar/v_...', Array)
#5 C:\xampp\htdocs\Project_TA\TA-APP\system\CodeIgniter.php(928): App\Controllers\Absen->index()
#6 C:\xampp\htdocs\Project_TA\TA-APP\system\CodeIgniter.php(436): CodeIgniter\CodeIgniter->runController(Object(App\Controllers\Absen))
#7 C:\xampp\htdocs\Project_TA\TA-APP\system\CodeIgniter.php(336): CodeIgniter\CodeIgniter->handleRequest(NULL, Object(Config\Cache), false)
#8 C:\xampp\htdocs\Project_TA\TA-APP\public\index.php(37): CodeIgniter\CodeIgniter->run()
#9 C:\xampp\htdocs\Project_TA\TA-APP\system\Commands\Server\rewrite.php(45): require_once('C:\\xampp\\htdocs...')
#10 {main}
CRITICAL - 2021-10-24 08:52:48 --> Undefined property: App\Controllers\Absen::$ModelAbsen
#0 C:\xampp\htdocs\Project_TA\TA-APP\app\Controllers\Absen.php(126): CodeIgniter\Debug\Exceptions->errorHandler(2, 'Undefined prope...', 'C:\\xampp\\htdocs...', 126)
#1 C:\xampp\htdocs\Project_TA\TA-APP\system\CodeIgniter.php(928): App\Controllers\Absen->editData('1')
#2 C:\xampp\htdocs\Project_TA\TA-APP\system\CodeIgniter.php(436): CodeIgniter\CodeIgniter->runController(Object(App\Controllers\Absen))
#3 C:\xampp\htdocs\Project_TA\TA-APP\system\CodeIgniter.php(336): CodeIgniter\CodeIgniter->handleRequest(NULL, Object(Config\Cache), false)
#4 C:\xampp\htdocs\Project_TA\TA-APP\public\index.php(37): CodeIgniter\CodeIgniter->run()
#5 C:\xampp\htdocs\Project_TA\TA-APP\system\Commands\Server\rewrite.php(45): require_once('C:\\xampp\\htdocs...')
#6 {main}
CRITICAL - 2021-10-24 08:53:04 --> Undefined array key "id_user"
#0 C:\xampp\htdocs\Project_TA\TA-APP\app\Models\ModelAbsensi.php(26): CodeIgniter\Debug\Exceptions->errorHandler(2, 'Undefined array...', 'C:\\xampp\\htdocs...', 26)
#1 C:\xampp\htdocs\Project_TA\TA-APP\app\Controllers\Absen.php(126): App\Models\ModelAbsensi->editData(Array)
#2 C:\xampp\htdocs\Project_TA\TA-APP\system\CodeIgniter.php(928): App\Controllers\Absen->editData('1')
#3 C:\xampp\htdocs\Project_TA\TA-APP\system\CodeIgniter.php(436): CodeIgniter\CodeIgniter->runController(Object(App\Controllers\Absen))
#4 C:\xampp\htdocs\Project_TA\TA-APP\system\CodeIgniter.php(336): CodeIgniter\CodeIgniter->handleRequest(NULL, Object(Config\Cache), false)
#5 C:\xampp\htdocs\Project_TA\TA-APP\public\index.php(37): CodeIgniter\CodeIgniter->run()
#6 C:\xampp\htdocs\Project_TA\TA-APP\system\Commands\Server\rewrite.php(45): require_once('C:\\xampp\\htdocs...')
#7 {main}
ERROR - 2021-10-24 08:54:57 --> Operand should contain 1 column(s)
CRITICAL - 2021-10-24 08:54:57 --> Operand should contain 1 column(s)
#0 C:\xampp\htdocs\Project_TA\TA-APP\system\Database\MySQLi\Connection.php(329): mysqli->query('UPDATE `tbl_abs...')
#1 C:\xampp\htdocs\Project_TA\TA-APP\system\Database\BaseConnection.php(732): CodeIgniter\Database\MySQLi\Connection->execute('UPDATE `tbl_abs...')
#2 C:\xampp\htdocs\Project_TA\TA-APP\system\Database\BaseConnection.php(647): CodeIgniter\Database\BaseConnection->simpleQuery('UPDATE `tbl_abs...')
#3 C:\xampp\htdocs\Project_TA\TA-APP\system\Database\BaseBuilder.php(2482): CodeIgniter\Database\BaseConnection->query('UPDATE `tbl_abs...', Array, false)
#4 C:\xampp\htdocs\Project_TA\TA-APP\app\Models\ModelAbsensi.php(27): CodeIgniter\Database\BaseBuilder->update(Array)
#5 C:\xampp\htdocs\Project_TA\TA-APP\app\Controllers\Absen.php(126): App\Models\ModelAbsensi->editData(Array)
#6 C:\xampp\htdocs\Project_TA\TA-APP\system\CodeIgniter.php(928): App\Controllers\Absen->editData('1')
#7 C:\xampp\htdocs\Project_TA\TA-APP\system\CodeIgniter.php(436): CodeIgniter\CodeIgniter->runController(Object(App\Controllers\Absen))
#8 C:\xampp\htdocs\Project_TA\TA-APP\system\CodeIgniter.php(336): CodeIgniter\CodeIgniter->handleRequest(NULL, Object(Config\Cache), false)
#9 C:\xampp\htdocs\Project_TA\TA-APP\public\index.php(37): CodeIgniter\CodeIgniter->run()
#10 C:\xampp\htdocs\Project_TA\TA-APP\system\Commands\Server\rewrite.php(45): require_once('C:\\xampp\\htdocs...')
#11 {main}
ERROR - 2021-10-24 08:57:31 --> Operand should contain 1 column(s)
CRITICAL - 2021-10-24 08:57:31 --> Operand should contain 1 column(s)
#0 C:\xampp\htdocs\Project_TA\TA-APP\system\Database\MySQLi\Connection.php(329): mysqli->query('UPDATE `tbl_abs...')
#1 C:\xampp\htdocs\Project_TA\TA-APP\system\Database\BaseConnection.php(732): CodeIgniter\Database\MySQLi\Connection->execute('UPDATE `tbl_abs...')
#2 C:\xampp\htdocs\Project_TA\TA-APP\system\Database\BaseConnection.php(647): CodeIgniter\Database\BaseConnection->simpleQuery('UPDATE `tbl_abs...')
#3 C:\xampp\htdocs\Project_TA\TA-APP\system\Database\BaseBuilder.php(2482): CodeIgniter\Database\BaseConnection->query('UPDATE `tbl_abs...', Array, false)
#4 C:\xampp\htdocs\Project_TA\TA-APP\app\Models\ModelAbsensi.php(27): CodeIgniter\Database\BaseBuilder->update(Array)
#5 C:\xampp\htdocs\Project_TA\TA-APP\app\Controllers\Absen.php(126): App\Models\ModelAbsensi->editData(Array)
#6 C:\xampp\htdocs\Project_TA\TA-APP\system\CodeIgniter.php(928): App\Controllers\Absen->editData('1')
#7 C:\xampp\htdocs\Project_TA\TA-APP\system\CodeIgniter.php(436): CodeIgniter\CodeIgniter->runController(Object(App\Controllers\Absen))
#8 C:\xampp\htdocs\Project_TA\TA-APP\system\CodeIgniter.php(336): CodeIgniter\CodeIgniter->handleRequest(NULL, Object(Config\Cache), false)
#9 C:\xampp\htdocs\Project_TA\TA-APP\public\index.php(37): CodeIgniter\CodeIgniter->run()
#10 C:\xampp\htdocs\Project_TA\TA-APP\system\Commands\Server\rewrite.php(45): require_once('C:\\xampp\\htdocs...')
#11 {main}
ERROR - 2021-10-24 08:59:16 --> Operand should contain 1 column(s)
CRITICAL - 2021-10-24 08:59:16 --> Operand should contain 1 column(s)
#0 C:\xampp\htdocs\Project_TA\TA-APP\system\Database\MySQLi\Connection.php(329): mysqli->query('UPDATE `tbl_abs...')
#1 C:\xampp\htdocs\Project_TA\TA-APP\system\Database\BaseConnection.php(732): CodeIgniter\Database\MySQLi\Connection->execute('UPDATE `tbl_abs...')
#2 C:\xampp\htdocs\Project_TA\TA-APP\system\Database\BaseConnection.php(647): CodeIgniter\Database\BaseConnection->simpleQuery('UPDATE `tbl_abs...')
#3 C:\xampp\htdocs\Project_TA\TA-APP\system\Database\BaseBuilder.php(2482): CodeIgniter\Database\BaseConnection->query('UPDATE `tbl_abs...', Array, false)
#4 C:\xampp\htdocs\Project_TA\TA-APP\app\Models\ModelAbsensi.php(27): CodeIgniter\Database\BaseBuilder->update(Array)
#5 C:\xampp\htdocs\Project_TA\TA-APP\app\Controllers\Absen.php(126): App\Models\ModelAbsensi->editData(Array)
#6 C:\xampp\htdocs\Project_TA\TA-APP\system\CodeIgniter.php(928): App\Controllers\Absen->editData('4')
#7 C:\xampp\htdocs\Project_TA\TA-APP\system\CodeIgniter.php(436): CodeIgniter\CodeIgniter->runController(Object(App\Controllers\Absen))
#8 C:\xampp\htdocs\Project_TA\TA-APP\system\CodeIgniter.php(336): CodeIgniter\CodeIgniter->handleRequest(NULL, Object(Config\Cache), false)
#9 C:\xampp\htdocs\Project_TA\TA-APP\public\index.php(37): CodeIgniter\CodeIgniter->run()
#10 C:\xampp\htdocs\Project_TA\TA-APP\system\Commands\Server\rewrite.php(45): require_once('C:\\xampp\\htdocs...')
#11 {main}
ERROR - 2021-10-24 09:07:57 --> Operand should contain 1 column(s)
CRITICAL - 2021-10-24 09:07:57 --> Operand should contain 1 column(s)
#0 C:\xampp\htdocs\Project_TA\TA-APP\system\Database\MySQLi\Connection.php(329): mysqli->query('UPDATE `tbl_abs...')
#1 C:\xampp\htdocs\Project_TA\TA-APP\system\Database\BaseConnection.php(732): CodeIgniter\Database\MySQLi\Connection->execute('UPDATE `tbl_abs...')
#2 C:\xampp\htdocs\Project_TA\TA-APP\system\Database\BaseConnection.php(647): CodeIgniter\Database\BaseConnection->simpleQuery('UPDATE `tbl_abs...')
#3 C:\xampp\htdocs\Project_TA\TA-APP\system\Database\BaseBuilder.php(2482): CodeIgniter\Database\BaseConnection->query('UPDATE `tbl_abs...', Array, false)
#4 C:\xampp\htdocs\Project_TA\TA-APP\app\Models\ModelAbsensi.php(27): CodeIgniter\Database\BaseBuilder->update(Array)
#5 C:\xampp\htdocs\Project_TA\TA-APP\app\Controllers\Absen.php(126): App\Models\ModelAbsensi->editData(Array)
#6 C:\xampp\htdocs\Project_TA\TA-APP\system\CodeIgniter.php(928): App\Controllers\Absen->editData('4')
#7 C:\xampp\htdocs\Project_TA\TA-APP\system\CodeIgniter.php(436): CodeIgniter\CodeIgniter->runController(Object(App\Controllers\Absen))
#8 C:\xampp\htdocs\Project_TA\TA-APP\system\CodeIgniter.php(336): CodeIgniter\CodeIgniter->handleRequest(NULL, Object(Config\Cache), false)
#9 C:\xampp\htdocs\Project_TA\TA-APP\public\index.php(37): CodeIgniter\CodeIgniter->run()
#10 C:\xampp\htdocs\Project_TA\TA-APP\system\Commands\Server\rewrite.php(45): require_once('C:\\xampp\\htdocs...')
#11 {main}
CRITICAL - 2021-10-24 09:09:28 --> Undefined property: App\Controllers\Absen::$ModelAbsen
#0 C:\xampp\htdocs\Project_TA\TA-APP\app\Controllers\Absen.php(136): CodeIgniter\Debug\Exceptions->errorHandler(2, 'Undefined prope...', 'C:\\xampp\\htdocs...', 136)
#1 C:\xampp\htdocs\Project_TA\TA-APP\system\CodeIgniter.php(928): App\Controllers\Absen->deleteData('4')
#2 C:\xampp\htdocs\Project_TA\TA-APP\system\CodeIgniter.php(436): CodeIgniter\CodeIgniter->runController(Object(App\Controllers\Absen))
#3 C:\xampp\htdocs\Project_TA\TA-APP\system\CodeIgniter.php(336): CodeIgniter\CodeIgniter->handleRequest(NULL, Object(Config\Cache), false)
#4 C:\xampp\htdocs\Project_TA\TA-APP\public\index.php(37): CodeIgniter\CodeIgniter->run()
#5 C:\xampp\htdocs\Project_TA\TA-APP\system\Commands\Server\rewrite.php(45): require_once('C:\\xampp\\htdocs...')
#6 {main}
ERROR - 2021-10-24 09:15:57 --> Unknown column 'id_absensi' in 'where clause'
CRITICAL - 2021-10-24 09:15:57 --> Unknown column 'id_absensi' in 'where clause'
#0 C:\xampp\htdocs\Project_TA\TA-APP\system\Database\MySQLi\Connection.php(329): mysqli->query('UPDATE `tbl_abs...')
#1 C:\xampp\htdocs\Project_TA\TA-APP\system\Database\BaseConnection.php(732): CodeIgniter\Database\MySQLi\Connection->execute('UPDATE `tbl_abs...')
#2 C:\xampp\htdocs\Project_TA\TA-APP\system\Database\BaseConnection.php(647): CodeIgniter\Database\BaseConnection->simpleQuery('UPDATE `tbl_abs...')
#3 C:\xampp\htdocs\Project_TA\TA-APP\system\Database\BaseBuilder.php(2482): CodeIgniter\Database\BaseConnection->query('UPDATE `tbl_abs...', Array, false)
#4 C:\xampp\htdocs\Project_TA\TA-APP\app\Models\ModelAbsensi.php(27): CodeIgniter\Database\BaseBuilder->update(Array)
#5 C:\xampp\htdocs\Project_TA\TA-APP\app\Controllers\Absen.php(126): App\Models\ModelAbsensi->editData(Array)
#6 C:\xampp\htdocs\Project_TA\TA-APP\system\CodeIgniter.php(928): App\Controllers\Absen->editData('6')
#7 C:\xampp\htdocs\Project_TA\TA-APP\system\CodeIgniter.php(436): CodeIgniter\CodeIgniter->runController(Object(App\Controllers\Absen))
#8 C:\xampp\htdocs\Project_TA\TA-APP\system\CodeIgniter.php(336): CodeIgniter\CodeIgniter->handleRequest(NULL, Object(Config\Cache), false)
#9 C:\xampp\htdocs\Project_TA\TA-APP\public\index.php(37): CodeIgniter\CodeIgniter->run()
#10 C:\xampp\htdocs\Project_TA\TA-APP\system\Commands\Server\rewrite.php(45): require_once('C:\\xampp\\htdocs...')
#11 {main}
ERROR - 2021-10-24 09:16:16 --> Operand should contain 1 column(s)
CRITICAL - 2021-10-24 09:16:16 --> Operand should contain 1 column(s)
#0 C:\xampp\htdocs\Project_TA\TA-APP\system\Database\MySQLi\Connection.php(329): mysqli->query('UPDATE `tbl_abs...')
#1 C:\xampp\htdocs\Project_TA\TA-APP\system\Database\BaseConnection.php(732): CodeIgniter\Database\MySQLi\Connection->execute('UPDATE `tbl_abs...')
#2 C:\xampp\htdocs\Project_TA\TA-APP\system\Database\BaseConnection.php(647): CodeIgniter\Database\BaseConnection->simpleQuery('UPDATE `tbl_abs...')
#3 C:\xampp\htdocs\Project_TA\TA-APP\system\Database\BaseBuilder.php(2482): CodeIgniter\Database\BaseConnection->query('UPDATE `tbl_abs...', Array, false)
#4 C:\xampp\htdocs\Project_TA\TA-APP\app\Models\ModelAbsensi.php(27): CodeIgniter\Database\BaseBuilder->update(Array)
#5 C:\xampp\htdocs\Project_TA\TA-APP\app\Controllers\Absen.php(126): App\Models\ModelAbsensi->editData(Array)
#6 C:\xampp\htdocs\Project_TA\TA-APP\system\CodeIgniter.php(928): App\Controllers\Absen->editData('6')
#7 C:\xampp\htdocs\Project_TA\TA-APP\system\CodeIgniter.php(436): CodeIgniter\CodeIgniter->runController(Object(App\Controllers\Absen))
#8 C:\xampp\htdocs\Project_TA\TA-APP\system\CodeIgniter.php(336): CodeIgniter\CodeIgniter->handleRequest(NULL, Object(Config\Cache), false)
#9 C:\xampp\htdocs\Project_TA\TA-APP\public\index.php(37): CodeIgniter\CodeIgniter->run()
#10 C:\xampp\htdocs\Project_TA\TA-APP\system\Commands\Server\rewrite.php(45): require_once('C:\\xampp\\htdocs...')
#11 {main}
ERROR - 2021-10-24 09:16:21 --> Operand should contain 1 column(s)
CRITICAL - 2021-10-24 09:16:21 --> Operand should contain 1 column(s)
#0 C:\xampp\htdocs\Project_TA\TA-APP\system\Database\MySQLi\Connection.php(329): mysqli->query('UPDATE `tbl_abs...')
#1 C:\xampp\htdocs\Project_TA\TA-APP\system\Database\BaseConnection.php(732): CodeIgniter\Database\MySQLi\Connection->execute('UPDATE `tbl_abs...')
#2 C:\xampp\htdocs\Project_TA\TA-APP\system\Database\BaseConnection.php(647): CodeIgniter\Database\BaseConnection->simpleQuery('UPDATE `tbl_abs...')
#3 C:\xampp\htdocs\Project_TA\TA-APP\system\Database\BaseBuilder.php(2482): CodeIgniter\Database\BaseConnection->query('UPDATE `tbl_abs...', Array, false)
#4 C:\xampp\htdocs\Project_TA\TA-APP\app\Models\ModelAbsensi.php(27): CodeIgniter\Database\BaseBuilder->update(Array)
#5 C:\xampp\htdocs\Project_TA\TA-APP\app\Controllers\Absen.php(126): App\Models\ModelAbsensi->editData(Array)
#6 C:\xampp\htdocs\Project_TA\TA-APP\system\CodeIgniter.php(928): App\Controllers\Absen->editData('6')
#7 C:\xampp\htdocs\Project_TA\TA-APP\system\CodeIgniter.php(436): CodeIgniter\CodeIgniter->runController(Object(App\Controllers\Absen))
#8 C:\xampp\htdocs\Project_TA\TA-APP\system\CodeIgniter.php(336): CodeIgniter\CodeIgniter->handleRequest(NULL, Object(Config\Cache), false)
#9 C:\xampp\htdocs\Project_TA\TA-APP\public\index.php(37): CodeIgniter\CodeIgniter->run()
#10 C:\xampp\htdocs\Project_TA\TA-APP\system\Commands\Server\rewrite.php(45): require_once('C:\\xampp\\htdocs...')
#11 {main}
CRITICAL - 2021-10-24 09:17:48 --> Undefined property: App\Controllers\Absen::$ModelAbsen
#0 C:\xampp\htdocs\Project_TA\TA-APP\app\Controllers\Absen.php(126): CodeIgniter\Debug\Exceptions->errorHandler(2, 'Undefined prope...', 'C:\\xampp\\htdocs...', 126)
#1 C:\xampp\htdocs\Project_TA\TA-APP\system\CodeIgniter.php(928): App\Controllers\Absen->editData('6')
#2 C:\xampp\htdocs\Project_TA\TA-APP\system\CodeIgniter.php(436): CodeIgniter\CodeIgniter->runController(Object(App\Controllers\Absen))
#3 C:\xampp\htdocs\Project_TA\TA-APP\system\CodeIgniter.php(336): CodeIgniter\CodeIgniter->handleRequest(NULL, Object(Config\Cache), false)
#4 C:\xampp\htdocs\Project_TA\TA-APP\public\index.php(37): CodeIgniter\CodeIgniter->run()
#5 C:\xampp\htdocs\Project_TA\TA-APP\system\Commands\Server\rewrite.php(45): require_once('C:\\xampp\\htdocs...')
#6 {main}
ERROR - 2021-10-24 09:23:19 --> Operand should contain 1 column(s)
CRITICAL - 2021-10-24 09:23:19 --> Operand should contain 1 column(s)
#0 C:\xampp\htdocs\Project_TA\TA-APP\system\Database\MySQLi\Connection.php(329): mysqli->query('UPDATE `tbl_abs...')
#1 C:\xampp\htdocs\Project_TA\TA-APP\system\Database\BaseConnection.php(732): CodeIgniter\Database\MySQLi\Connection->execute('UPDATE `tbl_abs...')
#2 C:\xampp\htdocs\Project_TA\TA-APP\system\Database\BaseConnection.php(647): CodeIgniter\Database\BaseConnection->simpleQuery('UPDATE `tbl_abs...')
#3 C:\xampp\htdocs\Project_TA\TA-APP\system\Database\BaseBuilder.php(2482): CodeIgniter\Database\BaseConnection->query('UPDATE `tbl_abs...', Array, false)
#4 C:\xampp\htdocs\Project_TA\TA-APP\app\Models\ModelAbsensi.php(27): CodeIgniter\Database\BaseBuilder->update(Array)
#5 C:\xampp\htdocs\Project_TA\TA-APP\app\Controllers\Absen.php(126): App\Models\ModelAbsensi->editData(Array)
#6 C:\xampp\htdocs\Project_TA\TA-APP\system\CodeIgniter.php(928): App\Controllers\Absen->editData('5')
#7 C:\xampp\htdocs\Project_TA\TA-APP\system\CodeIgniter.php(436): CodeIgniter\CodeIgniter->runController(Object(App\Controllers\Absen))
#8 C:\xampp\htdocs\Project_TA\TA-APP\system\CodeIgniter.php(336): CodeIgniter\CodeIgniter->handleRequest(NULL, Object(Config\Cache), false)
#9 C:\xampp\htdocs\Project_TA\TA-APP\public\index.php(37): CodeIgniter\CodeIgniter->run()
#10 C:\xampp\htdocs\Project_TA\TA-APP\system\Commands\Server\rewrite.php(45): require_once('C:\\xampp\\htdocs...')
#11 {main}
ERROR - 2021-10-24 09:27:20 --> Operand should contain 1 column(s)
CRITICAL - 2021-10-24 09:27:20 --> Operand should contain 1 column(s)
#0 C:\xampp\htdocs\Project_TA\TA-APP\system\Database\MySQLi\Connection.php(329): mysqli->query('UPDATE `tbl_abs...')
#1 C:\xampp\htdocs\Project_TA\TA-APP\system\Database\BaseConnection.php(732): CodeIgniter\Database\MySQLi\Connection->execute('UPDATE `tbl_abs...')
#2 C:\xampp\htdocs\Project_TA\TA-APP\system\Database\BaseConnection.php(647): CodeIgniter\Database\BaseConnection->simpleQuery('UPDATE `tbl_abs...')
#3 C:\xampp\htdocs\Project_TA\TA-APP\system\Database\BaseBuilder.php(2482): CodeIgniter\Database\BaseConnection->query('UPDATE `tbl_abs...', Array, false)
#4 C:\xampp\htdocs\Project_TA\TA-APP\app\Models\ModelAbsensi.php(27): CodeIgniter\Database\BaseBuilder->update(Array)
#5 C:\xampp\htdocs\Project_TA\TA-APP\app\Controllers\Absen.php(126): App\Models\ModelAbsensi->editData(Array)
#6 C:\xampp\htdocs\Project_TA\TA-APP\system\CodeIgniter.php(928): App\Controllers\Absen->editData('5')
#7 C:\xampp\htdocs\Project_TA\TA-APP\system\CodeIgniter.php(436): CodeIgniter\CodeIgniter->runController(Object(App\Controllers\Absen))
#8 C:\xampp\htdocs\Project_TA\TA-APP\system\CodeIgniter.php(336): CodeIgniter\CodeIgniter->handleRequest(NULL, Object(Config\Cache), false)
#9 C:\xampp\htdocs\Project_TA\TA-APP\public\index.php(37): CodeIgniter\CodeIgniter->run()
#10 C:\xampp\htdocs\Project_TA\TA-APP\system\Commands\Server\rewrite.php(45): require_once('C:\\xampp\\htdocs...')
#11 {main}
ERROR - 2021-10-24 09:37:41 --> Operand should contain 1 column(s)
CRITICAL - 2021-10-24 09:37:41 --> Operand should contain 1 column(s)
#0 C:\xampp\htdocs\Project_TA\TA-APP\system\Database\MySQLi\Connection.php(329): mysqli->query('UPDATE `tbl_abs...')
#1 C:\xampp\htdocs\Project_TA\TA-APP\system\Database\BaseConnection.php(732): CodeIgniter\Database\MySQLi\Connection->execute('UPDATE `tbl_abs...')
#2 C:\xampp\htdocs\Project_TA\TA-APP\system\Database\BaseConnection.php(647): CodeIgniter\Database\BaseConnection->simpleQuery('UPDATE `tbl_abs...')
#3 C:\xampp\htdocs\Project_TA\TA-APP\system\Database\BaseBuilder.php(2482): CodeIgniter\Database\BaseConnection->query('UPDATE `tbl_abs...', Array, false)
#4 C:\xampp\htdocs\Project_TA\TA-APP\app\Models\ModelAbsensi.php(27): CodeIgniter\Database\BaseBuilder->update(Array)
#5 C:\xampp\htdocs\Project_TA\TA-APP\app\Controllers\Absen.php(126): App\Models\ModelAbsensi->editData(Array)
#6 C:\xampp\htdocs\Project_TA\TA-APP\system\CodeIgniter.php(928): App\Controllers\Absen->editData('5')
#7 C:\xampp\htdocs\Project_TA\TA-APP\system\CodeIgniter.php(436): CodeIgniter\CodeIgniter->runController(Object(App\Controllers\Absen))
#8 C:\xampp\htdocs\Project_TA\TA-APP\system\CodeIgniter.php(336): CodeIgniter\CodeIgniter->handleRequest(NULL, Object(Config\Cache), false)
#9 C:\xampp\htdocs\Project_TA\TA-APP\public\index.php(37): CodeIgniter\CodeIgniter->run()
#10 C:\xampp\htdocs\Project_TA\TA-APP\system\Commands\Server\rewrite.php(45): require_once('C:\\xampp\\htdocs...')
#11 {main}
ERROR - 2021-10-24 09:38:15 --> Operand should contain 1 column(s)
CRITICAL - 2021-10-24 09:38:15 --> Operand should contain 1 column(s)
#0 C:\xampp\htdocs\Project_TA\TA-APP\system\Database\MySQLi\Connection.php(329): mysqli->query('UPDATE `tbl_abs...')
#1 C:\xampp\htdocs\Project_TA\TA-APP\system\Database\BaseConnection.php(732): CodeIgniter\Database\MySQLi\Connection->execute('UPDATE `tbl_abs...')
#2 C:\xampp\htdocs\Project_TA\TA-APP\system\Database\BaseConnection.php(647): CodeIgniter\Database\BaseConnection->simpleQuery('UPDATE `tbl_abs...')
#3 C:\xampp\htdocs\Project_TA\TA-APP\system\Database\BaseBuilder.php(2482): CodeIgniter\Database\BaseConnection->query('UPDATE `tbl_abs...', Array, false)
#4 C:\xampp\htdocs\Project_TA\TA-APP\app\Models\ModelAbsensi.php(27): CodeIgniter\Database\BaseBuilder->update(Array)
#5 C:\xampp\htdocs\Project_TA\TA-APP\app\Controllers\Absen.php(126): App\Models\ModelAbsensi->editData(Array)
#6 C:\xampp\htdocs\Project_TA\TA-APP\system\CodeIgniter.php(928): App\Controllers\Absen->editData('5')
#7 C:\xampp\htdocs\Project_TA\TA-APP\system\CodeIgniter.php(436): CodeIgniter\CodeIgniter->runController(Object(App\Controllers\Absen))
#8 C:\xampp\htdocs\Project_TA\TA-APP\system\CodeIgniter.php(336): CodeIgniter\CodeIgniter->handleRequest(NULL, Object(Config\Cache), false)
#9 C:\xampp\htdocs\Project_TA\TA-APP\public\index.php(37): CodeIgniter\CodeIgniter->run()
#10 C:\xampp\htdocs\Project_TA\TA-APP\system\Commands\Server\rewrite.php(45): require_once('C:\\xampp\\htdocs...')
#11 {main}
ERROR - 2021-10-24 09:39:32 --> Operand should contain 1 column(s)
CRITICAL - 2021-10-24 09:39:32 --> Operand should contain 1 column(s)
#0 C:\xampp\htdocs\Project_TA\TA-APP\system\Database\MySQLi\Connection.php(329): mysqli->query('UPDATE `tbl_abs...')
#1 C:\xampp\htdocs\Project_TA\TA-APP\system\Database\BaseConnection.php(732): CodeIgniter\Database\MySQLi\Connection->execute('UPDATE `tbl_abs...')
#2 C:\xampp\htdocs\Project_TA\TA-APP\system\Database\BaseConnection.php(647): CodeIgniter\Database\BaseConnection->simpleQuery('UPDATE `tbl_abs...')
#3 C:\xampp\htdocs\Project_TA\TA-APP\system\Database\BaseBuilder.php(2482): CodeIgniter\Database\BaseConnection->query('UPDATE `tbl_abs...', Array, false)
#4 C:\xampp\htdocs\Project_TA\TA-APP\app\Models\ModelAbsensi.php(27): CodeIgniter\Database\BaseBuilder->update(Array)
#5 C:\xampp\htdocs\Project_TA\TA-APP\app\Controllers\Absen.php(126): App\Models\ModelAbsensi->editData(Array)
#6 C:\xampp\htdocs\Project_TA\TA-APP\system\CodeIgniter.php(928): App\Controllers\Absen->editData('5')
#7 C:\xampp\htdocs\Project_TA\TA-APP\system\CodeIgniter.php(436): CodeIgniter\CodeIgniter->runController(Object(App\Controllers\Absen))
#8 C:\xampp\htdocs\Project_TA\TA-APP\system\CodeIgniter.php(336): CodeIgniter\CodeIgniter->handleRequest(NULL, Object(Config\Cache), false)
#9 C:\xampp\htdocs\Project_TA\TA-APP\public\index.php(37): CodeIgniter\CodeIgniter->run()
#10 C:\xampp\htdocs\Project_TA\TA-APP\system\Commands\Server\rewrite.php(45): require_once('C:\\xampp\\htdocs...')
#11 {main}
ERROR - 2021-10-24 09:42:13 --> Operand should contain 1 column(s)
CRITICAL - 2021-10-24 09:42:13 --> Operand should contain 1 column(s)
#0 C:\xampp\htdocs\Project_TA\TA-APP\system\Database\MySQLi\Connection.php(329): mysqli->query('UPDATE `tbl_abs...')
#1 C:\xampp\htdocs\Project_TA\TA-APP\system\Database\BaseConnection.php(732): CodeIgniter\Database\MySQLi\Connection->execute('UPDATE `tbl_abs...')
#2 C:\xampp\htdocs\Project_TA\TA-APP\system\Database\BaseConnection.php(647): CodeIgniter\Database\BaseConnection->simpleQuery('UPDATE `tbl_abs...')
#3 C:\xampp\htdocs\Project_TA\TA-APP\system\Database\BaseBuilder.php(2482): CodeIgniter\Database\BaseConnection->query('UPDATE `tbl_abs...', Array, false)
#4 C:\xampp\htdocs\Project_TA\TA-APP\app\Models\ModelAbsensi.php(27): CodeIgniter\Database\BaseBuilder->update(Array)
#5 C:\xampp\htdocs\Project_TA\TA-APP\app\Controllers\Absen.php(134): App\Models\ModelAbsensi->editData(Array)
#6 C:\xampp\htdocs\Project_TA\TA-APP\system\CodeIgniter.php(928): App\Controllers\Absen->editData('5')
#7 C:\xampp\htdocs\Project_TA\TA-APP\system\CodeIgniter.php(436): CodeIgniter\CodeIgniter->runController(Object(App\Controllers\Absen))
#8 C:\xampp\htdocs\Project_TA\TA-APP\system\CodeIgniter.php(336): CodeIgniter\CodeIgniter->handleRequest(NULL, Object(Config\Cache), false)
#9 C:\xampp\htdocs\Project_TA\TA-APP\public\index.php(37): CodeIgniter\CodeIgniter->run()
#10 C:\xampp\htdocs\Project_TA\TA-APP\system\Commands\Server\rewrite.php(45): require_once('C:\\xampp\\htdocs...')
#11 {main}
ERROR - 2021-10-24 09:47:32 --> Unknown column 'id_siswa' in 'where clause'
CRITICAL - 2021-10-24 09:47:32 --> Unknown column 'id_siswa' in 'where clause'
#0 C:\xampp\htdocs\Project_TA\TA-APP\system\Database\MySQLi\Connection.php(329): mysqli->query('UPDATE `tbl_abs...')
#1 C:\xampp\htdocs\Project_TA\TA-APP\system\Database\BaseConnection.php(732): CodeIgniter\Database\MySQLi\Connection->execute('UPDATE `tbl_abs...')
#2 C:\xampp\htdocs\Project_TA\TA-APP\system\Database\BaseConnection.php(647): CodeIgniter\Database\BaseConnection->simpleQuery('UPDATE `tbl_abs...')
#3 C:\xampp\htdocs\Project_TA\TA-APP\system\Database\BaseBuilder.php(2482): CodeIgniter\Database\BaseConnection->query('UPDATE `tbl_abs...', Array, false)
#4 C:\xampp\htdocs\Project_TA\TA-APP\app\Models\ModelAbsensi.php(27): CodeIgniter\Database\BaseBuilder->update(Array)
#5 C:\xampp\htdocs\Project_TA\TA-APP\app\Controllers\Absen.php(133): App\Models\ModelAbsensi->editData(Array)
#6 C:\xampp\htdocs\Project_TA\TA-APP\system\CodeIgniter.php(928): App\Controllers\Absen->editData('5')
#7 C:\xampp\htdocs\Project_TA\TA-APP\system\CodeIgniter.php(436): CodeIgniter\CodeIgniter->runController(Object(App\Controllers\Absen))
#8 C:\xampp\htdocs\Project_TA\TA-APP\system\CodeIgniter.php(336): CodeIgniter\CodeIgniter->handleRequest(NULL, Object(Config\Cache), false)
#9 C:\xampp\htdocs\Project_TA\TA-APP\public\index.php(37): CodeIgniter\CodeIgniter->run()
#10 C:\xampp\htdocs\Project_TA\TA-APP\system\Commands\Server\rewrite.php(45): require_once('C:\\xampp\\htdocs...')
#11 {main}
ERROR - 2021-10-24 09:49:53 --> Operand should contain 1 column(s)
CRITICAL - 2021-10-24 09:49:53 --> Operand should contain 1 column(s)
#0 C:\xampp\htdocs\Project_TA\TA-APP\system\Database\MySQLi\Connection.php(329): mysqli->query('UPDATE `tbl_abs...')
#1 C:\xampp\htdocs\Project_TA\TA-APP\system\Database\BaseConnection.php(732): CodeIgniter\Database\MySQLi\Connection->execute('UPDATE `tbl_abs...')
#2 C:\xampp\htdocs\Project_TA\TA-APP\system\Database\BaseConnection.php(647): CodeIgniter\Database\BaseConnection->simpleQuery('UPDATE `tbl_abs...')
#3 C:\xampp\htdocs\Project_TA\TA-APP\system\Database\BaseBuilder.php(2482): CodeIgniter\Database\BaseConnection->query('UPDATE `tbl_abs...', Array, false)
#4 C:\xampp\htdocs\Project_TA\TA-APP\app\Models\ModelAbsensi.php(27): CodeIgniter\Database\BaseBuilder->update(Array)
#5 C:\xampp\htdocs\Project_TA\TA-APP\app\Controllers\Absen.php(133): App\Models\ModelAbsensi->editData(Array)
#6 C:\xampp\htdocs\Project_TA\TA-APP\system\CodeIgniter.php(928): App\Controllers\Absen->editData('5')
#7 C:\xampp\htdocs\Project_TA\TA-APP\system\CodeIgniter.php(436): CodeIgniter\CodeIgniter->runController(Object(App\Controllers\Absen))
#8 C:\xampp\htdocs\Project_TA\TA-APP\system\CodeIgniter.php(336): CodeIgniter\CodeIgniter->handleRequest(NULL, Object(Config\Cache), false)
#9 C:\xampp\htdocs\Project_TA\TA-APP\public\index.php(37): CodeIgniter\CodeIgniter->run()
#10 C:\xampp\htdocs\Project_TA\TA-APP\system\Commands\Server\rewrite.php(45): require_once('C:\\xampp\\htdocs...')
#11 {main}
CRITICAL - 2021-10-24 09:50:53 --> Undefined variable $id_absen
#0 C:\xampp\htdocs\Project_TA\TA-APP\app\Models\ModelAbsensi.php(27): CodeIgniter\Debug\Exceptions->errorHandler(2, 'Undefined varia...', 'C:\\xampp\\htdocs...', 27)
#1 C:\xampp\htdocs\Project_TA\TA-APP\app\Controllers\Absen.php(133): App\Models\ModelAbsensi->editData(Array)
#2 C:\xampp\htdocs\Project_TA\TA-APP\system\CodeIgniter.php(928): App\Controllers\Absen->editData('5')
#3 C:\xampp\htdocs\Project_TA\TA-APP\system\CodeIgniter.php(436): CodeIgniter\CodeIgniter->runController(Object(App\Controllers\Absen))
#4 C:\xampp\htdocs\Project_TA\TA-APP\system\CodeIgniter.php(336): CodeIgniter\CodeIgniter->handleRequest(NULL, Object(Config\Cache), false)
#5 C:\xampp\htdocs\Project_TA\TA-APP\public\index.php(37): CodeIgniter\CodeIgniter->run()
#6 C:\xampp\htdocs\Project_TA\TA-APP\system\Commands\Server\rewrite.php(45): require_once('C:\\xampp\\htdocs...')
#7 {main}
ERROR - 2021-10-24 09:51:13 --> Operand should contain 1 column(s)
CRITICAL - 2021-10-24 09:51:13 --> Operand should contain 1 column(s)
#0 C:\xampp\htdocs\Project_TA\TA-APP\system\Database\MySQLi\Connection.php(329): mysqli->query('UPDATE `tbl_abs...')
#1 C:\xampp\htdocs\Project_TA\TA-APP\system\Database\BaseConnection.php(732): CodeIgniter\Database\MySQLi\Connection->execute('UPDATE `tbl_abs...')
#2 C:\xampp\htdocs\Project_TA\TA-APP\system\Database\BaseConnection.php(647): CodeIgniter\Database\BaseConnection->simpleQuery('UPDATE `tbl_abs...')
#3 C:\xampp\htdocs\Project_TA\TA-APP\system\Database\BaseBuilder.php(2482): CodeIgniter\Database\BaseConnection->query('UPDATE `tbl_abs...', Array, false)
#4 C:\xampp\htdocs\Project_TA\TA-APP\app\Models\ModelAbsensi.php(27): CodeIgniter\Database\BaseBuilder->update(Array)
#5 C:\xampp\htdocs\Project_TA\TA-APP\app\Controllers\Absen.php(133): App\Models\ModelAbsensi->editData(Array)
#6 C:\xampp\htdocs\Project_TA\TA-APP\system\CodeIgniter.php(928): App\Controllers\Absen->editData('5')
#7 C:\xampp\htdocs\Project_TA\TA-APP\system\CodeIgniter.php(436): CodeIgniter\CodeIgniter->runController(Object(App\Controllers\Absen))
#8 C:\xampp\htdocs\Project_TA\TA-APP\system\CodeIgniter.php(336): CodeIgniter\CodeIgniter->handleRequest(NULL, Object(Config\Cache), false)
#9 C:\xampp\htdocs\Project_TA\TA-APP\public\index.php(37): CodeIgniter\CodeIgniter->run()
#10 C:\xampp\htdocs\Project_TA\TA-APP\system\Commands\Server\rewrite.php(45): require_once('C:\\xampp\\htdocs...')
#11 {main}
CRITICAL - 2021-10-24 09:54:43 --> Class "App\Models\ModelAbsen" not found
#0 C:\xampp\htdocs\Project_TA\TA-APP\system\CodeIgniter.php(900): App\Controllers\Absen->__construct()
#1 C:\xampp\htdocs\Project_TA\TA-APP\system\CodeIgniter.php(426): CodeIgniter\CodeIgniter->createController()
#2 C:\xampp\htdocs\Project_TA\TA-APP\system\CodeIgniter.php(336): CodeIgniter\CodeIgniter->handleRequest(NULL, Object(Config\Cache), false)
#3 C:\xampp\htdocs\Project_TA\TA-APP\public\index.php(37): CodeIgniter\CodeIgniter->run()
#4 C:\xampp\htdocs\Project_TA\TA-APP\system\Commands\Server\rewrite.php(45): require_once('C:\\xampp\\htdocs...')
#5 {main}
CRITICAL - 2021-10-24 09:55:03 --> Undefined property: App\Controllers\Absen::$ModelAbsensi
#0 C:\xampp\htdocs\Project_TA\TA-APP\app\Controllers\Absen.php(133): CodeIgniter\Debug\Exceptions->errorHandler(2, 'Undefined prope...', 'C:\\xampp\\htdocs...', 133)
#1 C:\xampp\htdocs\Project_TA\TA-APP\system\CodeIgniter.php(928): App\Controllers\Absen->editData('5')
#2 C:\xampp\htdocs\Project_TA\TA-APP\system\CodeIgniter.php(436): CodeIgniter\CodeIgniter->runController(Object(App\Controllers\Absen))
#3 C:\xampp\htdocs\Project_TA\TA-APP\system\CodeIgniter.php(336): CodeIgniter\CodeIgniter->handleRequest(NULL, Object(Config\Cache), false)
#4 C:\xampp\htdocs\Project_TA\TA-APP\public\index.php(37): CodeIgniter\CodeIgniter->run()
#5 C:\xampp\htdocs\Project_TA\TA-APP\system\Commands\Server\rewrite.php(45): require_once('C:\\xampp\\htdocs...')
#6 {main}
CRITICAL - 2021-10-24 09:55:24 --> Undefined property: App\Controllers\Absen::$ModelAbsensi
#0 C:\xampp\htdocs\Project_TA\TA-APP\app\Controllers\Absen.php(133): CodeIgniter\Debug\Exceptions->errorHandler(2, 'Undefined prope...', 'C:\\xampp\\htdocs...', 133)
#1 C:\xampp\htdocs\Project_TA\TA-APP\system\CodeIgniter.php(928): App\Controllers\Absen->editData('5')
#2 C:\xampp\htdocs\Project_TA\TA-APP\system\CodeIgniter.php(436): CodeIgniter\CodeIgniter->runController(Object(App\Controllers\Absen))
#3 C:\xampp\htdocs\Project_TA\TA-APP\system\CodeIgniter.php(336): CodeIgniter\CodeIgniter->handleRequest(NULL, Object(Config\Cache), false)
#4 C:\xampp\htdocs\Project_TA\TA-APP\public\index.php(37): CodeIgniter\CodeIgniter->run()
#5 C:\xampp\htdocs\Project_TA\TA-APP\system\Commands\Server\rewrite.php(45): require_once('C:\\xampp\\htdocs...')
#6 {main}
CRITICAL - 2021-10-24 09:55:51 --> Undefined property: App\Controllers\Absen::$ModelAbsensi
#0 C:\xampp\htdocs\Project_TA\TA-APP\app\Controllers\Absen.php(133): CodeIgniter\Debug\Exceptions->errorHandler(2, 'Undefined prope...', 'C:\\xampp\\htdocs...', 133)
#1 C:\xampp\htdocs\Project_TA\TA-APP\system\CodeIgniter.php(928): App\Controllers\Absen->editData('5')
#2 C:\xampp\htdocs\Project_TA\TA-APP\system\CodeIgniter.php(436): CodeIgniter\CodeIgniter->runController(Object(App\Controllers\Absen))
#3 C:\xampp\htdocs\Project_TA\TA-APP\system\CodeIgniter.php(336): CodeIgniter\CodeIgniter->handleRequest(NULL, Object(Config\Cache), false)
#4 C:\xampp\htdocs\Project_TA\TA-APP\public\index.php(37): CodeIgniter\CodeIgniter->run()
#5 C:\xampp\htdocs\Project_TA\TA-APP\system\Commands\Server\rewrite.php(45): require_once('C:\\xampp\\htdocs...')
#6 {main}
ERROR - 2021-10-24 09:56:53 --> Operand should contain 1 column(s)
CRITICAL - 2021-10-24 09:56:53 --> Operand should contain 1 column(s)
#0 C:\xampp\htdocs\Project_TA\TA-APP\system\Database\MySQLi\Connection.php(329): mysqli->query('UPDATE `tbl_abs...')
#1 C:\xampp\htdocs\Project_TA\TA-APP\system\Database\BaseConnection.php(732): CodeIgniter\Database\MySQLi\Connection->execute('UPDATE `tbl_abs...')
#2 C:\xampp\htdocs\Project_TA\TA-APP\system\Database\BaseConnection.php(647): CodeIgniter\Database\BaseConnection->simpleQuery('UPDATE `tbl_abs...')
#3 C:\xampp\htdocs\Project_TA\TA-APP\system\Database\BaseBuilder.php(2482): CodeIgniter\Database\BaseConnection->query('UPDATE `tbl_abs...', Array, false)
#4 C:\xampp\htdocs\Project_TA\TA-APP\app\Models\ModelAbsensi.php(27): CodeIgniter\Database\BaseBuilder->update(Array)
#5 C:\xampp\htdocs\Project_TA\TA-APP\app\Controllers\Absen.php(133): App\Models\ModelAbsensi->editData(Array)
#6 C:\xampp\htdocs\Project_TA\TA-APP\system\CodeIgniter.php(928): App\Controllers\Absen->editData('5')
#7 C:\xampp\htdocs\Project_TA\TA-APP\system\CodeIgniter.php(436): CodeIgniter\CodeIgniter->runController(Object(App\Controllers\Absen))
#8 C:\xampp\htdocs\Project_TA\TA-APP\system\CodeIgniter.php(336): CodeIgniter\CodeIgniter->handleRequest(NULL, Object(Config\Cache), false)
#9 C:\xampp\htdocs\Project_TA\TA-APP\public\index.php(37): CodeIgniter\CodeIgniter->run()
#10 C:\xampp\htdocs\Project_TA\TA-APP\system\Commands\Server\rewrite.php(45): require_once('C:\\xampp\\htdocs...')
#11 {main}
ERROR - 2021-10-24 09:57:03 --> Operand should contain 1 column(s)
CRITICAL - 2021-10-24 09:57:03 --> Operand should contain 1 column(s)
#0 C:\xampp\htdocs\Project_TA\TA-APP\system\Database\MySQLi\Connection.php(329): mysqli->query('UPDATE `tbl_abs...')
#1 C:\xampp\htdocs\Project_TA\TA-APP\system\Database\BaseConnection.php(732): CodeIgniter\Database\MySQLi\Connection->execute('UPDATE `tbl_abs...')
#2 C:\xampp\htdocs\Project_TA\TA-APP\system\Database\BaseConnection.php(647): CodeIgniter\Database\BaseConnection->simpleQuery('UPDATE `tbl_abs...')
#3 C:\xampp\htdocs\Project_TA\TA-APP\system\Database\BaseBuilder.php(2482): CodeIgniter\Database\BaseConnection->query('UPDATE `tbl_abs...', Array, false)
#4 C:\xampp\htdocs\Project_TA\TA-APP\app\Models\ModelAbsensi.php(27): CodeIgniter\Database\BaseBuilder->update(Array)
#5 C:\xampp\htdocs\Project_TA\TA-APP\app\Controllers\Absen.php(133): App\Models\ModelAbsensi->editData(Array)
#6 C:\xampp\htdocs\Project_TA\TA-APP\system\CodeIgniter.php(928): App\Controllers\Absen->editData('5')
#7 C:\xampp\htdocs\Project_TA\TA-APP\system\CodeIgniter.php(436): CodeIgniter\CodeIgniter->runController(Object(App\Controllers\Absen))
#8 C:\xampp\htdocs\Project_TA\TA-APP\system\CodeIgniter.php(336): CodeIgniter\CodeIgniter->handleRequest(NULL, Object(Config\Cache), false)
#9 C:\xampp\htdocs\Project_TA\TA-APP\public\index.php(37): CodeIgniter\CodeIgniter->run()
#10 C:\xampp\htdocs\Project_TA\TA-APP\system\Commands\Server\rewrite.php(45): require_once('C:\\xampp\\htdocs...')
#11 {main}
CRITICAL - 2021-10-24 09:57:48 --> Undefined property: App\Controllers\Absen::$ModelAbsen
#0 C:\xampp\htdocs\Project_TA\TA-APP\app\Controllers\Absen.php(132): CodeIgniter\Debug\Exceptions->errorHandler(2, 'Undefined prope...', 'C:\\xampp\\htdocs...', 132)
#1 C:\xampp\htdocs\Project_TA\TA-APP\system\CodeIgniter.php(928): App\Controllers\Absen->editData('5')
#2 C:\xampp\htdocs\Project_TA\TA-APP\system\CodeIgniter.php(436): CodeIgniter\CodeIgniter->runController(Object(App\Controllers\Absen))
#3 C:\xampp\htdocs\Project_TA\TA-APP\system\CodeIgniter.php(336): CodeIgniter\CodeIgniter->handleRequest(NULL, Object(Config\Cache), false)
#4 C:\xampp\htdocs\Project_TA\TA-APP\public\index.php(37): CodeIgniter\CodeIgniter->run()
#5 C:\xampp\htdocs\Project_TA\TA-APP\system\Commands\Server\rewrite.php(45): require_once('C:\\xampp\\htdocs...')
#6 {main}
CRITICAL - 2021-10-24 09:58:17 --> Undefined property: App\Controllers\Absen::$ModelAbsen
#0 C:\xampp\htdocs\Project_TA\TA-APP\app\Controllers\Absen.php(132): CodeIgniter\Debug\Exceptions->errorHandler(2, 'Undefined prope...', 'C:\\xampp\\htdocs...', 132)
#1 C:\xampp\htdocs\Project_TA\TA-APP\system\CodeIgniter.php(928): App\Controllers\Absen->editData('5')
#2 C:\xampp\htdocs\Project_TA\TA-APP\system\CodeIgniter.php(436): CodeIgniter\CodeIgniter->runController(Object(App\Controllers\Absen))
#3 C:\xampp\htdocs\Project_TA\TA-APP\system\CodeIgniter.php(336): CodeIgniter\CodeIgniter->handleRequest(NULL, Object(Config\Cache), false)
#4 C:\xampp\htdocs\Project_TA\TA-APP\public\index.php(37): CodeIgniter\CodeIgniter->run()
#5 C:\xampp\htdocs\Project_TA\TA-APP\system\Commands\Server\rewrite.php(45): require_once('C:\\xampp\\htdocs...')
#6 {main}
ERROR - 2021-10-24 09:58:27 --> Operand should contain 1 column(s)
CRITICAL - 2021-10-24 09:58:27 --> Operand should contain 1 column(s)
#0 C:\xampp\htdocs\Project_TA\TA-APP\system\Database\MySQLi\Connection.php(329): mysqli->query('UPDATE `tbl_abs...')
#1 C:\xampp\htdocs\Project_TA\TA-APP\system\Database\BaseConnection.php(732): CodeIgniter\Database\MySQLi\Connection->execute('UPDATE `tbl_abs...')
#2 C:\xampp\htdocs\Project_TA\TA-APP\system\Database\BaseConnection.php(647): CodeIgniter\Database\BaseConnection->simpleQuery('UPDATE `tbl_abs...')
#3 C:\xampp\htdocs\Project_TA\TA-APP\system\Database\BaseBuilder.php(2482): CodeIgniter\Database\BaseConnection->query('UPDATE `tbl_abs...', Array, false)
#4 C:\xampp\htdocs\Project_TA\TA-APP\app\Models\ModelAbsensi.php(27): CodeIgniter\Database\BaseBuilder->update(Array)
#5 C:\xampp\htdocs\Project_TA\TA-APP\app\Controllers\Absen.php(132): App\Models\ModelAbsensi->editData(Array)
#6 C:\xampp\htdocs\Project_TA\TA-APP\system\CodeIgniter.php(928): App\Controllers\Absen->editData('5')
#7 C:\xampp\htdocs\Project_TA\TA-APP\system\CodeIgniter.php(436): CodeIgniter\CodeIgniter->runController(Object(App\Controllers\Absen))
#8 C:\xampp\htdocs\Project_TA\TA-APP\system\CodeIgniter.php(336): CodeIgniter\CodeIgniter->handleRequest(NULL, Object(Config\Cache), false)
#9 C:\xampp\htdocs\Project_TA\TA-APP\public\index.php(37): CodeIgniter\CodeIgniter->run()
#10 C:\xampp\htdocs\Project_TA\TA-APP\system\Commands\Server\rewrite.php(45): require_once('C:\\xampp\\htdocs...')
#11 {main}
ERROR - 2021-10-24 09:59:42 --> Operand should contain 1 column(s)
CRITICAL - 2021-10-24 09:59:42 --> Operand should contain 1 column(s)
#0 C:\xampp\htdocs\Project_TA\TA-APP\system\Database\MySQLi\Connection.php(329): mysqli->query('UPDATE `tbl_abs...')
#1 C:\xampp\htdocs\Project_TA\TA-APP\system\Database\BaseConnection.php(732): CodeIgniter\Database\MySQLi\Connection->execute('UPDATE `tbl_abs...')
#2 C:\xampp\htdocs\Project_TA\TA-APP\system\Database\BaseConnection.php(647): CodeIgniter\Database\BaseConnection->simpleQuery('UPDATE `tbl_abs...')
#3 C:\xampp\htdocs\Project_TA\TA-APP\system\Database\BaseBuilder.php(2482): CodeIgniter\Database\BaseConnection->query('UPDATE `tbl_abs...', Array, false)
#4 C:\xampp\htdocs\Project_TA\TA-APP\app\Models\ModelAbsensi.php(27): CodeIgniter\Database\BaseBuilder->update(Array)
#5 C:\xampp\htdocs\Project_TA\TA-APP\app\Controllers\Absen.php(132): App\Models\ModelAbsensi->editData(Array)
#6 C:\xampp\htdocs\Project_TA\TA-APP\system\CodeIgniter.php(928): App\Controllers\Absen->editData('5')
#7 C:\xampp\htdocs\Project_TA\TA-APP\system\CodeIgniter.php(436): CodeIgniter\CodeIgniter->runController(Object(App\Controllers\Absen))
#8 C:\xampp\htdocs\Project_TA\TA-APP\system\CodeIgniter.php(336): CodeIgniter\CodeIgniter->handleRequest(NULL, Object(Config\Cache), false)
#9 C:\xampp\htdocs\Project_TA\TA-APP\public\index.php(37): CodeIgniter\CodeIgniter->run()
#10 C:\xampp\htdocs\Project_TA\TA-APP\system\Commands\Server\rewrite.php(45): require_once('C:\\xampp\\htdocs...')
#11 {main}
ERROR - 2021-10-24 11:02:27 --> Operand should contain 1 column(s)
CRITICAL - 2021-10-24 11:02:27 --> Operand should contain 1 column(s)
#0 C:\xampp\htdocs\Project_TA\TA-APP\system\Database\MySQLi\Connection.php(329): mysqli->query('UPDATE `tbl_abs...')
#1 C:\xampp\htdocs\Project_TA\TA-APP\system\Database\BaseConnection.php(732): CodeIgniter\Database\MySQLi\Connection->execute('UPDATE `tbl_abs...')
#2 C:\xampp\htdocs\Project_TA\TA-APP\system\Database\BaseConnection.php(647): CodeIgniter\Database\BaseConnection->simpleQuery('UPDATE `tbl_abs...')
#3 C:\xampp\htdocs\Project_TA\TA-APP\system\Database\BaseBuilder.php(2482): CodeIgniter\Database\BaseConnection->query('UPDATE `tbl_abs...', Array, false)
#4 C:\xampp\htdocs\Project_TA\TA-APP\app\Models\ModelAbsensi.php(27): CodeIgniter\Database\BaseBuilder->update(Array)
#5 C:\xampp\htdocs\Project_TA\TA-APP\app\Controllers\Absen.php(132): App\Models\ModelAbsensi->editData(Array)
#6 C:\xampp\htdocs\Project_TA\TA-APP\system\CodeIgniter.php(928): App\Controllers\Absen->editData('5')
#7 C:\xampp\htdocs\Project_TA\TA-APP\system\CodeIgniter.php(436): CodeIgniter\CodeIgniter->runController(Object(App\Controllers\Absen))
#8 C:\xampp\htdocs\Project_TA\TA-APP\system\CodeIgniter.php(336): CodeIgniter\CodeIgniter->handleRequest(NULL, Object(Config\Cache), false)
#9 C:\xampp\htdocs\Project_TA\TA-APP\public\index.php(37): CodeIgniter\CodeIgniter->run()
#10 C:\xampp\htdocs\Project_TA\TA-APP\system\Commands\Server\rewrite.php(45): require_once('C:\\xampp\\htdocs...')
#11 {main}
CRITICAL - 2021-10-24 11:15:50 --> Object of class CodeIgniter\Validation\Validation could not be converted to string
#0 C:\xampp\htdocs\Project_TA\TA-APP\system\Database\Query.php(387): strtr('UPDATE `tbl_abs...', Array)
#1 C:\xampp\htdocs\Project_TA\TA-APP\system\Database\Query.php(355): CodeIgniter\Database\Query->matchNamedBinds('UPDATE `tbl_abs...', Array)
#2 C:\xampp\htdocs\Project_TA\TA-APP\system\Database\Query.php(170): CodeIgniter\Database\Query->compileBinds()
#3 C:\xampp\htdocs\Project_TA\TA-APP\system\Database\BaseConnection.php(647): CodeIgniter\Database\Query->getQuery()
#4 C:\xampp\htdocs\Project_TA\TA-APP\system\Database\BaseBuilder.php(2482): CodeIgniter\Database\BaseConnection->query('UPDATE `tbl_abs...', Array, false)
#5 C:\xampp\htdocs\Project_TA\TA-APP\app\Models\ModelAbsensi.php(27): CodeIgniter\Database\BaseBuilder->update(Array)
#6 C:\xampp\htdocs\Project_TA\TA-APP\app\Controllers\Absen.php(134): App\Models\ModelAbsensi->editData(Array)
#7 C:\xampp\htdocs\Project_TA\TA-APP\system\CodeIgniter.php(928): App\Controllers\Absen->editData('5')
#8 C:\xampp\htdocs\Project_TA\TA-APP\system\CodeIgniter.php(436): CodeIgniter\CodeIgniter->runController(Object(App\Controllers\Absen))
#9 C:\xampp\htdocs\Project_TA\TA-APP\system\CodeIgniter.php(336): CodeIgniter\CodeIgniter->handleRequest(NULL, Object(Config\Cache), false)
#10 C:\xampp\htdocs\Project_TA\TA-APP\public\index.php(37): CodeIgniter\CodeIgniter->run()
#11 C:\xampp\htdocs\Project_TA\TA-APP\system\Commands\Server\rewrite.php(45): require_once('C:\\xampp\\htdocs...')
#12 {main}
ERROR - 2021-10-24 22:16:53 --> Error connecting to the database: No connection could be made because the target machine actively refused it
CRITICAL - 2021-10-24 22:16:53 --> Unable to connect to the database.
Main connection [MySQLi]: No connection could be made because the target machine actively refused it
#0 C:\xampp\htdocs\Project_TA\TA-APP\system\Database\BaseConnection.php(625): CodeIgniter\Database\BaseConnection->initialize()
#1 C:\xampp\htdocs\Project_TA\TA-APP\system\Database\BaseBuilder.php(1881): CodeIgniter\Database\BaseConnection->query('SELECT *\nFROM `...', Array, false)
#2 C:\xampp\htdocs\Project_TA\TA-APP\app\Models\ModelTa.php(45): CodeIgniter\Database\BaseBuilder->get()
#3 C:\xampp\htdocs\Project_TA\TA-APP\app\Controllers\Auth.php(158): App\Models\ModelTa->statusTa()
#4 C:\xampp\htdocs\Project_TA\TA-APP\system\CodeIgniter.php(928): App\Controllers\Auth->loginSiswa()
#5 C:\xampp\htdocs\Project_TA\TA-APP\system\CodeIgniter.php(436): CodeIgniter\CodeIgniter->runController(Object(App\Controllers\Auth))
#6 C:\xampp\htdocs\Project_TA\TA-APP\system\CodeIgniter.php(336): CodeIgniter\CodeIgniter->handleRequest(NULL, Object(Config\Cache), false)
#7 C:\xampp\htdocs\Project_TA\TA-APP\public\index.php(37): CodeIgniter\CodeIgniter->run()
#8 C:\xampp\htdocs\Project_TA\TA-APP\system\Commands\Server\rewrite.php(45): require_once('C:\\xampp\\htdocs...')
#9 {main}
CRITICAL - 2021-10-24 22:34:55 --> Undefined variable $tot_user
#0 C:\xampp\htdocs\Project_TA\TA-APP\app\Views\admin\v_dashboard.php(10): CodeIgniter\Debug\Exceptions->errorHandler(2, 'Undefined varia...', 'C:\\xampp\\htdocs...', 10)
#1 C:\xampp\htdocs\Project_TA\TA-APP\system\View\View.php(230): include('C:\\xampp\\htdocs...')
#2 C:\xampp\htdocs\Project_TA\TA-APP\system\View\View.php(232): CodeIgniter\View\View->CodeIgniter\View\{closure}()
#3 C:\xampp\htdocs\Project_TA\TA-APP\system\Common.php(1271): CodeIgniter\View\View->render('admin/v_dashboa...', Array, true)
#4 C:\xampp\htdocs\Project_TA\TA-APP\app\Controllers\Admin.php(23): view('admin/v_dashboa...', Array)
#5 C:\xampp\htdocs\Project_TA\TA-APP\system\CodeIgniter.php(928): App\Controllers\Admin->index()
#6 C:\xampp\htdocs\Project_TA\TA-APP\system\CodeIgniter.php(436): CodeIgniter\CodeIgniter->runController(Object(App\Controllers\Admin))
#7 C:\xampp\htdocs\Project_TA\TA-APP\system\CodeIgniter.php(336): CodeIgniter\CodeIgniter->handleRequest(NULL, Object(Config\Cache), false)
#8 C:\xampp\htdocs\Project_TA\TA-APP\public\index.php(37): CodeIgniter\CodeIgniter->run()
#9 C:\xampp\htdocs\Project_TA\TA-APP\system\Commands\Server\rewrite.php(45): require_once('C:\\xampp\\htdocs...')
#10 {main}
CRITICAL - 2021-10-24 22:35:24 --> Undefined variable $totuser
#0 C:\xampp\htdocs\Project_TA\TA-APP\app\Views\admin\v_dashboard.php(10): CodeIgniter\Debug\Exceptions->errorHandler(2, 'Undefined varia...', 'C:\\xampp\\htdocs...', 10)
#1 C:\xampp\htdocs\Project_TA\TA-APP\system\View\View.php(230): include('C:\\xampp\\htdocs...')
#2 C:\xampp\htdocs\Project_TA\TA-APP\system\View\View.php(232): CodeIgniter\View\View->CodeIgniter\View\{closure}()
#3 C:\xampp\htdocs\Project_TA\TA-APP\system\Common.php(1271): CodeIgniter\View\View->render('admin/v_dashboa...', Array, true)
#4 C:\xampp\htdocs\Project_TA\TA-APP\app\Controllers\Admin.php(23): view('admin/v_dashboa...', Array)
#5 C:\xampp\htdocs\Project_TA\TA-APP\system\CodeIgniter.php(928): App\Controllers\Admin->index()
#6 C:\xampp\htdocs\Project_TA\TA-APP\system\CodeIgniter.php(436): CodeIgniter\CodeIgniter->runController(Object(App\Controllers\Admin))
#7 C:\xampp\htdocs\Project_TA\TA-APP\system\CodeIgniter.php(336): CodeIgniter\CodeIgniter->handleRequest(NULL, Object(Config\Cache), false)
#8 C:\xampp\htdocs\Project_TA\TA-APP\public\index.php(37): CodeIgniter\CodeIgniter->run()
#9 C:\xampp\htdocs\Project_TA\TA-APP\system\Commands\Server\rewrite.php(45): require_once('C:\\xampp\\htdocs...')
#10 {main}
