ERROR - 2021-10-19 01:12:34 --> Error connecting to the database: No connection could be made because the target machine actively refused it
CRITICAL - 2021-10-19 01:12:34 --> Unable to connect to the database.
Main connection [MySQLi]: No connection could be made because the target machine actively refused it
#0 C:\xampp\htdocs\Project_TA\TA-APP\system\Database\BaseConnection.php(625): CodeIgniter\Database\BaseConnection->initialize()
#1 C:\xampp\htdocs\Project_TA\TA-APP\system\Database\BaseBuilder.php(1881): CodeIgniter\Database\BaseConnection->query('SELECT *\nFROM `...', Array, false)
#2 C:\xampp\htdocs\Project_TA\TA-APP\app\Models\ModelTa.php(45): CodeIgniter\Database\BaseBuilder->get()
#3 C:\xampp\htdocs\Project_TA\TA-APP\app\Controllers\Auth.php(158): App\Models\ModelTa->statusTa()
#4 C:\xampp\htdocs\Project_TA\TA-APP\system\CodeIgniter.php(928): App\Controllers\Auth->loginSiswa()
#5 C:\xampp\htdocs\Project_TA\TA-APP\system\CodeIgniter.php(436): CodeIgniter\CodeIgniter->runController(Object(App\Controllers\Auth))
#6 C:\xampp\htdocs\Project_TA\TA-APP\system\CodeIgniter.php(336): CodeIgniter\CodeIgniter->handleRequest(NULL, Object(Config\Cache), false)
#7 C:\xampp\htdocs\Project_TA\TA-APP\public\index.php(37): CodeIgniter\CodeIgniter->run()
#8 C:\xampp\htdocs\Project_TA\TA-APP\system\Commands\Server\rewrite.php(45): require_once('C:\\xampp\\htdocs...')
#9 {main}
CRITICAL - 2021-10-19 11:58:38 --> Call to undefined function CodeIgniter\locale_set_default()
#0 C:\xampp\htdocs\Project_TA\TA-APP\system\bootstrap.php(157): CodeIgniter\CodeIgniter->initialize()
#1 C:\xampp\htdocs\Project_TA\TA-APP\spark(46): require('C:\\xampp\\htdocs...')
#2 {main}
CRITICAL - 2021-10-19 12:00:59 --> Call to undefined function CodeIgniter\locale_set_default()
#0 C:\xampp\htdocs\Project_TA\TA-APP\system\bootstrap.php(157): CodeIgniter\CodeIgniter->initialize()
#1 C:\xampp\htdocs\Project_TA\TA-APP\public\index.php(28): require('C:\\xampp\\htdocs...')
#2 {main}
CRITICAL - 2021-10-19 12:02:01 --> Call to undefined function CodeIgniter\locale_set_default()
#0 C:\xampp\htdocs\Project_TA\TA-APP\system\bootstrap.php(157): CodeIgniter\CodeIgniter->initialize()
#1 C:\xampp\htdocs\Project_TA\TA-APP\public\index.php(28): require('C:\\xampp\\htdocs...')
#2 {main}
CRITICAL - 2021-10-19 12:02:08 --> Call to undefined function CodeIgniter\locale_set_default()
#0 C:\xampp\htdocs\Project_TA\TA-APP\system\bootstrap.php(157): CodeIgniter\CodeIgniter->initialize()
#1 C:\xampp\htdocs\Project_TA\TA-APP\public\index.php(28): require('C:\\xampp\\htdocs...')
#2 {main}
CRITICAL - 2021-10-19 13:34:06 --> Call to undefined function CodeIgniter\locale_set_default()
#0 C:\xampp\htdocs\Project_TA\TA-APP\system\bootstrap.php(157): CodeIgniter\CodeIgniter->initialize()
#1 C:\xampp\htdocs\Project_TA\TA-APP\spark(46): require('C:\\xampp\\htdocs...')
#2 {main}
CRITICAL - 2021-10-19 13:34:19 --> Call to undefined function CodeIgniter\locale_set_default()
#0 C:\xampp\htdocs\Project_TA\TA-APP\system\bootstrap.php(157): CodeIgniter\CodeIgniter->initialize()
#1 C:\xampp\htdocs\Project_TA\TA-APP\spark(46): require('C:\\xampp\\htdocs...')
#2 {main}
ERROR - 2021-10-19 06:43:50 --> Unknown column 'jam_pulang' in 'field list'
CRITICAL - 2021-10-19 06:43:50 --> Unknown column 'jam_pulang' in 'field list'
#0 C:\xampp\htdocs\Project_TA\TA-APP\system\Database\MySQLi\Connection.php(329): mysqli->query('INSERT INTO `tb...')
#1 C:\xampp\htdocs\Project_TA\TA-APP\system\Database\BaseConnection.php(732): CodeIgniter\Database\MySQLi\Connection->execute('INSERT INTO `tb...')
#2 C:\xampp\htdocs\Project_TA\TA-APP\system\Database\BaseConnection.php(647): CodeIgniter\Database\BaseConnection->simpleQuery('INSERT INTO `tb...')
#3 C:\xampp\htdocs\Project_TA\TA-APP\system\Database\BaseBuilder.php(2277): CodeIgniter\Database\BaseConnection->query('INSERT INTO `tb...', Array, false)
#4 C:\xampp\htdocs\Project_TA\TA-APP\app\Models\ModelAbsensi.php(20): CodeIgniter\Database\BaseBuilder->insert(Array)
#5 C:\xampp\htdocs\Project_TA\TA-APP\app\Controllers\Absensi.php(86): App\Models\ModelAbsensi->insertData(Array)
#6 C:\xampp\htdocs\Project_TA\TA-APP\system\CodeIgniter.php(928): App\Controllers\Absensi->simpanAbsensi()
#7 C:\xampp\htdocs\Project_TA\TA-APP\system\CodeIgniter.php(436): CodeIgniter\CodeIgniter->runController(Object(App\Controllers\Absensi))
#8 C:\xampp\htdocs\Project_TA\TA-APP\system\CodeIgniter.php(336): CodeIgniter\CodeIgniter->handleRequest(NULL, Object(Config\Cache), false)
#9 C:\xampp\htdocs\Project_TA\TA-APP\public\index.php(37): CodeIgniter\CodeIgniter->run()
#10 C:\xampp\htdocs\Project_TA\TA-APP\system\Commands\Server\rewrite.php(45): require_once('C:\\xampp\\htdocs...')
#11 {main}
CRITICAL - 2021-10-19 06:53:35 --> unlink(./foto/1633780760_4cbe41d78d68bb4a9664.jpg): No such file or directory
#0 [internal function]: CodeIgniter\Debug\Exceptions->errorHandler(2, 'unlink(./foto/1...', 'C:\\xampp\\htdocs...', 63)
#1 C:\xampp\htdocs\Project_TA\TA-APP\app\Controllers\Pengajuanpkl.php(63): unlink('./foto/16337807...')
#2 C:\xampp\htdocs\Project_TA\TA-APP\system\CodeIgniter.php(928): App\Controllers\Pengajuanpkl->updateFoto('1')
#3 C:\xampp\htdocs\Project_TA\TA-APP\system\CodeIgniter.php(436): CodeIgniter\CodeIgniter->runController(Object(App\Controllers\Pengajuanpkl))
#4 C:\xampp\htdocs\Project_TA\TA-APP\system\CodeIgniter.php(336): CodeIgniter\CodeIgniter->handleRequest(NULL, Object(Config\Cache), false)
#5 C:\xampp\htdocs\Project_TA\TA-APP\public\index.php(37): CodeIgniter\CodeIgniter->run()
#6 C:\xampp\htdocs\Project_TA\TA-APP\system\Commands\Server\rewrite.php(45): require_once('C:\\xampp\\htdocs...')
#7 {main}
CRITICAL - 2021-10-19 06:56:18 --> unlink(./foto/1633780760_4cbe41d78d68bb4a9664.jpg): No such file or directory
#0 [internal function]: CodeIgniter\Debug\Exceptions->errorHandler(2, 'unlink(./foto/1...', 'C:\\xampp\\htdocs...', 63)
#1 C:\xampp\htdocs\Project_TA\TA-APP\app\Controllers\Pengajuanpkl.php(63): unlink('./foto/16337807...')
#2 C:\xampp\htdocs\Project_TA\TA-APP\system\CodeIgniter.php(928): App\Controllers\Pengajuanpkl->updateFoto('1')
#3 C:\xampp\htdocs\Project_TA\TA-APP\system\CodeIgniter.php(436): CodeIgniter\CodeIgniter->runController(Object(App\Controllers\Pengajuanpkl))
#4 C:\xampp\htdocs\Project_TA\TA-APP\system\CodeIgniter.php(336): CodeIgniter\CodeIgniter->handleRequest(NULL, Object(Config\Cache), false)
#5 C:\xampp\htdocs\Project_TA\TA-APP\public\index.php(37): CodeIgniter\CodeIgniter->run()
#6 C:\xampp\htdocs\Project_TA\TA-APP\system\Commands\Server\rewrite.php(45): require_once('C:\\xampp\\htdocs...')
#7 {main}
CRITICAL - 2021-10-19 06:56:37 --> unlink(./foto1633780760_4cbe41d78d68bb4a9664.jpg): No such file or directory
#0 [internal function]: CodeIgniter\Debug\Exceptions->errorHandler(2, 'unlink(./foto16...', 'C:\\xampp\\htdocs...', 63)
#1 C:\xampp\htdocs\Project_TA\TA-APP\app\Controllers\Pengajuanpkl.php(63): unlink('./foto163378076...')
#2 C:\xampp\htdocs\Project_TA\TA-APP\system\CodeIgniter.php(928): App\Controllers\Pengajuanpkl->updateFoto('1')
#3 C:\xampp\htdocs\Project_TA\TA-APP\system\CodeIgniter.php(436): CodeIgniter\CodeIgniter->runController(Object(App\Controllers\Pengajuanpkl))
#4 C:\xampp\htdocs\Project_TA\TA-APP\system\CodeIgniter.php(336): CodeIgniter\CodeIgniter->handleRequest(NULL, Object(Config\Cache), false)
#5 C:\xampp\htdocs\Project_TA\TA-APP\public\index.php(37): CodeIgniter\CodeIgniter->run()
#6 C:\xampp\htdocs\Project_TA\TA-APP\system\Commands\Server\rewrite.php(45): require_once('C:\\xampp\\htdocs...')
#7 {main}
CRITICAL - 2021-10-19 06:57:07 --> unlink(./foto/1633780760_4cbe41d78d68bb4a9664.jpg): No such file or directory
#0 [internal function]: CodeIgniter\Debug\Exceptions->errorHandler(2, 'unlink(./foto/1...', 'C:\\xampp\\htdocs...', 63)
#1 C:\xampp\htdocs\Project_TA\TA-APP\app\Controllers\Pengajuanpkl.php(63): unlink('./foto/16337807...')
#2 C:\xampp\htdocs\Project_TA\TA-APP\system\CodeIgniter.php(928): App\Controllers\Pengajuanpkl->updateFoto('1')
#3 C:\xampp\htdocs\Project_TA\TA-APP\system\CodeIgniter.php(436): CodeIgniter\CodeIgniter->runController(Object(App\Controllers\Pengajuanpkl))
#4 C:\xampp\htdocs\Project_TA\TA-APP\system\CodeIgniter.php(336): CodeIgniter\CodeIgniter->handleRequest(NULL, Object(Config\Cache), false)
#5 C:\xampp\htdocs\Project_TA\TA-APP\public\index.php(37): CodeIgniter\CodeIgniter->run()
#6 C:\xampp\htdocs\Project_TA\TA-APP\system\Commands\Server\rewrite.php(45): require_once('C:\\xampp\\htdocs...')
#7 {main}
