CRITICAL - 2021-10-12 23:00:11 --> Class "App\Models\ModelAbsen" not found
#0 C:\xampp\htdocs\Project_TA\TA-APP\system\CodeIgniter.php(900): App\Controllers\Absen->__construct()
#1 C:\xampp\htdocs\Project_TA\TA-APP\system\CodeIgniter.php(426): CodeIgniter\CodeIgniter->createController()
#2 C:\xampp\htdocs\Project_TA\TA-APP\system\CodeIgniter.php(336): CodeIgniter\CodeIgniter->handleRequest(NULL, Object(Config\Cache), false)
#3 C:\xampp\htdocs\Project_TA\TA-APP\public\index.php(37): CodeIgniter\CodeIgniter->run()
#4 C:\xampp\htdocs\Project_TA\TA-APP\system\Commands\Server\rewrite.php(45): require_once('C:\\xampp\\htdocs...')
#5 {main}
CRITICAL - 2021-10-12 23:00:32 --> Class "App\Controllers\ModelAbsensi" not found
#0 C:\xampp\htdocs\Project_TA\TA-APP\system\CodeIgniter.php(900): App\Controllers\Absen->__construct()
#1 C:\xampp\htdocs\Project_TA\TA-APP\system\CodeIgniter.php(426): CodeIgniter\CodeIgniter->createController()
#2 C:\xampp\htdocs\Project_TA\TA-APP\system\CodeIgniter.php(336): CodeIgniter\CodeIgniter->handleRequest(NULL, Object(Config\Cache), false)
#3 C:\xampp\htdocs\Project_TA\TA-APP\public\index.php(37): CodeIgniter\CodeIgniter->run()
#4 C:\xampp\htdocs\Project_TA\TA-APP\system\Commands\Server\rewrite.php(45): require_once('C:\\xampp\\htdocs...')
#5 {main}
CRITICAL - 2021-10-12 23:01:19 --> Undefined property: App\Controllers\Absen::$ModelAbsen
#0 C:\xampp\htdocs\Project_TA\TA-APP\app\Controllers\Absen.php(21): CodeIgniter\Debug\Exceptions->errorHandler(2, 'Undefined prope...', 'C:\\xampp\\htdocs...', 21)
#1 C:\xampp\htdocs\Project_TA\TA-APP\system\CodeIgniter.php(928): App\Controllers\Absen->index()
#2 C:\xampp\htdocs\Project_TA\TA-APP\system\CodeIgniter.php(436): CodeIgniter\CodeIgniter->runController(Object(App\Controllers\Absen))
#3 C:\xampp\htdocs\Project_TA\TA-APP\system\CodeIgniter.php(336): CodeIgniter\CodeIgniter->handleRequest(NULL, Object(Config\Cache), false)
#4 C:\xampp\htdocs\Project_TA\TA-APP\public\index.php(37): CodeIgniter\CodeIgniter->run()
#5 C:\xampp\htdocs\Project_TA\TA-APP\system\Commands\Server\rewrite.php(45): require_once('C:\\xampp\\htdocs...')
#6 {main}
