ERROR - 2021-09-03 01:54:45 --> Error connecting to the database: No connection could be made because the target machine actively refused it
CRITICAL - 2021-09-03 01:54:45 --> Unable to connect to the database.
Main connection [MySQLi]: No connection could be made because the target machine actively refused it
#0 C:\xampp\htdocs\Project_TA\TA-APP\system\Database\BaseConnection.php(625): CodeIgniter\Database\BaseConnection->initialize()
#1 C:\xampp\htdocs\Project_TA\TA-APP\system\Database\BaseBuilder.php(1881): CodeIgniter\Database\BaseConnection->query('SELECT *\nFROM `...', Array, false)
#2 C:\xampp\htdocs\Project_TA\TA-APP\app\Models\ModelTa.php(45): CodeIgniter\Database\BaseBuilder->get()
#3 C:\xampp\htdocs\Project_TA\TA-APP\app\Controllers\Pendaftaran.php(23): App\Models\ModelTa->statusTa()
#4 C:\xampp\htdocs\Project_TA\TA-APP\system\CodeIgniter.php(928): App\Controllers\Pendaftaran->index()
#5 C:\xampp\htdocs\Project_TA\TA-APP\system\CodeIgniter.php(436): CodeIgniter\CodeIgniter->runController(Object(App\Controllers\Pendaftaran))
#6 C:\xampp\htdocs\Project_TA\TA-APP\system\CodeIgniter.php(336): CodeIgniter\CodeIgniter->handleRequest(NULL, Object(Config\Cache), false)
#7 C:\xampp\htdocs\Project_TA\TA-APP\public\index.php(37): CodeIgniter\CodeIgniter->run()
#8 C:\xampp\htdocs\Project_TA\TA-APP\system\Commands\Server\rewrite.php(45): require_once('C:\\xampp\\htdocs...')
#9 {main}
ERROR - 2021-09-03 08:33:36 --> Error connecting to the database: No connection could be made because the target machine actively refused it
CRITICAL - 2021-09-03 08:33:36 --> Unable to connect to the database.
Main connection [MySQLi]: No connection could be made because the target machine actively refused it
#0 C:\xampp\htdocs\Project_TA\TA-APP\system\Database\BaseConnection.php(625): CodeIgniter\Database\BaseConnection->initialize()
#1 C:\xampp\htdocs\Project_TA\TA-APP\system\Database\BaseBuilder.php(1881): CodeIgniter\Database\BaseConnection->query('SELECT *\nFROM `...', Array, false)
#2 C:\xampp\htdocs\Project_TA\TA-APP\app\Models\ModelTa.php(45): CodeIgniter\Database\BaseBuilder->get()
#3 C:\xampp\htdocs\Project_TA\TA-APP\app\Controllers\Pendaftaran.php(23): App\Models\ModelTa->statusTa()
#4 C:\xampp\htdocs\Project_TA\TA-APP\system\CodeIgniter.php(928): App\Controllers\Pendaftaran->index()
#5 C:\xampp\htdocs\Project_TA\TA-APP\system\CodeIgniter.php(436): CodeIgniter\CodeIgniter->runController(Object(App\Controllers\Pendaftaran))
#6 C:\xampp\htdocs\Project_TA\TA-APP\system\CodeIgniter.php(336): CodeIgniter\CodeIgniter->handleRequest(NULL, Object(Config\Cache), false)
#7 C:\xampp\htdocs\Project_TA\TA-APP\public\index.php(37): CodeIgniter\CodeIgniter->run()
#8 C:\xampp\htdocs\Project_TA\TA-APP\system\Commands\Server\rewrite.php(45): require_once('C:\\xampp\\htdocs...')
#9 {main}
ERROR - 2021-09-03 08:35:49 --> Error connecting to the database: No connection could be made because the target machine actively refused it
CRITICAL - 2021-09-03 08:35:49 --> Unable to connect to the database.
Main connection [MySQLi]: No connection could be made because the target machine actively refused it
#0 C:\xampp\htdocs\Project_TA\TA-APP\system\Database\BaseConnection.php(625): CodeIgniter\Database\BaseConnection->initialize()
#1 C:\xampp\htdocs\Project_TA\TA-APP\system\Database\BaseBuilder.php(1881): CodeIgniter\Database\BaseConnection->query('SELECT *\nFROM `...', Array, false)
#2 C:\xampp\htdocs\Project_TA\TA-APP\app\Models\ModelTa.php(45): CodeIgniter\Database\BaseBuilder->get()
#3 C:\xampp\htdocs\Project_TA\TA-APP\app\Controllers\Pendaftaran.php(23): App\Models\ModelTa->statusTa()
#4 C:\xampp\htdocs\Project_TA\TA-APP\system\CodeIgniter.php(928): App\Controllers\Pendaftaran->index()
#5 C:\xampp\htdocs\Project_TA\TA-APP\system\CodeIgniter.php(436): CodeIgniter\CodeIgniter->runController(Object(App\Controllers\Pendaftaran))
#6 C:\xampp\htdocs\Project_TA\TA-APP\system\CodeIgniter.php(336): CodeIgniter\CodeIgniter->handleRequest(NULL, Object(Config\Cache), false)
#7 C:\xampp\htdocs\Project_TA\TA-APP\public\index.php(37): CodeIgniter\CodeIgniter->run()
#8 C:\xampp\htdocs\Project_TA\TA-APP\system\Commands\Server\rewrite.php(45): require_once('C:\\xampp\\htdocs...')
#9 {main}
CRITICAL - 2021-09-03 10:01:19 --> Undefined variable $pekerjaan
#0 C:\xampp\htdocs\Project_TA\TA-APP\app\Views\admin\v_data_peserta.php(47): CodeIgniter\Debug\Exceptions->errorHandler(2, 'Undefined varia...', 'C:\\xampp\\htdocs...', 47)
#1 C:\xampp\htdocs\Project_TA\TA-APP\system\View\View.php(230): include('C:\\xampp\\htdocs...')
#2 C:\xampp\htdocs\Project_TA\TA-APP\system\View\View.php(232): CodeIgniter\View\View->CodeIgniter\View\{closure}()
#3 C:\xampp\htdocs\Project_TA\TA-APP\system\Common.php(1271): CodeIgniter\View\View->render('admin/v_data_pe...', Array, true)
#4 C:\xampp\htdocs\Project_TA\TA-APP\app\Controllers\Data_peserta.php(23): view('admin/v_data_pe...', Array)
#5 C:\xampp\htdocs\Project_TA\TA-APP\system\CodeIgniter.php(928): App\Controllers\Data_peserta->index()
#6 C:\xampp\htdocs\Project_TA\TA-APP\system\CodeIgniter.php(436): CodeIgniter\CodeIgniter->runController(Object(App\Controllers\Data_peserta))
#7 C:\xampp\htdocs\Project_TA\TA-APP\system\CodeIgniter.php(336): CodeIgniter\CodeIgniter->handleRequest(NULL, Object(Config\Cache), false)
#8 C:\xampp\htdocs\Project_TA\TA-APP\public\index.php(37): CodeIgniter\CodeIgniter->run()
#9 C:\xampp\htdocs\Project_TA\TA-APP\system\Commands\Server\rewrite.php(45): require_once('C:\\xampp\\htdocs...')
#10 {main}
CRITICAL - 2021-09-03 10:02:26 --> Undefined variable $pekerjaan
#0 C:\xampp\htdocs\Project_TA\TA-APP\app\Views\admin\v_data_peserta.php(94): CodeIgniter\Debug\Exceptions->errorHandler(2, 'Undefined varia...', 'C:\\xampp\\htdocs...', 94)
#1 C:\xampp\htdocs\Project_TA\TA-APP\system\View\View.php(230): include('C:\\xampp\\htdocs...')
#2 C:\xampp\htdocs\Project_TA\TA-APP\system\View\View.php(232): CodeIgniter\View\View->CodeIgniter\View\{closure}()
#3 C:\xampp\htdocs\Project_TA\TA-APP\system\Common.php(1271): CodeIgniter\View\View->render('admin/v_data_pe...', Array, true)
#4 C:\xampp\htdocs\Project_TA\TA-APP\app\Controllers\Data_peserta.php(23): view('admin/v_data_pe...', Array)
#5 C:\xampp\htdocs\Project_TA\TA-APP\system\CodeIgniter.php(928): App\Controllers\Data_peserta->index()
#6 C:\xampp\htdocs\Project_TA\TA-APP\system\CodeIgniter.php(436): CodeIgniter\CodeIgniter->runController(Object(App\Controllers\Data_peserta))
#7 C:\xampp\htdocs\Project_TA\TA-APP\system\CodeIgniter.php(336): CodeIgniter\CodeIgniter->handleRequest(NULL, Object(Config\Cache), false)
#8 C:\xampp\htdocs\Project_TA\TA-APP\public\index.php(37): CodeIgniter\CodeIgniter->run()
#9 C:\xampp\htdocs\Project_TA\TA-APP\system\Commands\Server\rewrite.php(45): require_once('C:\\xampp\\htdocs...')
#10 {main}
CRITICAL - 2021-09-03 10:23:20 --> Undefined variable $user
#0 C:\xampp\htdocs\Project_TA\TA-APP\app\Views\admin\v_data_peserta.php(53): CodeIgniter\Debug\Exceptions->errorHandler(2, 'Undefined varia...', 'C:\\xampp\\htdocs...', 53)
#1 C:\xampp\htdocs\Project_TA\TA-APP\system\View\View.php(230): include('C:\\xampp\\htdocs...')
#2 C:\xampp\htdocs\Project_TA\TA-APP\system\View\View.php(232): CodeIgniter\View\View->CodeIgniter\View\{closure}()
#3 C:\xampp\htdocs\Project_TA\TA-APP\system\Common.php(1271): CodeIgniter\View\View->render('admin/v_data_pe...', Array, true)
#4 C:\xampp\htdocs\Project_TA\TA-APP\app\Controllers\Data_peserta.php(23): view('admin/v_data_pe...', Array)
#5 C:\xampp\htdocs\Project_TA\TA-APP\system\CodeIgniter.php(928): App\Controllers\Data_peserta->index()
#6 C:\xampp\htdocs\Project_TA\TA-APP\system\CodeIgniter.php(436): CodeIgniter\CodeIgniter->runController(Object(App\Controllers\Data_peserta))
#7 C:\xampp\htdocs\Project_TA\TA-APP\system\CodeIgniter.php(336): CodeIgniter\CodeIgniter->handleRequest(NULL, Object(Config\Cache), false)
#8 C:\xampp\htdocs\Project_TA\TA-APP\public\index.php(37): CodeIgniter\CodeIgniter->run()
#9 C:\xampp\htdocs\Project_TA\TA-APP\system\Commands\Server\rewrite.php(45): require_once('C:\\xampp\\htdocs...')
#10 {main}
CRITICAL - 2021-09-03 10:27:40 --> Undefined variable $user
#0 C:\xampp\htdocs\Project_TA\TA-APP\app\Views\admin\v_data_peserta.php(49): CodeIgniter\Debug\Exceptions->errorHandler(2, 'Undefined varia...', 'C:\\xampp\\htdocs...', 49)
#1 C:\xampp\htdocs\Project_TA\TA-APP\system\View\View.php(230): include('C:\\xampp\\htdocs...')
#2 C:\xampp\htdocs\Project_TA\TA-APP\system\View\View.php(232): CodeIgniter\View\View->CodeIgniter\View\{closure}()
#3 C:\xampp\htdocs\Project_TA\TA-APP\system\Common.php(1271): CodeIgniter\View\View->render('admin/v_data_pe...', Array, true)
#4 C:\xampp\htdocs\Project_TA\TA-APP\app\Controllers\Data_peserta.php(23): view('admin/v_data_pe...', Array)
#5 C:\xampp\htdocs\Project_TA\TA-APP\system\CodeIgniter.php(928): App\Controllers\Data_peserta->index()
#6 C:\xampp\htdocs\Project_TA\TA-APP\system\CodeIgniter.php(436): CodeIgniter\CodeIgniter->runController(Object(App\Controllers\Data_peserta))
#7 C:\xampp\htdocs\Project_TA\TA-APP\system\CodeIgniter.php(336): CodeIgniter\CodeIgniter->handleRequest(NULL, Object(Config\Cache), false)
#8 C:\xampp\htdocs\Project_TA\TA-APP\public\index.php(37): CodeIgniter\CodeIgniter->run()
#9 C:\xampp\htdocs\Project_TA\TA-APP\system\Commands\Server\rewrite.php(45): require_once('C:\\xampp\\htdocs...')
#10 {main}
CRITICAL - 2021-09-03 10:29:37 --> Undefined variable $user
#0 C:\xampp\htdocs\Project_TA\TA-APP\app\Views\admin\v_data_peserta.php(49): CodeIgniter\Debug\Exceptions->errorHandler(2, 'Undefined varia...', 'C:\\xampp\\htdocs...', 49)
#1 C:\xampp\htdocs\Project_TA\TA-APP\system\View\View.php(230): include('C:\\xampp\\htdocs...')
#2 C:\xampp\htdocs\Project_TA\TA-APP\system\View\View.php(232): CodeIgniter\View\View->CodeIgniter\View\{closure}()
#3 C:\xampp\htdocs\Project_TA\TA-APP\system\Common.php(1271): CodeIgniter\View\View->render('admin/v_data_pe...', Array, true)
#4 C:\xampp\htdocs\Project_TA\TA-APP\app\Controllers\Data_peserta.php(23): view('admin/v_data_pe...', Array)
#5 C:\xampp\htdocs\Project_TA\TA-APP\system\CodeIgniter.php(928): App\Controllers\Data_peserta->index()
#6 C:\xampp\htdocs\Project_TA\TA-APP\system\CodeIgniter.php(436): CodeIgniter\CodeIgniter->runController(Object(App\Controllers\Data_peserta))
#7 C:\xampp\htdocs\Project_TA\TA-APP\system\CodeIgniter.php(336): CodeIgniter\CodeIgniter->handleRequest(NULL, Object(Config\Cache), false)
#8 C:\xampp\htdocs\Project_TA\TA-APP\public\index.php(37): CodeIgniter\CodeIgniter->run()
#9 C:\xampp\htdocs\Project_TA\TA-APP\system\Commands\Server\rewrite.php(45): require_once('C:\\xampp\\htdocs...')
#10 {main}
CRITICAL - 2021-09-03 10:36:58 --> Undefined variable $user
#0 C:\xampp\htdocs\Project_TA\TA-APP\app\Views\admin\v_data_peserta.php(128): CodeIgniter\Debug\Exceptions->errorHandler(2, 'Undefined varia...', 'C:\\xampp\\htdocs...', 128)
#1 C:\xampp\htdocs\Project_TA\TA-APP\system\View\View.php(230): include('C:\\xampp\\htdocs...')
#2 C:\xampp\htdocs\Project_TA\TA-APP\system\View\View.php(232): CodeIgniter\View\View->CodeIgniter\View\{closure}()
#3 C:\xampp\htdocs\Project_TA\TA-APP\system\Common.php(1271): CodeIgniter\View\View->render('admin/v_data_pe...', Array, true)
#4 C:\xampp\htdocs\Project_TA\TA-APP\app\Controllers\Data_peserta.php(23): view('admin/v_data_pe...', Array)
#5 C:\xampp\htdocs\Project_TA\TA-APP\system\CodeIgniter.php(928): App\Controllers\Data_peserta->index()
#6 C:\xampp\htdocs\Project_TA\TA-APP\system\CodeIgniter.php(436): CodeIgniter\CodeIgniter->runController(Object(App\Controllers\Data_peserta))
#7 C:\xampp\htdocs\Project_TA\TA-APP\system\CodeIgniter.php(336): CodeIgniter\CodeIgniter->handleRequest(NULL, Object(Config\Cache), false)
#8 C:\xampp\htdocs\Project_TA\TA-APP\public\index.php(37): CodeIgniter\CodeIgniter->run()
#9 C:\xampp\htdocs\Project_TA\TA-APP\system\Commands\Server\rewrite.php(45): require_once('C:\\xampp\\htdocs...')
#10 {main}
ERROR - 2021-09-03 10:40:01 --> Operand should contain 1 column(s)
CRITICAL - 2021-09-03 10:40:01 --> Operand should contain 1 column(s)
#0 C:\xampp\htdocs\Project_TA\TA-APP\system\Database\MySQLi\Connection.php(329): mysqli->query('INSERT INTO `tb...')
#1 C:\xampp\htdocs\Project_TA\TA-APP\system\Database\BaseConnection.php(732): CodeIgniter\Database\MySQLi\Connection->execute('INSERT INTO `tb...')
#2 C:\xampp\htdocs\Project_TA\TA-APP\system\Database\BaseConnection.php(647): CodeIgniter\Database\BaseConnection->simpleQuery('INSERT INTO `tb...')
#3 C:\xampp\htdocs\Project_TA\TA-APP\system\Database\BaseBuilder.php(2277): CodeIgniter\Database\BaseConnection->query('INSERT INTO `tb...', Array, false)
#4 C:\xampp\htdocs\Project_TA\TA-APP\app\Models\ModelData_Peserta.php(20): CodeIgniter\Database\BaseBuilder->insert(Array)
#5 C:\xampp\htdocs\Project_TA\TA-APP\app\Controllers\Data_peserta.php(31): App\Models\ModelData_Peserta->insertData(Array)
#6 C:\xampp\htdocs\Project_TA\TA-APP\system\CodeIgniter.php(928): App\Controllers\Data_peserta->insertData()
#7 C:\xampp\htdocs\Project_TA\TA-APP\system\CodeIgniter.php(436): CodeIgniter\CodeIgniter->runController(Object(App\Controllers\Data_peserta))
#8 C:\xampp\htdocs\Project_TA\TA-APP\system\CodeIgniter.php(336): CodeIgniter\CodeIgniter->handleRequest(NULL, Object(Config\Cache), false)
#9 C:\xampp\htdocs\Project_TA\TA-APP\public\index.php(37): CodeIgniter\CodeIgniter->run()
#10 C:\xampp\htdocs\Project_TA\TA-APP\system\Commands\Server\rewrite.php(45): require_once('C:\\xampp\\htdocs...')
#11 {main}
ERROR - 2021-09-03 10:42:05 --> Operand should contain 1 column(s)
CRITICAL - 2021-09-03 10:42:05 --> Operand should contain 1 column(s)
#0 C:\xampp\htdocs\Project_TA\TA-APP\system\Database\MySQLi\Connection.php(329): mysqli->query('INSERT INTO `tb...')
#1 C:\xampp\htdocs\Project_TA\TA-APP\system\Database\BaseConnection.php(732): CodeIgniter\Database\MySQLi\Connection->execute('INSERT INTO `tb...')
#2 C:\xampp\htdocs\Project_TA\TA-APP\system\Database\BaseConnection.php(647): CodeIgniter\Database\BaseConnection->simpleQuery('INSERT INTO `tb...')
#3 C:\xampp\htdocs\Project_TA\TA-APP\system\Database\BaseBuilder.php(2277): CodeIgniter\Database\BaseConnection->query('INSERT INTO `tb...', Array, false)
#4 C:\xampp\htdocs\Project_TA\TA-APP\app\Models\ModelData_Peserta.php(20): CodeIgniter\Database\BaseBuilder->insert(Array)
#5 C:\xampp\htdocs\Project_TA\TA-APP\app\Controllers\Data_peserta.php(31): App\Models\ModelData_Peserta->insertData(Array)
#6 C:\xampp\htdocs\Project_TA\TA-APP\system\CodeIgniter.php(928): App\Controllers\Data_peserta->insertData()
#7 C:\xampp\htdocs\Project_TA\TA-APP\system\CodeIgniter.php(436): CodeIgniter\CodeIgniter->runController(Object(App\Controllers\Data_peserta))
#8 C:\xampp\htdocs\Project_TA\TA-APP\system\CodeIgniter.php(336): CodeIgniter\CodeIgniter->handleRequest(NULL, Object(Config\Cache), false)
#9 C:\xampp\htdocs\Project_TA\TA-APP\public\index.php(37): CodeIgniter\CodeIgniter->run()
#10 C:\xampp\htdocs\Project_TA\TA-APP\system\Commands\Server\rewrite.php(45): require_once('C:\\xampp\\htdocs...')
#11 {main}
ERROR - 2021-09-03 10:45:36 --> Operand should contain 1 column(s)
CRITICAL - 2021-09-03 10:45:36 --> Operand should contain 1 column(s)
#0 C:\xampp\htdocs\Project_TA\TA-APP\system\Database\MySQLi\Connection.php(329): mysqli->query('INSERT INTO `tb...')
#1 C:\xampp\htdocs\Project_TA\TA-APP\system\Database\BaseConnection.php(732): CodeIgniter\Database\MySQLi\Connection->execute('INSERT INTO `tb...')
#2 C:\xampp\htdocs\Project_TA\TA-APP\system\Database\BaseConnection.php(647): CodeIgniter\Database\BaseConnection->simpleQuery('INSERT INTO `tb...')
#3 C:\xampp\htdocs\Project_TA\TA-APP\system\Database\BaseBuilder.php(2277): CodeIgniter\Database\BaseConnection->query('INSERT INTO `tb...', Array, false)
#4 C:\xampp\htdocs\Project_TA\TA-APP\app\Models\ModelData_Peserta.php(20): CodeIgniter\Database\BaseBuilder->insert(Array)
#5 C:\xampp\htdocs\Project_TA\TA-APP\app\Controllers\Data_peserta.php(31): App\Models\ModelData_Peserta->insertData(Array)
#6 C:\xampp\htdocs\Project_TA\TA-APP\system\CodeIgniter.php(928): App\Controllers\Data_peserta->insertData()
#7 C:\xampp\htdocs\Project_TA\TA-APP\system\CodeIgniter.php(436): CodeIgniter\CodeIgniter->runController(Object(App\Controllers\Data_peserta))
#8 C:\xampp\htdocs\Project_TA\TA-APP\system\CodeIgniter.php(336): CodeIgniter\CodeIgniter->handleRequest(NULL, Object(Config\Cache), false)
#9 C:\xampp\htdocs\Project_TA\TA-APP\public\index.php(37): CodeIgniter\CodeIgniter->run()
#10 C:\xampp\htdocs\Project_TA\TA-APP\system\Commands\Server\rewrite.php(45): require_once('C:\\xampp\\htdocs...')
#11 {main}
CRITICAL - 2021-09-03 10:46:07 --> Undefined array key "nama_user"
#0 C:\xampp\htdocs\Project_TA\TA-APP\app\Views\admin\v_data_peserta.php(55): CodeIgniter\Debug\Exceptions->errorHandler(2, 'Undefined array...', 'C:\\xampp\\htdocs...', 55)
#1 C:\xampp\htdocs\Project_TA\TA-APP\system\View\View.php(230): include('C:\\xampp\\htdocs...')
#2 C:\xampp\htdocs\Project_TA\TA-APP\system\View\View.php(232): CodeIgniter\View\View->CodeIgniter\View\{closure}()
#3 C:\xampp\htdocs\Project_TA\TA-APP\system\Common.php(1271): CodeIgniter\View\View->render('admin/v_data_pe...', Array, true)
#4 C:\xampp\htdocs\Project_TA\TA-APP\app\Controllers\Data_peserta.php(23): view('admin/v_data_pe...', Array)
#5 C:\xampp\htdocs\Project_TA\TA-APP\system\CodeIgniter.php(928): App\Controllers\Data_peserta->index()
#6 C:\xampp\htdocs\Project_TA\TA-APP\system\CodeIgniter.php(436): CodeIgniter\CodeIgniter->runController(Object(App\Controllers\Data_peserta))
#7 C:\xampp\htdocs\Project_TA\TA-APP\system\CodeIgniter.php(336): CodeIgniter\CodeIgniter->handleRequest(NULL, Object(Config\Cache), false)
#8 C:\xampp\htdocs\Project_TA\TA-APP\public\index.php(37): CodeIgniter\CodeIgniter->run()
#9 C:\xampp\htdocs\Project_TA\TA-APP\system\Commands\Server\rewrite.php(45): require_once('C:\\xampp\\htdocs...')
#10 {main}
CRITICAL - 2021-09-03 10:49:49 --> Undefined array key "nama_peserta"
#0 C:\xampp\htdocs\Project_TA\TA-APP\app\Views\admin\v_data_peserta.php(56): CodeIgniter\Debug\Exceptions->errorHandler(2, 'Undefined array...', 'C:\\xampp\\htdocs...', 56)
#1 C:\xampp\htdocs\Project_TA\TA-APP\system\View\View.php(230): include('C:\\xampp\\htdocs...')
#2 C:\xampp\htdocs\Project_TA\TA-APP\system\View\View.php(232): CodeIgniter\View\View->CodeIgniter\View\{closure}()
#3 C:\xampp\htdocs\Project_TA\TA-APP\system\Common.php(1271): CodeIgniter\View\View->render('admin/v_data_pe...', Array, true)
#4 C:\xampp\htdocs\Project_TA\TA-APP\app\Controllers\Data_peserta.php(23): view('admin/v_data_pe...', Array)
#5 C:\xampp\htdocs\Project_TA\TA-APP\system\CodeIgniter.php(928): App\Controllers\Data_peserta->index()
#6 C:\xampp\htdocs\Project_TA\TA-APP\system\CodeIgniter.php(436): CodeIgniter\CodeIgniter->runController(Object(App\Controllers\Data_peserta))
#7 C:\xampp\htdocs\Project_TA\TA-APP\system\CodeIgniter.php(336): CodeIgniter\CodeIgniter->handleRequest(NULL, Object(Config\Cache), false)
#8 C:\xampp\htdocs\Project_TA\TA-APP\public\index.php(37): CodeIgniter\CodeIgniter->run()
#9 C:\xampp\htdocs\Project_TA\TA-APP\system\Commands\Server\rewrite.php(45): require_once('C:\\xampp\\htdocs...')
#10 {main}
CRITICAL - 2021-09-03 10:50:44 --> Undefined array key "npm"
#0 C:\xampp\htdocs\Project_TA\TA-APP\app\Views\admin\v_data_peserta.php(57): CodeIgniter\Debug\Exceptions->errorHandler(2, 'Undefined array...', 'C:\\xampp\\htdocs...', 57)
#1 C:\xampp\htdocs\Project_TA\TA-APP\system\View\View.php(230): include('C:\\xampp\\htdocs...')
#2 C:\xampp\htdocs\Project_TA\TA-APP\system\View\View.php(232): CodeIgniter\View\View->CodeIgniter\View\{closure}()
#3 C:\xampp\htdocs\Project_TA\TA-APP\system\Common.php(1271): CodeIgniter\View\View->render('admin/v_data_pe...', Array, true)
#4 C:\xampp\htdocs\Project_TA\TA-APP\app\Controllers\Data_peserta.php(23): view('admin/v_data_pe...', Array)
#5 C:\xampp\htdocs\Project_TA\TA-APP\system\CodeIgniter.php(928): App\Controllers\Data_peserta->index()
#6 C:\xampp\htdocs\Project_TA\TA-APP\system\CodeIgniter.php(436): CodeIgniter\CodeIgniter->runController(Object(App\Controllers\Data_peserta))
#7 C:\xampp\htdocs\Project_TA\TA-APP\system\CodeIgniter.php(336): CodeIgniter\CodeIgniter->handleRequest(NULL, Object(Config\Cache), false)
#8 C:\xampp\htdocs\Project_TA\TA-APP\public\index.php(37): CodeIgniter\CodeIgniter->run()
#9 C:\xampp\htdocs\Project_TA\TA-APP\system\Commands\Server\rewrite.php(45): require_once('C:\\xampp\\htdocs...')
#10 {main}
CRITICAL - 2021-09-03 10:51:22 --> Undefined array key "foto"
#0 C:\xampp\htdocs\Project_TA\TA-APP\app\Views\admin\v_data_peserta.php(63): CodeIgniter\Debug\Exceptions->errorHandler(2, 'Undefined array...', 'C:\\xampp\\htdocs...', 63)
#1 C:\xampp\htdocs\Project_TA\TA-APP\system\View\View.php(230): include('C:\\xampp\\htdocs...')
#2 C:\xampp\htdocs\Project_TA\TA-APP\system\View\View.php(232): CodeIgniter\View\View->CodeIgniter\View\{closure}()
#3 C:\xampp\htdocs\Project_TA\TA-APP\system\Common.php(1271): CodeIgniter\View\View->render('admin/v_data_pe...', Array, true)
#4 C:\xampp\htdocs\Project_TA\TA-APP\app\Controllers\Data_peserta.php(23): view('admin/v_data_pe...', Array)
#5 C:\xampp\htdocs\Project_TA\TA-APP\system\CodeIgniter.php(928): App\Controllers\Data_peserta->index()
#6 C:\xampp\htdocs\Project_TA\TA-APP\system\CodeIgniter.php(436): CodeIgniter\CodeIgniter->runController(Object(App\Controllers\Data_peserta))
#7 C:\xampp\htdocs\Project_TA\TA-APP\system\CodeIgniter.php(336): CodeIgniter\CodeIgniter->handleRequest(NULL, Object(Config\Cache), false)
#8 C:\xampp\htdocs\Project_TA\TA-APP\public\index.php(37): CodeIgniter\CodeIgniter->run()
#9 C:\xampp\htdocs\Project_TA\TA-APP\system\Commands\Server\rewrite.php(45): require_once('C:\\xampp\\htdocs...')
#10 {main}
CRITICAL - 2021-09-03 10:51:55 --> Undefined array key "foto"
#0 C:\xampp\htdocs\Project_TA\TA-APP\app\Views\admin\v_data_peserta.php(63): CodeIgniter\Debug\Exceptions->errorHandler(2, 'Undefined array...', 'C:\\xampp\\htdocs...', 63)
#1 C:\xampp\htdocs\Project_TA\TA-APP\system\View\View.php(230): include('C:\\xampp\\htdocs...')
#2 C:\xampp\htdocs\Project_TA\TA-APP\system\View\View.php(232): CodeIgniter\View\View->CodeIgniter\View\{closure}()
#3 C:\xampp\htdocs\Project_TA\TA-APP\system\Common.php(1271): CodeIgniter\View\View->render('admin/v_data_pe...', Array, true)
#4 C:\xampp\htdocs\Project_TA\TA-APP\app\Controllers\Data_peserta.php(23): view('admin/v_data_pe...', Array)
#5 C:\xampp\htdocs\Project_TA\TA-APP\system\CodeIgniter.php(928): App\Controllers\Data_peserta->index()
#6 C:\xampp\htdocs\Project_TA\TA-APP\system\CodeIgniter.php(436): CodeIgniter\CodeIgniter->runController(Object(App\Controllers\Data_peserta))
#7 C:\xampp\htdocs\Project_TA\TA-APP\system\CodeIgniter.php(336): CodeIgniter\CodeIgniter->handleRequest(NULL, Object(Config\Cache), false)
#8 C:\xampp\htdocs\Project_TA\TA-APP\public\index.php(37): CodeIgniter\CodeIgniter->run()
#9 C:\xampp\htdocs\Project_TA\TA-APP\system\Commands\Server\rewrite.php(45): require_once('C:\\xampp\\htdocs...')
#10 {main}
CRITICAL - 2021-09-03 10:52:43 --> Undefined array key "id_user"
#0 C:\xampp\htdocs\Project_TA\TA-APP\app\Views\admin\v_data_peserta.php(135): CodeIgniter\Debug\Exceptions->errorHandler(2, 'Undefined array...', 'C:\\xampp\\htdocs...', 135)
#1 C:\xampp\htdocs\Project_TA\TA-APP\system\View\View.php(230): include('C:\\xampp\\htdocs...')
#2 C:\xampp\htdocs\Project_TA\TA-APP\system\View\View.php(232): CodeIgniter\View\View->CodeIgniter\View\{closure}()
#3 C:\xampp\htdocs\Project_TA\TA-APP\system\Common.php(1271): CodeIgniter\View\View->render('admin/v_data_pe...', Array, true)
#4 C:\xampp\htdocs\Project_TA\TA-APP\app\Controllers\Data_peserta.php(23): view('admin/v_data_pe...', Array)
#5 C:\xampp\htdocs\Project_TA\TA-APP\system\CodeIgniter.php(928): App\Controllers\Data_peserta->index()
#6 C:\xampp\htdocs\Project_TA\TA-APP\system\CodeIgniter.php(436): CodeIgniter\CodeIgniter->runController(Object(App\Controllers\Data_peserta))
#7 C:\xampp\htdocs\Project_TA\TA-APP\system\CodeIgniter.php(336): CodeIgniter\CodeIgniter->handleRequest(NULL, Object(Config\Cache), false)
#8 C:\xampp\htdocs\Project_TA\TA-APP\public\index.php(37): CodeIgniter\CodeIgniter->run()
#9 C:\xampp\htdocs\Project_TA\TA-APP\system\Commands\Server\rewrite.php(45): require_once('C:\\xampp\\htdocs...')
#10 {main}
ERROR - 2021-09-03 20:57:31 --> Error connecting to the database: No connection could be made because the target machine actively refused it
CRITICAL - 2021-09-03 20:57:31 --> Unable to connect to the database.
Main connection [MySQLi]: No connection could be made because the target machine actively refused it
#0 C:\xampp\htdocs\Project_TA\TA-APP\system\Database\BaseConnection.php(625): CodeIgniter\Database\BaseConnection->initialize()
#1 C:\xampp\htdocs\Project_TA\TA-APP\system\Database\BaseBuilder.php(1881): CodeIgniter\Database\BaseConnection->query('SELECT *\nFROM `...', Array, false)
#2 C:\xampp\htdocs\Project_TA\TA-APP\app\Models\ModelTa.php(45): CodeIgniter\Database\BaseBuilder->get()
#3 C:\xampp\htdocs\Project_TA\TA-APP\app\Controllers\Pendaftaran.php(23): App\Models\ModelTa->statusTa()
#4 C:\xampp\htdocs\Project_TA\TA-APP\system\CodeIgniter.php(928): App\Controllers\Pendaftaran->index()
#5 C:\xampp\htdocs\Project_TA\TA-APP\system\CodeIgniter.php(436): CodeIgniter\CodeIgniter->runController(Object(App\Controllers\Pendaftaran))
#6 C:\xampp\htdocs\Project_TA\TA-APP\system\CodeIgniter.php(336): CodeIgniter\CodeIgniter->handleRequest(NULL, Object(Config\Cache), false)
#7 C:\xampp\htdocs\Project_TA\TA-APP\public\index.php(37): CodeIgniter\CodeIgniter->run()
#8 C:\xampp\htdocs\Project_TA\TA-APP\system\Commands\Server\rewrite.php(45): require_once('C:\\xampp\\htdocs...')
#9 {main}
CRITICAL - 2021-09-03 21:07:10 --> Undefined variable $value
#0 C:\xampp\htdocs\Project_TA\TA-APP\app\Views\v_pendaftaran.php(74): CodeIgniter\Debug\Exceptions->errorHandler(2, 'Undefined varia...', 'C:\\xampp\\htdocs...', 74)
#1 C:\xampp\htdocs\Project_TA\TA-APP\system\View\View.php(230): include('C:\\xampp\\htdocs...')
#2 C:\xampp\htdocs\Project_TA\TA-APP\system\View\View.php(232): CodeIgniter\View\View->CodeIgniter\View\{closure}()
#3 C:\xampp\htdocs\Project_TA\TA-APP\system\Common.php(1271): CodeIgniter\View\View->render('v_pendaftaran', Array, true)
#4 C:\xampp\htdocs\Project_TA\TA-APP\app\Controllers\Pendaftaran.php(26): view('v_pendaftaran', Array)
#5 C:\xampp\htdocs\Project_TA\TA-APP\system\CodeIgniter.php(928): App\Controllers\Pendaftaran->index()
#6 C:\xampp\htdocs\Project_TA\TA-APP\system\CodeIgniter.php(436): CodeIgniter\CodeIgniter->runController(Object(App\Controllers\Pendaftaran))
#7 C:\xampp\htdocs\Project_TA\TA-APP\system\CodeIgniter.php(336): CodeIgniter\CodeIgniter->handleRequest(NULL, Object(Config\Cache), false)
#8 C:\xampp\htdocs\Project_TA\TA-APP\public\index.php(37): CodeIgniter\CodeIgniter->run()
#9 C:\xampp\htdocs\Project_TA\TA-APP\system\Commands\Server\rewrite.php(45): require_once('C:\\xampp\\htdocs...')
#10 {main}
CRITICAL - 2021-09-03 21:30:36 --> Undefined variable $ta
#0 C:\xampp\htdocs\Project_TA\TA-APP\app\Views\v_job-tersedia.php(4): CodeIgniter\Debug\Exceptions->errorHandler(2, 'Undefined varia...', 'C:\\xampp\\htdocs...', 4)
#1 C:\xampp\htdocs\Project_TA\TA-APP\system\View\View.php(230): include('C:\\xampp\\htdocs...')
#2 C:\xampp\htdocs\Project_TA\TA-APP\system\View\View.php(232): CodeIgniter\View\View->CodeIgniter\View\{closure}()
#3 C:\xampp\htdocs\Project_TA\TA-APP\system\Common.php(1271): CodeIgniter\View\View->render('v_job-tersedia', Array, true)
#4 C:\xampp\htdocs\Project_TA\TA-APP\app\Controllers\JobTersedia.php(20): view('v_job-tersedia', Array)
#5 C:\xampp\htdocs\Project_TA\TA-APP\system\CodeIgniter.php(928): App\Controllers\JobTersedia->index()
#6 C:\xampp\htdocs\Project_TA\TA-APP\system\CodeIgniter.php(436): CodeIgniter\CodeIgniter->runController(Object(App\Controllers\JobTersedia))
#7 C:\xampp\htdocs\Project_TA\TA-APP\system\CodeIgniter.php(336): CodeIgniter\CodeIgniter->handleRequest(NULL, Object(Config\Cache), false)
#8 C:\xampp\htdocs\Project_TA\TA-APP\public\index.php(37): CodeIgniter\CodeIgniter->run()
#9 C:\xampp\htdocs\Project_TA\TA-APP\system\Commands\Server\rewrite.php(45): require_once('C:\\xampp\\htdocs...')
#10 {main}
CRITICAL - 2021-09-03 21:32:23 --> Undefined variable $ta
#0 C:\xampp\htdocs\Project_TA\TA-APP\app\Views\v_job-tersedia.php(4): CodeIgniter\Debug\Exceptions->errorHandler(2, 'Undefined varia...', 'C:\\xampp\\htdocs...', 4)
#1 C:\xampp\htdocs\Project_TA\TA-APP\system\View\View.php(230): include('C:\\xampp\\htdocs...')
#2 C:\xampp\htdocs\Project_TA\TA-APP\system\View\View.php(232): CodeIgniter\View\View->CodeIgniter\View\{closure}()
#3 C:\xampp\htdocs\Project_TA\TA-APP\system\Common.php(1271): CodeIgniter\View\View->render('v_job-tersedia', Array, true)
#4 C:\xampp\htdocs\Project_TA\TA-APP\app\Controllers\JobTersedia.php(20): view('v_job-tersedia', Array)
#5 C:\xampp\htdocs\Project_TA\TA-APP\system\CodeIgniter.php(928): App\Controllers\JobTersedia->index()
#6 C:\xampp\htdocs\Project_TA\TA-APP\system\CodeIgniter.php(436): CodeIgniter\CodeIgniter->runController(Object(App\Controllers\JobTersedia))
#7 C:\xampp\htdocs\Project_TA\TA-APP\system\CodeIgniter.php(336): CodeIgniter\CodeIgniter->handleRequest(NULL, Object(Config\Cache), false)
#8 C:\xampp\htdocs\Project_TA\TA-APP\public\index.php(37): CodeIgniter\CodeIgniter->run()
#9 C:\xampp\htdocs\Project_TA\TA-APP\system\Commands\Server\rewrite.php(45): require_once('C:\\xampp\\htdocs...')
#10 {main}
CRITICAL - 2021-09-03 21:32:26 --> Undefined variable $ta
#0 C:\xampp\htdocs\Project_TA\TA-APP\app\Views\v_job-tersedia.php(4): CodeIgniter\Debug\Exceptions->errorHandler(2, 'Undefined varia...', 'C:\\xampp\\htdocs...', 4)
#1 C:\xampp\htdocs\Project_TA\TA-APP\system\View\View.php(230): include('C:\\xampp\\htdocs...')
#2 C:\xampp\htdocs\Project_TA\TA-APP\system\View\View.php(232): CodeIgniter\View\View->CodeIgniter\View\{closure}()
#3 C:\xampp\htdocs\Project_TA\TA-APP\system\Common.php(1271): CodeIgniter\View\View->render('v_job-tersedia', Array, true)
#4 C:\xampp\htdocs\Project_TA\TA-APP\app\Controllers\JobTersedia.php(20): view('v_job-tersedia', Array)
#5 C:\xampp\htdocs\Project_TA\TA-APP\system\CodeIgniter.php(928): App\Controllers\JobTersedia->index()
#6 C:\xampp\htdocs\Project_TA\TA-APP\system\CodeIgniter.php(436): CodeIgniter\CodeIgniter->runController(Object(App\Controllers\JobTersedia))
#7 C:\xampp\htdocs\Project_TA\TA-APP\system\CodeIgniter.php(336): CodeIgniter\CodeIgniter->handleRequest(NULL, Object(Config\Cache), false)
#8 C:\xampp\htdocs\Project_TA\TA-APP\public\index.php(37): CodeIgniter\CodeIgniter->run()
#9 C:\xampp\htdocs\Project_TA\TA-APP\system\Commands\Server\rewrite.php(45): require_once('C:\\xampp\\htdocs...')
#10 {main}
CRITICAL - 2021-09-03 21:33:26 --> Undefined variable $ta
#0 C:\xampp\htdocs\Project_TA\TA-APP\app\Views\v_job-tersedia.php(4): CodeIgniter\Debug\Exceptions->errorHandler(2, 'Undefined varia...', 'C:\\xampp\\htdocs...', 4)
#1 C:\xampp\htdocs\Project_TA\TA-APP\system\View\View.php(230): include('C:\\xampp\\htdocs...')
#2 C:\xampp\htdocs\Project_TA\TA-APP\system\View\View.php(232): CodeIgniter\View\View->CodeIgniter\View\{closure}()
#3 C:\xampp\htdocs\Project_TA\TA-APP\system\Common.php(1271): CodeIgniter\View\View->render('v_job-tersedia', Array, true)
#4 C:\xampp\htdocs\Project_TA\TA-APP\app\Controllers\JobTersedia.php(20): view('v_job-tersedia', Array)
#5 C:\xampp\htdocs\Project_TA\TA-APP\system\CodeIgniter.php(928): App\Controllers\JobTersedia->index()
#6 C:\xampp\htdocs\Project_TA\TA-APP\system\CodeIgniter.php(436): CodeIgniter\CodeIgniter->runController(Object(App\Controllers\JobTersedia))
#7 C:\xampp\htdocs\Project_TA\TA-APP\system\CodeIgniter.php(336): CodeIgniter\CodeIgniter->handleRequest(NULL, Object(Config\Cache), false)
#8 C:\xampp\htdocs\Project_TA\TA-APP\public\index.php(37): CodeIgniter\CodeIgniter->run()
#9 C:\xampp\htdocs\Project_TA\TA-APP\system\Commands\Server\rewrite.php(45): require_once('C:\\xampp\\htdocs...')
#10 {main}
